

Microchip MPLAB XC8 Assembler V2.41 build 20230208172133 
                                                                                               Mon Aug 21 21:53:34 2023

Microchip MPLAB XC8 C Compiler v2.41 (Free license) build 20230208172133 Og1 
     1                           	processor	16F1939
     2                           	pagewidth 120
     3                           	opt	flic
     4                           	psect	cinit,global,class=CODE,merge=1,delta=2
     5                           	psect	cstackCOMMON,global,class=COMMON,space=1,delta=1,noexec
     6                           	psect	maintext,global,class=CODE,merge=1,split=1,delta=2
     7                           	psect	text1,local,class=CODE,merge=1,delta=2
     8                           	psect	text2,local,class=CODE,merge=1,delta=2
     9                           	psect	config,global,abs,ovrld,class=CONFIG,space=4,delta=2,noexec
    10                           	dabs	1,0x7E,2
    11     0000                     
    12                           ; Generated 06/07/2023 GMT
    13                           ; 
    14                           ; Copyright © 2023, Microchip Technology Inc. and its subsidiaries ("Microchip")
    15                           ; All rights reserved.
    16                           ; 
    17                           ; This software is developed by Microchip Technology Inc. and its subsidiaries ("Microch
      +                          ip").
    18                           ; 
    19                           ; Redistribution and use in source and binary forms, with or without modification, are
    20                           ; permitted provided that the following conditions are met:
    21                           ; 
    22                           ;     1. Redistributions of source code must retain the above copyright notice, this lis
      +                          t of
    23                           ;        conditions and the following disclaimer.
    24                           ; 
    25                           ;     2. Redistributions in binary form must reproduce the above copyright notice, this 
      +                          list
    26                           ;        of conditions and the following disclaimer in the documentation and/or other
    27                           ;        materials provided with the distribution. Publication is not required when
    28                           ;        this file is used in an embedded application.
    29                           ; 
    30                           ;     3. Microchip's name may not be used to endorse or promote products derived from th
      +                          is
    31                           ;        software without specific prior written permission.
    32                           ; 
    33                           ; THIS SOFTWARE IS PROVIDED BY MICROCHIP "AS IS" AND ANY EXPRESS OR IMPLIED WARRANTIES,
    34                           ; INCLUDING, BUT NOT LIMITED TO, THE IMPLIED WARRANTIES OF MERCHANTABILITY AND FITNESS F
      +                          OR
    35                           ; PURPOSE ARE DISCLAIMED.  IN NO EVENT SHALL MICROCHIP BE LIABLE FOR ANY DIRECT, INDIREC
      +                          T,
    36                           ; INCIDENTAL, SPECIAL, EXEMPLARY, OR CONSEQUENTIAL DAMAGES (INCLUDING BUT NOT LIMITED TO
    37                           ; PROCUREMENT OF SUBSTITUTE GOODS OR SERVICES; LOSS OF USE, DATA OR PROFITS; OR BUSINESS
    38                           ; INTERRUPTION) HOWSOEVER CAUSED AND ON ANY THEORY OF LIABILITY, WHETHER IN CONTRACT, ST
      +                          RICT
    39                           ; LIABILITY, OR TORT (INCLUDING NEGLIGENCE OR OTHERWISE) ARISING IN ANY WAY OUT OF THE U
      +                          SE OF
    40                           ; THIS SOFTWARE, EVEN IF ADVISED OF THE POSSIBILITY OF SUCH DAMAGE.
    41                           ; 
    42                           ; 
    43                           ; Code-generator required, PIC16F1939 Definitions
    44                           ; 
    45                           ; SFR Addresses
    46     0000                     	;# 
    47     0001                     	;# 
    48     0002                     	;# 
    49     0003                     	;# 
    50     0004                     	;# 
    51     0005                     	;# 
    52     0006                     	;# 
    53     0007                     	;# 
    54     0008                     	;# 
    55     0009                     	;# 
    56     000A                     	;# 
    57     000B                     	;# 
    58     000C                     	;# 
    59     000D                     	;# 
    60     000E                     	;# 
    61     000F                     	;# 
    62     0010                     	;# 
    63     0011                     	;# 
    64     0012                     	;# 
    65     0013                     	;# 
    66     0015                     	;# 
    67     0016                     	;# 
    68     0016                     	;# 
    69     0017                     	;# 
    70     0018                     	;# 
    71     0019                     	;# 
    72     001A                     	;# 
    73     001B                     	;# 
    74     001C                     	;# 
    75     001E                     	;# 
    76     001F                     	;# 
    77     008C                     	;# 
    78     008D                     	;# 
    79     008E                     	;# 
    80     008F                     	;# 
    81     0090                     	;# 
    82     0091                     	;# 
    83     0092                     	;# 
    84     0093                     	;# 
    85     0095                     	;# 
    86     0096                     	;# 
    87     0097                     	;# 
    88     0098                     	;# 
    89     0099                     	;# 
    90     009A                     	;# 
    91     009B                     	;# 
    92     009B                     	;# 
    93     009C                     	;# 
    94     009D                     	;# 
    95     009E                     	;# 
    96     010C                     	;# 
    97     010D                     	;# 
    98     010E                     	;# 
    99     010F                     	;# 
   100     0110                     	;# 
   101     0111                     	;# 
   102     0112                     	;# 
   103     0113                     	;# 
   104     0114                     	;# 
   105     0115                     	;# 
   106     0116                     	;# 
   107     0117                     	;# 
   108     0118                     	;# 
   109     0119                     	;# 
   110     011A                     	;# 
   111     011B                     	;# 
   112     011D                     	;# 
   113     018C                     	;# 
   114     018D                     	;# 
   115     018F                     	;# 
   116     0190                     	;# 
   117     0191                     	;# 
   118     0191                     	;# 
   119     0192                     	;# 
   120     0193                     	;# 
   121     0193                     	;# 
   122     0193                     	;# 
   123     0194                     	;# 
   124     0195                     	;# 
   125     0196                     	;# 
   126     0199                     	;# 
   127     019A                     	;# 
   128     019B                     	;# 
   129     019B                     	;# 
   130     019B                     	;# 
   131     019B                     	;# 
   132     019C                     	;# 
   133     019C                     	;# 
   134     019D                     	;# 
   135     019E                     	;# 
   136     019F                     	;# 
   137     020D                     	;# 
   138     0210                     	;# 
   139     0211                     	;# 
   140     0212                     	;# 
   141     0213                     	;# 
   142     0214                     	;# 
   143     0215                     	;# 
   144     0215                     	;# 
   145     0216                     	;# 
   146     0217                     	;# 
   147     0291                     	;# 
   148     0291                     	;# 
   149     0292                     	;# 
   150     0293                     	;# 
   151     0294                     	;# 
   152     0295                     	;# 
   153     0295                     	;# 
   154     0296                     	;# 
   155     0298                     	;# 
   156     0298                     	;# 
   157     0299                     	;# 
   158     029A                     	;# 
   159     029B                     	;# 
   160     029C                     	;# 
   161     029C                     	;# 
   162     029D                     	;# 
   163     029E                     	;# 
   164     029F                     	;# 
   165     0311                     	;# 
   166     0311                     	;# 
   167     0312                     	;# 
   168     0313                     	;# 
   169     0314                     	;# 
   170     0315                     	;# 
   171     0315                     	;# 
   172     0316                     	;# 
   173     0318                     	;# 
   174     0318                     	;# 
   175     0319                     	;# 
   176     031A                     	;# 
   177     031C                     	;# 
   178     031C                     	;# 
   179     031D                     	;# 
   180     031E                     	;# 
   181     0394                     	;# 
   182     0395                     	;# 
   183     0396                     	;# 
   184     0415                     	;# 
   185     0416                     	;# 
   186     0417                     	;# 
   187     041C                     	;# 
   188     041D                     	;# 
   189     041E                     	;# 
   190     0791                     	;# 
   191     0792                     	;# 
   192     0793                     	;# 
   193     0794                     	;# 
   194     0795                     	;# 
   195     0798                     	;# 
   196     0799                     	;# 
   197     079A                     	;# 
   198     07A0                     	;# 
   199     07A1                     	;# 
   200     07A2                     	;# 
   201     07A3                     	;# 
   202     07A4                     	;# 
   203     07A5                     	;# 
   204     07A6                     	;# 
   205     07A7                     	;# 
   206     07A8                     	;# 
   207     07A9                     	;# 
   208     07AA                     	;# 
   209     07AB                     	;# 
   210     0FE4                     	;# 
   211     0FE5                     	;# 
   212     0FE6                     	;# 
   213     0FE7                     	;# 
   214     0FE8                     	;# 
   215     0FE9                     	;# 
   216     0FEA                     	;# 
   217     0FEB                     	;# 
   218     0FED                     	;# 
   219     0FEE                     	;# 
   220     0FEF                     	;# 
   221     0000                     	;# 
   222     0001                     	;# 
   223     0002                     	;# 
   224     0003                     	;# 
   225     0004                     	;# 
   226     0005                     	;# 
   227     0006                     	;# 
   228     0007                     	;# 
   229     0008                     	;# 
   230     0009                     	;# 
   231     000A                     	;# 
   232     000B                     	;# 
   233     000C                     	;# 
   234     000D                     	;# 
   235     000E                     	;# 
   236     000F                     	;# 
   237     0010                     	;# 
   238     0011                     	;# 
   239     0012                     	;# 
   240     0013                     	;# 
   241     0015                     	;# 
   242     0016                     	;# 
   243     0016                     	;# 
   244     0017                     	;# 
   245     0018                     	;# 
   246     0019                     	;# 
   247     001A                     	;# 
   248     001B                     	;# 
   249     001C                     	;# 
   250     001E                     	;# 
   251     001F                     	;# 
   252     008C                     	;# 
   253     008D                     	;# 
   254     008E                     	;# 
   255     008F                     	;# 
   256     0090                     	;# 
   257     0091                     	;# 
   258     0092                     	;# 
   259     0093                     	;# 
   260     0095                     	;# 
   261     0096                     	;# 
   262     0097                     	;# 
   263     0098                     	;# 
   264     0099                     	;# 
   265     009A                     	;# 
   266     009B                     	;# 
   267     009B                     	;# 
   268     009C                     	;# 
   269     009D                     	;# 
   270     009E                     	;# 
   271     010C                     	;# 
   272     010D                     	;# 
   273     010E                     	;# 
   274     010F                     	;# 
   275     0110                     	;# 
   276     0111                     	;# 
   277     0112                     	;# 
   278     0113                     	;# 
   279     0114                     	;# 
   280     0115                     	;# 
   281     0116                     	;# 
   282     0117                     	;# 
   283     0118                     	;# 
   284     0119                     	;# 
   285     011A                     	;# 
   286     011B                     	;# 
   287     011D                     	;# 
   288     018C                     	;# 
   289     018D                     	;# 
   290     018F                     	;# 
   291     0190                     	;# 
   292     0191                     	;# 
   293     0191                     	;# 
   294     0192                     	;# 
   295     0193                     	;# 
   296     0193                     	;# 
   297     0193                     	;# 
   298     0194                     	;# 
   299     0195                     	;# 
   300     0196                     	;# 
   301     0199                     	;# 
   302     019A                     	;# 
   303     019B                     	;# 
   304     019B                     	;# 
   305     019B                     	;# 
   306     019B                     	;# 
   307     019C                     	;# 
   308     019C                     	;# 
   309     019D                     	;# 
   310     019E                     	;# 
   311     019F                     	;# 
   312     020D                     	;# 
   313     0210                     	;# 
   314     0211                     	;# 
   315     0212                     	;# 
   316     0213                     	;# 
   317     0214                     	;# 
   318     0215                     	;# 
   319     0215                     	;# 
   320     0216                     	;# 
   321     0217                     	;# 
   322     0291                     	;# 
   323     0291                     	;# 
   324     0292                     	;# 
   325     0293                     	;# 
   326     0294                     	;# 
   327     0295                     	;# 
   328     0295                     	;# 
   329     0296                     	;# 
   330     0298                     	;# 
   331     0298                     	;# 
   332     0299                     	;# 
   333     029A                     	;# 
   334     029B                     	;# 
   335     029C                     	;# 
   336     029C                     	;# 
   337     029D                     	;# 
   338     029E                     	;# 
   339     029F                     	;# 
   340     0311                     	;# 
   341     0311                     	;# 
   342     0312                     	;# 
   343     0313                     	;# 
   344     0314                     	;# 
   345     0315                     	;# 
   346     0315                     	;# 
   347     0316                     	;# 
   348     0318                     	;# 
   349     0318                     	;# 
   350     0319                     	;# 
   351     031A                     	;# 
   352     031C                     	;# 
   353     031C                     	;# 
   354     031D                     	;# 
   355     031E                     	;# 
   356     0394                     	;# 
   357     0395                     	;# 
   358     0396                     	;# 
   359     0415                     	;# 
   360     0416                     	;# 
   361     0417                     	;# 
   362     041C                     	;# 
   363     041D                     	;# 
   364     041E                     	;# 
   365     0791                     	;# 
   366     0792                     	;# 
   367     0793                     	;# 
   368     0794                     	;# 
   369     0795                     	;# 
   370     0798                     	;# 
   371     0799                     	;# 
   372     079A                     	;# 
   373     07A0                     	;# 
   374     07A1                     	;# 
   375     07A2                     	;# 
   376     07A3                     	;# 
   377     07A4                     	;# 
   378     07A5                     	;# 
   379     07A6                     	;# 
   380     07A7                     	;# 
   381     07A8                     	;# 
   382     07A9                     	;# 
   383     07AA                     	;# 
   384     07AB                     	;# 
   385     0FE4                     	;# 
   386     0FE5                     	;# 
   387     0FE6                     	;# 
   388     0FE7                     	;# 
   389     0FE8                     	;# 
   390     0FE9                     	;# 
   391     0FEA                     	;# 
   392     0FEB                     	;# 
   393     0FED                     	;# 
   394     0FEE                     	;# 
   395     0FEF                     	;# 
   396     0000                     	;# 
   397     0001                     	;# 
   398     0002                     	;# 
   399     0003                     	;# 
   400     0004                     	;# 
   401     0005                     	;# 
   402     0006                     	;# 
   403     0007                     	;# 
   404     0008                     	;# 
   405     0009                     	;# 
   406     000A                     	;# 
   407     000B                     	;# 
   408     000C                     	;# 
   409     000D                     	;# 
   410     000E                     	;# 
   411     000F                     	;# 
   412     0010                     	;# 
   413     0011                     	;# 
   414     0012                     	;# 
   415     0013                     	;# 
   416     0015                     	;# 
   417     0016                     	;# 
   418     0016                     	;# 
   419     0017                     	;# 
   420     0018                     	;# 
   421     0019                     	;# 
   422     001A                     	;# 
   423     001B                     	;# 
   424     001C                     	;# 
   425     001E                     	;# 
   426     001F                     	;# 
   427     008C                     	;# 
   428     008D                     	;# 
   429     008E                     	;# 
   430     008F                     	;# 
   431     0090                     	;# 
   432     0091                     	;# 
   433     0092                     	;# 
   434     0093                     	;# 
   435     0095                     	;# 
   436     0096                     	;# 
   437     0097                     	;# 
   438     0098                     	;# 
   439     0099                     	;# 
   440     009A                     	;# 
   441     009B                     	;# 
   442     009B                     	;# 
   443     009C                     	;# 
   444     009D                     	;# 
   445     009E                     	;# 
   446     010C                     	;# 
   447     010D                     	;# 
   448     010E                     	;# 
   449     010F                     	;# 
   450     0110                     	;# 
   451     0111                     	;# 
   452     0112                     	;# 
   453     0113                     	;# 
   454     0114                     	;# 
   455     0115                     	;# 
   456     0116                     	;# 
   457     0117                     	;# 
   458     0118                     	;# 
   459     0119                     	;# 
   460     011A                     	;# 
   461     011B                     	;# 
   462     011D                     	;# 
   463     018C                     	;# 
   464     018D                     	;# 
   465     018F                     	;# 
   466     0190                     	;# 
   467     0191                     	;# 
   468     0191                     	;# 
   469     0192                     	;# 
   470     0193                     	;# 
   471     0193                     	;# 
   472     0193                     	;# 
   473     0194                     	;# 
   474     0195                     	;# 
   475     0196                     	;# 
   476     0199                     	;# 
   477     019A                     	;# 
   478     019B                     	;# 
   479     019B                     	;# 
   480     019B                     	;# 
   481     019B                     	;# 
   482     019C                     	;# 
   483     019C                     	;# 
   484     019D                     	;# 
   485     019E                     	;# 
   486     019F                     	;# 
   487     020D                     	;# 
   488     0210                     	;# 
   489     0211                     	;# 
   490     0212                     	;# 
   491     0213                     	;# 
   492     0214                     	;# 
   493     0215                     	;# 
   494     0215                     	;# 
   495     0216                     	;# 
   496     0217                     	;# 
   497     0291                     	;# 
   498     0291                     	;# 
   499     0292                     	;# 
   500     0293                     	;# 
   501     0294                     	;# 
   502     0295                     	;# 
   503     0295                     	;# 
   504     0296                     	;# 
   505     0298                     	;# 
   506     0298                     	;# 
   507     0299                     	;# 
   508     029A                     	;# 
   509     029B                     	;# 
   510     029C                     	;# 
   511     029C                     	;# 
   512     029D                     	;# 
   513     029E                     	;# 
   514     029F                     	;# 
   515     0311                     	;# 
   516     0311                     	;# 
   517     0312                     	;# 
   518     0313                     	;# 
   519     0314                     	;# 
   520     0315                     	;# 
   521     0315                     	;# 
   522     0316                     	;# 
   523     0318                     	;# 
   524     0318                     	;# 
   525     0319                     	;# 
   526     031A                     	;# 
   527     031C                     	;# 
   528     031C                     	;# 
   529     031D                     	;# 
   530     031E                     	;# 
   531     0394                     	;# 
   532     0395                     	;# 
   533     0396                     	;# 
   534     0415                     	;# 
   535     0416                     	;# 
   536     0417                     	;# 
   537     041C                     	;# 
   538     041D                     	;# 
   539     041E                     	;# 
   540     0791                     	;# 
   541     0792                     	;# 
   542     0793                     	;# 
   543     0794                     	;# 
   544     0795                     	;# 
   545     0798                     	;# 
   546     0799                     	;# 
   547     079A                     	;# 
   548     07A0                     	;# 
   549     07A1                     	;# 
   550     07A2                     	;# 
   551     07A3                     	;# 
   552     07A4                     	;# 
   553     07A5                     	;# 
   554     07A6                     	;# 
   555     07A7                     	;# 
   556     07A8                     	;# 
   557     07A9                     	;# 
   558     07AA                     	;# 
   559     07AB                     	;# 
   560     0FE4                     	;# 
   561     0FE5                     	;# 
   562     0FE6                     	;# 
   563     0FE7                     	;# 
   564     0FE8                     	;# 
   565     0FE9                     	;# 
   566     0FEA                     	;# 
   567     0FEB                     	;# 
   568     0FED                     	;# 
   569     0FEE                     	;# 
   570     0FEF                     	;# 
   571     0000                     	;# 
   572     0001                     	;# 
   573     0002                     	;# 
   574     0003                     	;# 
   575     0004                     	;# 
   576     0005                     	;# 
   577     0006                     	;# 
   578     0007                     	;# 
   579     0008                     	;# 
   580     0009                     	;# 
   581     000A                     	;# 
   582     000B                     	;# 
   583     000C                     	;# 
   584     000D                     	;# 
   585     000E                     	;# 
   586     000F                     	;# 
   587     0010                     	;# 
   588     0011                     	;# 
   589     0012                     	;# 
   590     0013                     	;# 
   591     0015                     	;# 
   592     0016                     	;# 
   593     0016                     	;# 
   594     0017                     	;# 
   595     0018                     	;# 
   596     0019                     	;# 
   597     001A                     	;# 
   598     001B                     	;# 
   599     001C                     	;# 
   600     001E                     	;# 
   601     001F                     	;# 
   602     008C                     	;# 
   603     008D                     	;# 
   604     008E                     	;# 
   605     008F                     	;# 
   606     0090                     	;# 
   607     0091                     	;# 
   608     0092                     	;# 
   609     0093                     	;# 
   610     0095                     	;# 
   611     0096                     	;# 
   612     0097                     	;# 
   613     0098                     	;# 
   614     0099                     	;# 
   615     009A                     	;# 
   616     009B                     	;# 
   617     009B                     	;# 
   618     009C                     	;# 
   619     009D                     	;# 
   620     009E                     	;# 
   621     010C                     	;# 
   622     010D                     	;# 
   623     010E                     	;# 
   624     010F                     	;# 
   625     0110                     	;# 
   626     0111                     	;# 
   627     0112                     	;# 
   628     0113                     	;# 
   629     0114                     	;# 
   630     0115                     	;# 
   631     0116                     	;# 
   632     0117                     	;# 
   633     0118                     	;# 
   634     0119                     	;# 
   635     011A                     	;# 
   636     011B                     	;# 
   637     011D                     	;# 
   638     018C                     	;# 
   639     018D                     	;# 
   640     018F                     	;# 
   641     0190                     	;# 
   642     0191                     	;# 
   643     0191                     	;# 
   644     0192                     	;# 
   645     0193                     	;# 
   646     0193                     	;# 
   647     0193                     	;# 
   648     0194                     	;# 
   649     0195                     	;# 
   650     0196                     	;# 
   651     0199                     	;# 
   652     019A                     	;# 
   653     019B                     	;# 
   654     019B                     	;# 
   655     019B                     	;# 
   656     019B                     	;# 
   657     019C                     	;# 
   658     019C                     	;# 
   659     019D                     	;# 
   660     019E                     	;# 
   661     019F                     	;# 
   662     020D                     	;# 
   663     0210                     	;# 
   664     0211                     	;# 
   665     0212                     	;# 
   666     0213                     	;# 
   667     0214                     	;# 
   668     0215                     	;# 
   669     0215                     	;# 
   670     0216                     	;# 
   671     0217                     	;# 
   672     0291                     	;# 
   673     0291                     	;# 
   674     0292                     	;# 
   675     0293                     	;# 
   676     0294                     	;# 
   677     0295                     	;# 
   678     0295                     	;# 
   679     0296                     	;# 
   680     0298                     	;# 
   681     0298                     	;# 
   682     0299                     	;# 
   683     029A                     	;# 
   684     029B                     	;# 
   685     029C                     	;# 
   686     029C                     	;# 
   687     029D                     	;# 
   688     029E                     	;# 
   689     029F                     	;# 
   690     0311                     	;# 
   691     0311                     	;# 
   692     0312                     	;# 
   693     0313                     	;# 
   694     0314                     	;# 
   695     0315                     	;# 
   696     0315                     	;# 
   697     0316                     	;# 
   698     0318                     	;# 
   699     0318                     	;# 
   700     0319                     	;# 
   701     031A                     	;# 
   702     031C                     	;# 
   703     031C                     	;# 
   704     031D                     	;# 
   705     031E                     	;# 
   706     0394                     	;# 
   707     0395                     	;# 
   708     0396                     	;# 
   709     0415                     	;# 
   710     0416                     	;# 
   711     0417                     	;# 
   712     041C                     	;# 
   713     041D                     	;# 
   714     041E                     	;# 
   715     0791                     	;# 
   716     0792                     	;# 
   717     0793                     	;# 
   718     0794                     	;# 
   719     0795                     	;# 
   720     0798                     	;# 
   721     0799                     	;# 
   722     079A                     	;# 
   723     07A0                     	;# 
   724     07A1                     	;# 
   725     07A2                     	;# 
   726     07A3                     	;# 
   727     07A4                     	;# 
   728     07A5                     	;# 
   729     07A6                     	;# 
   730     07A7                     	;# 
   731     07A8                     	;# 
   732     07A9                     	;# 
   733     07AA                     	;# 
   734     07AB                     	;# 
   735     0FE4                     	;# 
   736     0FE5                     	;# 
   737     0FE6                     	;# 
   738     0FE7                     	;# 
   739     0FE8                     	;# 
   740     0FE9                     	;# 
   741     0FEA                     	;# 
   742     0FEB                     	;# 
   743     0FED                     	;# 
   744     0FEE                     	;# 
   745     0FEF                     	;# 
   746     008D                     _TRISBbits	set	141
   747     010D                     _LATBbits	set	269
   748     018D                     _ANSELB	set	397
   749                           
   750                           	psect	cinit
   751     07FD                     start_initialization:	
   752                           ; #config settings
   753                           
   754     07FD                     __initialization:
   755     07FD                     end_of_initialization:	
   756                           ;End of C runtime variable initialization code
   757                           
   758     07FD                     __end_of__initialization:
   759     07FD  0020               	movlb	0
   760     07FE  3186  2EB6         	ljmp	_main	;jump to C main() function
   761                           
   762                           	psect	cstackCOMMON
   763     0070                     __pcstackCOMMON:
   764     0070                     ?_iniciar_leds:
   765     0070                     ??_iniciar_leds:	
   766                           ; 1 bytes @ 0x0
   767                           
   768     0070                     ?_secuencia:	
   769                           ; 1 bytes @ 0x0
   770                           
   771     0070                     ??_secuencia:	
   772                           ; 1 bytes @ 0x0
   773                           
   774     0070                     ?_main:	
   775                           ; 1 bytes @ 0x0
   776                           
   777                           
   778                           ; 1 bytes @ 0x0
   779     0070                     	ds	2
   780     0072                     ??_main:
   781                           
   782                           	psect	maintext
   783     06B6                     __pmaintext:	
   784                           ; 1 bytes @ 0x2
   785 ;;
   786 ;;Main: autosize = 0, tempsize = 0, incstack = 0, save=0
   787 ;;
   788 ;; *************** function _main *****************
   789 ;; Defined at:
   790 ;;		line 7 in file "main.c"
   791 ;; Parameters:    Size  Location     Type
   792 ;;		None
   793 ;; Auto vars:     Size  Location     Type
   794 ;;		None
   795 ;; Return value:  Size  Location     Type
   796 ;;                  1    wreg      void 
   797 ;; Registers used:
   798 ;;		wreg, status,2, status,0, pclath, cstack
   799 ;; Tracked objects:
   800 ;;		On entry : B1F/0
   801 ;;		On exit  : 0/0
   802 ;;		Unchanged: 0/0
   803 ;; Data sizes:     COMMON   BANK0   BANK1   BANK2   BANK3   BANK4   BANK5   BANK6   BANK7   BANK8   BANK9  BANK10  BANK1
      +1  BANK12
   804 ;;      Params:         0       0       0       0       0       0       0       0       0       0       0       0       
      +0       0
   805 ;;      Locals:         0       0       0       0       0       0       0       0       0       0       0       0       
      +0       0
   806 ;;      Temps:          0       0       0       0       0       0       0       0       0       0       0       0       
      +0       0
   807 ;;      Totals:         0       0       0       0       0       0       0       0       0       0       0       0       
      +0       0
   808 ;;Total ram usage:        0 bytes
   809 ;; Hardware stack levels required when called: 1
   810 ;; This function calls:
   811 ;;		_iniciar_leds
   812 ;;		_secuencia
   813 ;; This function is called by:
   814 ;;		Startup code after reset
   815 ;; This function uses a non-reentrant model
   816 ;;
   817                           
   818     06B6                     _main:	
   819                           ;psect for function _main
   820                           
   821     06B6                     l864:	
   822                           ;incstack = 0
   823                           ; Regs used in _main: [wreg+status,2+status,0+pclath+cstack]
   824                           
   825                           
   826                           ;main.c: 9:     ANSELB = 0x00;
   827     06B6  0023               	movlb	3	; select bank3
   828     06B7  018D               	clrf	13	;volatile
   829     06B8                     l866:
   830                           
   831                           ;main.c: 10:     iniciar_leds();
   832     06B8  3186  26AC  3186   	fcall	_iniciar_leds
   833     06BB                     l868:
   834                           
   835                           ;main.c: 13:        secuencia();
   836     06BB  3186  26C1  3186   	fcall	_secuencia
   837     06BE  2EBB               	goto	l868
   838     06BF  3180  2802         	ljmp	start
   839     06C1                     __end_of_main:
   840                           
   841                           	psect	text1
   842     06C1                     __ptext1:	
   843 ;; *************** function _secuencia *****************
   844 ;; Defined at:
   845 ;;		line 22 in file "Secuencia.c"
   846 ;; Parameters:    Size  Location     Type
   847 ;;		None
   848 ;; Auto vars:     Size  Location     Type
   849 ;;		None
   850 ;; Return value:  Size  Location     Type
   851 ;;                  1    wreg      void 
   852 ;; Registers used:
   853 ;;		wreg
   854 ;; Tracked objects:
   855 ;;		On entry : 0/0
   856 ;;		On exit  : 0/0
   857 ;;		Unchanged: 0/0
   858 ;; Data sizes:     COMMON   BANK0   BANK1   BANK2   BANK3   BANK4   BANK5   BANK6   BANK7   BANK8   BANK9  BANK10  BANK1
      +1  BANK12
   859 ;;      Params:         0       0       0       0       0       0       0       0       0       0       0       0       
      +0       0
   860 ;;      Locals:         0       0       0       0       0       0       0       0       0       0       0       0       
      +0       0
   861 ;;      Temps:          2       0       0       0       0       0       0       0       0       0       0       0       
      +0       0
   862 ;;      Totals:         2       0       0       0       0       0       0       0       0       0       0       0       
      +0       0
   863 ;;Total ram usage:        2 bytes
   864 ;; Hardware stack levels used: 1
   865 ;; This function calls:
   866 ;;		Nothing
   867 ;; This function is called by:
   868 ;;		_main
   869 ;; This function uses a non-reentrant model
   870 ;;
   871                           
   872     06C1                     _secuencia:	
   873                           ;psect for function _secuencia
   874                           
   875     06C1                     l636:	
   876                           ;incstack = 0
   877                           ; Regs used in _secuencia: [wreg]
   878                           
   879                           
   880                           ;Secuencia.c: 23:     LATBbits.LATB0=1;
   881     06C1  0022               	movlb	2	; select bank2
   882     06C2  140D               	bsf	13,0	;volatile
   883                           
   884                           ;Secuencia.c: 24:     LATBbits.LATB1=0;
   885     06C3  108D               	bcf	13,1	;volatile
   886                           
   887                           ;Secuencia.c: 25:     LATBbits.LATB2=0;
   888     06C4  110D               	bcf	13,2	;volatile
   889                           
   890                           ;Secuencia.c: 26:     LATBbits.LATB3=0;
   891     06C5  118D               	bcf	13,3	;volatile
   892                           
   893                           ;Secuencia.c: 27:     LATBbits.LATB4=0;
   894     06C6  120D               	bcf	13,4	;volatile
   895                           
   896                           ;Secuencia.c: 28:     LATBbits.LATB5=0;
   897     06C7  128D               	bcf	13,5	;volatile
   898                           
   899                           ;Secuencia.c: 29:     LATBbits.LATB6=0;
   900     06C8  130D               	bcf	13,6	;volatile
   901                           
   902                           ;Secuencia.c: 30:     LATBbits.LATB7=0;
   903     06C9  138D               	bcf	13,7	;volatile
   904     06CA                     l638:
   905                           
   906                           ;Secuencia.c: 31:     _delay((unsigned long)((500)*(20000000UL/4000.0)));
   907     06CA  300D               	movlw	13
   908     06CB  00F1               	movwf	??_secuencia+1
   909     06CC  30AF               	movlw	175
   910     06CD  00F0               	movwf	??_secuencia
   911     06CE  30B6               	movlw	182
   912     06CF                     u17:
   913     06CF  0B89               	decfsz	9,f
   914     06D0  2ECF               	goto	u17
   915     06D1  0BF0               	decfsz	??_secuencia,f
   916     06D2  2ECF               	goto	u17
   917     06D3  0BF1               	decfsz	??_secuencia+1,f
   918     06D4  2ECF               	goto	u17
   919     06D5  3200               	nop2
   920     06D6                     l640:
   921                           
   922                           ;Secuencia.c: 33:     LATBbits.LATB0=0;
   923     06D6  0022               	movlb	2	; select bank2
   924     06D7  100D               	bcf	13,0	;volatile
   925     06D8                     l642:
   926                           
   927                           ;Secuencia.c: 34:     LATBbits.LATB1=1;
   928     06D8  148D               	bsf	13,1	;volatile
   929     06D9                     l644:
   930                           
   931                           ;Secuencia.c: 35:     LATBbits.LATB2=0;
   932     06D9  110D               	bcf	13,2	;volatile
   933     06DA                     l646:
   934                           
   935                           ;Secuencia.c: 36:     LATBbits.LATB3=0;
   936     06DA  118D               	bcf	13,3	;volatile
   937     06DB                     l648:
   938                           
   939                           ;Secuencia.c: 37:     LATBbits.LATB4=0;
   940     06DB  120D               	bcf	13,4	;volatile
   941     06DC                     l650:
   942                           
   943                           ;Secuencia.c: 38:     LATBbits.LATB5=0;
   944     06DC  128D               	bcf	13,5	;volatile
   945     06DD                     l652:
   946                           
   947                           ;Secuencia.c: 39:     LATBbits.LATB6=0;
   948     06DD  130D               	bcf	13,6	;volatile
   949     06DE                     l654:
   950                           
   951                           ;Secuencia.c: 40:     LATBbits.LATB7=0;
   952     06DE  138D               	bcf	13,7	;volatile
   953                           
   954                           ;Secuencia.c: 41:     _delay((unsigned long)((500)*(20000000UL/4000.0)));
   955     06DF  300D               	movlw	13
   956     06E0  00F1               	movwf	??_secuencia+1
   957     06E1  30AF               	movlw	175
   958     06E2  00F0               	movwf	??_secuencia
   959     06E3  30B6               	movlw	182
   960     06E4                     u27:
   961     06E4  0B89               	decfsz	9,f
   962     06E5  2EE4               	goto	u27
   963     06E6  0BF0               	decfsz	??_secuencia,f
   964     06E7  2EE4               	goto	u27
   965     06E8  0BF1               	decfsz	??_secuencia+1,f
   966     06E9  2EE4               	goto	u27
   967     06EA  3200               	nop2
   968     06EB                     l656:
   969                           
   970                           ;Secuencia.c: 43:     LATBbits.LATB0=0;
   971     06EB  0022               	movlb	2	; select bank2
   972     06EC  100D               	bcf	13,0	;volatile
   973     06ED                     l658:
   974                           
   975                           ;Secuencia.c: 44:     LATBbits.LATB1=0;
   976     06ED  108D               	bcf	13,1	;volatile
   977     06EE                     l660:
   978                           
   979                           ;Secuencia.c: 45:     LATBbits.LATB2=1;
   980     06EE  150D               	bsf	13,2	;volatile
   981     06EF                     l662:
   982                           
   983                           ;Secuencia.c: 46:     LATBbits.LATB3=0;
   984     06EF  118D               	bcf	13,3	;volatile
   985     06F0                     l664:
   986                           
   987                           ;Secuencia.c: 47:     LATBbits.LATB4=0;
   988     06F0  120D               	bcf	13,4	;volatile
   989     06F1                     l666:
   990                           
   991                           ;Secuencia.c: 48:     LATBbits.LATB5=0;
   992     06F1  128D               	bcf	13,5	;volatile
   993     06F2                     l668:
   994                           
   995                           ;Secuencia.c: 49:     LATBbits.LATB6=0;
   996     06F2  130D               	bcf	13,6	;volatile
   997     06F3                     l670:
   998                           
   999                           ;Secuencia.c: 50:     LATBbits.LATB7=0;
  1000     06F3  138D               	bcf	13,7	;volatile
  1001                           
  1002                           ;Secuencia.c: 51:     _delay((unsigned long)((500)*(20000000UL/4000.0)));
  1003     06F4  300D               	movlw	13
  1004     06F5  00F1               	movwf	??_secuencia+1
  1005     06F6  30AF               	movlw	175
  1006     06F7  00F0               	movwf	??_secuencia
  1007     06F8  30B6               	movlw	182
  1008     06F9                     u37:
  1009     06F9  0B89               	decfsz	9,f
  1010     06FA  2EF9               	goto	u37
  1011     06FB  0BF0               	decfsz	??_secuencia,f
  1012     06FC  2EF9               	goto	u37
  1013     06FD  0BF1               	decfsz	??_secuencia+1,f
  1014     06FE  2EF9               	goto	u37
  1015     06FF  3200               	nop2
  1016     0700                     l672:
  1017                           
  1018                           ;Secuencia.c: 53:     LATBbits.LATB0=0;
  1019     0700  0022               	movlb	2	; select bank2
  1020     0701  100D               	bcf	13,0	;volatile
  1021     0702                     l674:
  1022                           
  1023                           ;Secuencia.c: 54:     LATBbits.LATB1=0;
  1024     0702  108D               	bcf	13,1	;volatile
  1025     0703                     l676:
  1026                           
  1027                           ;Secuencia.c: 55:     LATBbits.LATB2=0;
  1028     0703  110D               	bcf	13,2	;volatile
  1029     0704                     l678:
  1030                           
  1031                           ;Secuencia.c: 56:     LATBbits.LATB3=1;
  1032     0704  158D               	bsf	13,3	;volatile
  1033     0705                     l680:
  1034                           
  1035                           ;Secuencia.c: 57:     LATBbits.LATB4=0;
  1036     0705  120D               	bcf	13,4	;volatile
  1037     0706                     l682:
  1038                           
  1039                           ;Secuencia.c: 58:     LATBbits.LATB5=0;
  1040     0706  128D               	bcf	13,5	;volatile
  1041     0707                     l684:
  1042                           
  1043                           ;Secuencia.c: 59:     LATBbits.LATB6=0;
  1044     0707  130D               	bcf	13,6	;volatile
  1045     0708                     l686:
  1046                           
  1047                           ;Secuencia.c: 60:     LATBbits.LATB7=0;
  1048     0708  138D               	bcf	13,7	;volatile
  1049                           
  1050                           ;Secuencia.c: 61:     _delay((unsigned long)((500)*(20000000UL/4000.0)));
  1051     0709  300D               	movlw	13
  1052     070A  00F1               	movwf	??_secuencia+1
  1053     070B  30AF               	movlw	175
  1054     070C  00F0               	movwf	??_secuencia
  1055     070D  30B6               	movlw	182
  1056     070E                     u47:
  1057     070E  0B89               	decfsz	9,f
  1058     070F  2F0E               	goto	u47
  1059     0710  0BF0               	decfsz	??_secuencia,f
  1060     0711  2F0E               	goto	u47
  1061     0712  0BF1               	decfsz	??_secuencia+1,f
  1062     0713  2F0E               	goto	u47
  1063     0714  3200               	nop2
  1064     0715                     l688:
  1065                           
  1066                           ;Secuencia.c: 63:     LATBbits.LATB0=0;
  1067     0715  0022               	movlb	2	; select bank2
  1068     0716  100D               	bcf	13,0	;volatile
  1069     0717                     l690:
  1070                           
  1071                           ;Secuencia.c: 64:     LATBbits.LATB1=0;
  1072     0717  108D               	bcf	13,1	;volatile
  1073     0718                     l692:
  1074                           
  1075                           ;Secuencia.c: 65:     LATBbits.LATB2=0;
  1076     0718  110D               	bcf	13,2	;volatile
  1077     0719                     l694:
  1078                           
  1079                           ;Secuencia.c: 66:     LATBbits.LATB3=0;
  1080     0719  118D               	bcf	13,3	;volatile
  1081     071A                     l696:
  1082                           
  1083                           ;Secuencia.c: 67:     LATBbits.LATB4=1;
  1084     071A  160D               	bsf	13,4	;volatile
  1085     071B                     l698:
  1086                           
  1087                           ;Secuencia.c: 68:     LATBbits.LATB5=0;
  1088     071B  128D               	bcf	13,5	;volatile
  1089     071C                     l700:
  1090                           
  1091                           ;Secuencia.c: 69:     LATBbits.LATB6=0;
  1092     071C  130D               	bcf	13,6	;volatile
  1093     071D                     l702:
  1094                           
  1095                           ;Secuencia.c: 70:     LATBbits.LATB7=0;
  1096     071D  138D               	bcf	13,7	;volatile
  1097                           
  1098                           ;Secuencia.c: 71:     _delay((unsigned long)((500)*(20000000UL/4000.0)));
  1099     071E  300D               	movlw	13
  1100     071F  00F1               	movwf	??_secuencia+1
  1101     0720  30AF               	movlw	175
  1102     0721  00F0               	movwf	??_secuencia
  1103     0722  30B6               	movlw	182
  1104     0723                     u57:
  1105     0723  0B89               	decfsz	9,f
  1106     0724  2F23               	goto	u57
  1107     0725  0BF0               	decfsz	??_secuencia,f
  1108     0726  2F23               	goto	u57
  1109     0727  0BF1               	decfsz	??_secuencia+1,f
  1110     0728  2F23               	goto	u57
  1111     0729  3200               	nop2
  1112     072A                     l704:
  1113                           
  1114                           ;Secuencia.c: 73:     LATBbits.LATB0=0;
  1115     072A  0022               	movlb	2	; select bank2
  1116     072B  100D               	bcf	13,0	;volatile
  1117     072C                     l706:
  1118                           
  1119                           ;Secuencia.c: 74:     LATBbits.LATB1=0;
  1120     072C  108D               	bcf	13,1	;volatile
  1121     072D                     l708:
  1122                           
  1123                           ;Secuencia.c: 75:     LATBbits.LATB2=0;
  1124     072D  110D               	bcf	13,2	;volatile
  1125     072E                     l710:
  1126                           
  1127                           ;Secuencia.c: 76:     LATBbits.LATB3=0;
  1128     072E  118D               	bcf	13,3	;volatile
  1129     072F                     l712:
  1130                           
  1131                           ;Secuencia.c: 77:     LATBbits.LATB4=0;
  1132     072F  120D               	bcf	13,4	;volatile
  1133     0730                     l714:
  1134                           
  1135                           ;Secuencia.c: 78:     LATBbits.LATB5=1;
  1136     0730  168D               	bsf	13,5	;volatile
  1137     0731                     l716:
  1138                           
  1139                           ;Secuencia.c: 79:     LATBbits.LATB6=0;
  1140     0731  130D               	bcf	13,6	;volatile
  1141     0732                     l718:
  1142                           
  1143                           ;Secuencia.c: 80:     LATBbits.LATB7=0;
  1144     0732  138D               	bcf	13,7	;volatile
  1145                           
  1146                           ;Secuencia.c: 81:     _delay((unsigned long)((500)*(20000000UL/4000.0)));
  1147     0733  300D               	movlw	13
  1148     0734  00F1               	movwf	??_secuencia+1
  1149     0735  30AF               	movlw	175
  1150     0736  00F0               	movwf	??_secuencia
  1151     0737  30B6               	movlw	182
  1152     0738                     u67:
  1153     0738  0B89               	decfsz	9,f
  1154     0739  2F38               	goto	u67
  1155     073A  0BF0               	decfsz	??_secuencia,f
  1156     073B  2F38               	goto	u67
  1157     073C  0BF1               	decfsz	??_secuencia+1,f
  1158     073D  2F38               	goto	u67
  1159     073E  3200               	nop2
  1160     073F                     l720:
  1161                           
  1162                           ;Secuencia.c: 83:     LATBbits.LATB0=0;
  1163     073F  0022               	movlb	2	; select bank2
  1164     0740  100D               	bcf	13,0	;volatile
  1165     0741                     l722:
  1166                           
  1167                           ;Secuencia.c: 84:     LATBbits.LATB1=0;
  1168     0741  108D               	bcf	13,1	;volatile
  1169     0742                     l724:
  1170                           
  1171                           ;Secuencia.c: 85:     LATBbits.LATB2=0;
  1172     0742  110D               	bcf	13,2	;volatile
  1173     0743                     l726:
  1174                           
  1175                           ;Secuencia.c: 86:     LATBbits.LATB3=0;
  1176     0743  118D               	bcf	13,3	;volatile
  1177     0744                     l728:
  1178                           
  1179                           ;Secuencia.c: 87:     LATBbits.LATB4=0;
  1180     0744  120D               	bcf	13,4	;volatile
  1181     0745                     l730:
  1182                           
  1183                           ;Secuencia.c: 88:     LATBbits.LATB5=0;
  1184     0745  128D               	bcf	13,5	;volatile
  1185     0746                     l732:
  1186                           
  1187                           ;Secuencia.c: 89:     LATBbits.LATB6=1;
  1188     0746  170D               	bsf	13,6	;volatile
  1189     0747                     l734:
  1190                           
  1191                           ;Secuencia.c: 90:     LATBbits.LATB7=0;
  1192     0747  138D               	bcf	13,7	;volatile
  1193                           
  1194                           ;Secuencia.c: 91:     _delay((unsigned long)((500)*(20000000UL/4000.0)));
  1195     0748  300D               	movlw	13
  1196     0749  00F1               	movwf	??_secuencia+1
  1197     074A  30AF               	movlw	175
  1198     074B  00F0               	movwf	??_secuencia
  1199     074C  30B6               	movlw	182
  1200     074D                     u77:
  1201     074D  0B89               	decfsz	9,f
  1202     074E  2F4D               	goto	u77
  1203     074F  0BF0               	decfsz	??_secuencia,f
  1204     0750  2F4D               	goto	u77
  1205     0751  0BF1               	decfsz	??_secuencia+1,f
  1206     0752  2F4D               	goto	u77
  1207     0753  3200               	nop2
  1208     0754                     l736:
  1209                           
  1210                           ;Secuencia.c: 93:     LATBbits.LATB0=0;
  1211     0754  0022               	movlb	2	; select bank2
  1212     0755  100D               	bcf	13,0	;volatile
  1213     0756                     l738:
  1214                           
  1215                           ;Secuencia.c: 94:     LATBbits.LATB1=0;
  1216     0756  108D               	bcf	13,1	;volatile
  1217     0757                     l740:
  1218                           
  1219                           ;Secuencia.c: 95:     LATBbits.LATB2=0;
  1220     0757  110D               	bcf	13,2	;volatile
  1221     0758                     l742:
  1222                           
  1223                           ;Secuencia.c: 96:     LATBbits.LATB3=0;
  1224     0758  118D               	bcf	13,3	;volatile
  1225     0759                     l744:
  1226                           
  1227                           ;Secuencia.c: 97:     LATBbits.LATB4=0;
  1228     0759  120D               	bcf	13,4	;volatile
  1229     075A                     l746:
  1230                           
  1231                           ;Secuencia.c: 98:     LATBbits.LATB5=0;
  1232     075A  128D               	bcf	13,5	;volatile
  1233     075B                     l748:
  1234                           
  1235                           ;Secuencia.c: 99:     LATBbits.LATB6=0;
  1236     075B  130D               	bcf	13,6	;volatile
  1237     075C                     l750:
  1238                           
  1239                           ;Secuencia.c: 100:     LATBbits.LATB7=1;
  1240     075C  178D               	bsf	13,7	;volatile
  1241                           
  1242                           ;Secuencia.c: 101:     _delay((unsigned long)((500)*(20000000UL/4000.0)));
  1243     075D  300D               	movlw	13
  1244     075E  00F1               	movwf	??_secuencia+1
  1245     075F  30AF               	movlw	175
  1246     0760  00F0               	movwf	??_secuencia
  1247     0761  30B6               	movlw	182
  1248     0762                     u87:
  1249     0762  0B89               	decfsz	9,f
  1250     0763  2F62               	goto	u87
  1251     0764  0BF0               	decfsz	??_secuencia,f
  1252     0765  2F62               	goto	u87
  1253     0766  0BF1               	decfsz	??_secuencia+1,f
  1254     0767  2F62               	goto	u87
  1255     0768  3200               	nop2
  1256     0769                     l752:
  1257                           
  1258                           ;Secuencia.c: 103:      LATBbits.LATB0=0;
  1259     0769  0022               	movlb	2	; select bank2
  1260     076A  100D               	bcf	13,0	;volatile
  1261     076B                     l754:
  1262                           
  1263                           ;Secuencia.c: 104:     LATBbits.LATB1=0;
  1264     076B  108D               	bcf	13,1	;volatile
  1265     076C                     l756:
  1266                           
  1267                           ;Secuencia.c: 105:     LATBbits.LATB2=0;
  1268     076C  110D               	bcf	13,2	;volatile
  1269     076D                     l758:
  1270                           
  1271                           ;Secuencia.c: 106:     LATBbits.LATB3=0;
  1272     076D  118D               	bcf	13,3	;volatile
  1273     076E                     l760:
  1274                           
  1275                           ;Secuencia.c: 107:     LATBbits.LATB4=0;
  1276     076E  120D               	bcf	13,4	;volatile
  1277     076F                     l762:
  1278                           
  1279                           ;Secuencia.c: 108:     LATBbits.LATB5=0;
  1280     076F  128D               	bcf	13,5	;volatile
  1281     0770                     l764:
  1282                           
  1283                           ;Secuencia.c: 109:     LATBbits.LATB6=1;
  1284     0770  170D               	bsf	13,6	;volatile
  1285     0771                     l766:
  1286                           
  1287                           ;Secuencia.c: 110:     LATBbits.LATB7=0;
  1288     0771  138D               	bcf	13,7	;volatile
  1289                           
  1290                           ;Secuencia.c: 111:     _delay((unsigned long)((500)*(20000000UL/4000.0)));
  1291     0772  300D               	movlw	13
  1292     0773  00F1               	movwf	??_secuencia+1
  1293     0774  30AF               	movlw	175
  1294     0775  00F0               	movwf	??_secuencia
  1295     0776  30B6               	movlw	182
  1296     0777                     u97:
  1297     0777  0B89               	decfsz	9,f
  1298     0778  2F77               	goto	u97
  1299     0779  0BF0               	decfsz	??_secuencia,f
  1300     077A  2F77               	goto	u97
  1301     077B  0BF1               	decfsz	??_secuencia+1,f
  1302     077C  2F77               	goto	u97
  1303     077D  3200               	nop2
  1304     077E                     l768:
  1305                           
  1306                           ;Secuencia.c: 113:     LATBbits.LATB0=0;
  1307     077E  0022               	movlb	2	; select bank2
  1308     077F  100D               	bcf	13,0	;volatile
  1309     0780                     l770:
  1310                           
  1311                           ;Secuencia.c: 114:     LATBbits.LATB1=0;
  1312     0780  108D               	bcf	13,1	;volatile
  1313     0781                     l772:
  1314                           
  1315                           ;Secuencia.c: 115:     LATBbits.LATB2=0;
  1316     0781  110D               	bcf	13,2	;volatile
  1317     0782                     l774:
  1318                           
  1319                           ;Secuencia.c: 116:     LATBbits.LATB3=0;
  1320     0782  118D               	bcf	13,3	;volatile
  1321     0783                     l776:
  1322                           
  1323                           ;Secuencia.c: 117:     LATBbits.LATB4=0;
  1324     0783  120D               	bcf	13,4	;volatile
  1325     0784                     l778:
  1326                           
  1327                           ;Secuencia.c: 118:     LATBbits.LATB5=1;
  1328     0784  168D               	bsf	13,5	;volatile
  1329     0785                     l780:
  1330                           
  1331                           ;Secuencia.c: 119:     LATBbits.LATB6=0;
  1332     0785  130D               	bcf	13,6	;volatile
  1333     0786                     l782:
  1334                           
  1335                           ;Secuencia.c: 120:     LATBbits.LATB7=0;
  1336     0786  138D               	bcf	13,7	;volatile
  1337                           
  1338                           ;Secuencia.c: 121:     _delay((unsigned long)((500)*(20000000UL/4000.0)));
  1339     0787  300D               	movlw	13
  1340     0788  00F1               	movwf	??_secuencia+1
  1341     0789  30AF               	movlw	175
  1342     078A  00F0               	movwf	??_secuencia
  1343     078B  30B6               	movlw	182
  1344     078C                     u107:
  1345     078C  0B89               	decfsz	9,f
  1346     078D  2F8C               	goto	u107
  1347     078E  0BF0               	decfsz	??_secuencia,f
  1348     078F  2F8C               	goto	u107
  1349     0790  0BF1               	decfsz	??_secuencia+1,f
  1350     0791  2F8C               	goto	u107
  1351     0792  3200               	nop2
  1352     0793                     l784:
  1353                           
  1354                           ;Secuencia.c: 123:      LATBbits.LATB0=0;
  1355     0793  0022               	movlb	2	; select bank2
  1356     0794  100D               	bcf	13,0	;volatile
  1357     0795                     l786:
  1358                           
  1359                           ;Secuencia.c: 124:     LATBbits.LATB1=0;
  1360     0795  108D               	bcf	13,1	;volatile
  1361     0796                     l788:
  1362                           
  1363                           ;Secuencia.c: 125:     LATBbits.LATB2=0;
  1364     0796  110D               	bcf	13,2	;volatile
  1365     0797                     l790:
  1366                           
  1367                           ;Secuencia.c: 126:     LATBbits.LATB3=0;
  1368     0797  118D               	bcf	13,3	;volatile
  1369     0798                     l792:
  1370                           
  1371                           ;Secuencia.c: 127:     LATBbits.LATB4=1;
  1372     0798  160D               	bsf	13,4	;volatile
  1373     0799                     l794:
  1374                           
  1375                           ;Secuencia.c: 128:     LATBbits.LATB5=0;
  1376     0799  128D               	bcf	13,5	;volatile
  1377     079A                     l796:
  1378                           
  1379                           ;Secuencia.c: 129:     LATBbits.LATB6=0;
  1380     079A  130D               	bcf	13,6	;volatile
  1381     079B                     l798:
  1382                           
  1383                           ;Secuencia.c: 130:     LATBbits.LATB7=0;
  1384     079B  138D               	bcf	13,7	;volatile
  1385                           
  1386                           ;Secuencia.c: 131:     _delay((unsigned long)((500)*(20000000UL/4000.0)));
  1387     079C  300D               	movlw	13
  1388     079D  00F1               	movwf	??_secuencia+1
  1389     079E  30AF               	movlw	175
  1390     079F  00F0               	movwf	??_secuencia
  1391     07A0  30B6               	movlw	182
  1392     07A1                     u117:
  1393     07A1  0B89               	decfsz	9,f
  1394     07A2  2FA1               	goto	u117
  1395     07A3  0BF0               	decfsz	??_secuencia,f
  1396     07A4  2FA1               	goto	u117
  1397     07A5  0BF1               	decfsz	??_secuencia+1,f
  1398     07A6  2FA1               	goto	u117
  1399     07A7  3200               	nop2
  1400     07A8                     l800:
  1401                           
  1402                           ;Secuencia.c: 133:     LATBbits.LATB0=0;
  1403     07A8  0022               	movlb	2	; select bank2
  1404     07A9  100D               	bcf	13,0	;volatile
  1405     07AA                     l802:
  1406                           
  1407                           ;Secuencia.c: 134:     LATBbits.LATB1=0;
  1408     07AA  108D               	bcf	13,1	;volatile
  1409     07AB                     l804:
  1410                           
  1411                           ;Secuencia.c: 135:     LATBbits.LATB2=0;
  1412     07AB  110D               	bcf	13,2	;volatile
  1413     07AC                     l806:
  1414                           
  1415                           ;Secuencia.c: 136:     LATBbits.LATB3=1;
  1416     07AC  158D               	bsf	13,3	;volatile
  1417     07AD                     l808:
  1418                           
  1419                           ;Secuencia.c: 137:     LATBbits.LATB4=0;
  1420     07AD  120D               	bcf	13,4	;volatile
  1421     07AE                     l810:
  1422                           
  1423                           ;Secuencia.c: 138:     LATBbits.LATB5=0;
  1424     07AE  128D               	bcf	13,5	;volatile
  1425     07AF                     l812:
  1426                           
  1427                           ;Secuencia.c: 139:     LATBbits.LATB6=0;
  1428     07AF  130D               	bcf	13,6	;volatile
  1429     07B0                     l814:
  1430                           
  1431                           ;Secuencia.c: 140:     LATBbits.LATB7=0;
  1432     07B0  138D               	bcf	13,7	;volatile
  1433                           
  1434                           ;Secuencia.c: 141:     _delay((unsigned long)((500)*(20000000UL/4000.0)));
  1435     07B1  300D               	movlw	13
  1436     07B2  00F1               	movwf	??_secuencia+1
  1437     07B3  30AF               	movlw	175
  1438     07B4  00F0               	movwf	??_secuencia
  1439     07B5  30B6               	movlw	182
  1440     07B6                     u127:
  1441     07B6  0B89               	decfsz	9,f
  1442     07B7  2FB6               	goto	u127
  1443     07B8  0BF0               	decfsz	??_secuencia,f
  1444     07B9  2FB6               	goto	u127
  1445     07BA  0BF1               	decfsz	??_secuencia+1,f
  1446     07BB  2FB6               	goto	u127
  1447     07BC  3200               	nop2
  1448     07BD                     l816:
  1449                           
  1450                           ;Secuencia.c: 143:      LATBbits.LATB0=0;
  1451     07BD  0022               	movlb	2	; select bank2
  1452     07BE  100D               	bcf	13,0	;volatile
  1453     07BF                     l818:
  1454                           
  1455                           ;Secuencia.c: 144:     LATBbits.LATB1=0;
  1456     07BF  108D               	bcf	13,1	;volatile
  1457     07C0                     l820:
  1458                           
  1459                           ;Secuencia.c: 145:     LATBbits.LATB2=1;
  1460     07C0  150D               	bsf	13,2	;volatile
  1461     07C1                     l822:
  1462                           
  1463                           ;Secuencia.c: 146:     LATBbits.LATB3=0;
  1464     07C1  118D               	bcf	13,3	;volatile
  1465     07C2                     l824:
  1466                           
  1467                           ;Secuencia.c: 147:     LATBbits.LATB4=0;
  1468     07C2  120D               	bcf	13,4	;volatile
  1469     07C3                     l826:
  1470                           
  1471                           ;Secuencia.c: 148:     LATBbits.LATB5=0;
  1472     07C3  128D               	bcf	13,5	;volatile
  1473     07C4                     l828:
  1474                           
  1475                           ;Secuencia.c: 149:     LATBbits.LATB6=0;
  1476     07C4  130D               	bcf	13,6	;volatile
  1477     07C5                     l830:
  1478                           
  1479                           ;Secuencia.c: 150:     LATBbits.LATB7=0;
  1480     07C5  138D               	bcf	13,7	;volatile
  1481                           
  1482                           ;Secuencia.c: 151:     _delay((unsigned long)((500)*(20000000UL/4000.0)));
  1483     07C6  300D               	movlw	13
  1484     07C7  00F1               	movwf	??_secuencia+1
  1485     07C8  30AF               	movlw	175
  1486     07C9  00F0               	movwf	??_secuencia
  1487     07CA  30B6               	movlw	182
  1488     07CB                     u137:
  1489     07CB  0B89               	decfsz	9,f
  1490     07CC  2FCB               	goto	u137
  1491     07CD  0BF0               	decfsz	??_secuencia,f
  1492     07CE  2FCB               	goto	u137
  1493     07CF  0BF1               	decfsz	??_secuencia+1,f
  1494     07D0  2FCB               	goto	u137
  1495     07D1  3200               	nop2
  1496     07D2                     l832:
  1497                           
  1498                           ;Secuencia.c: 153:     LATBbits.LATB0=0;
  1499     07D2  0022               	movlb	2	; select bank2
  1500     07D3  100D               	bcf	13,0	;volatile
  1501     07D4                     l834:
  1502                           
  1503                           ;Secuencia.c: 154:     LATBbits.LATB1=1;
  1504     07D4  148D               	bsf	13,1	;volatile
  1505     07D5                     l836:
  1506                           
  1507                           ;Secuencia.c: 155:     LATBbits.LATB2=0;
  1508     07D5  110D               	bcf	13,2	;volatile
  1509     07D6                     l838:
  1510                           
  1511                           ;Secuencia.c: 156:     LATBbits.LATB3=0;
  1512     07D6  118D               	bcf	13,3	;volatile
  1513     07D7                     l840:
  1514                           
  1515                           ;Secuencia.c: 157:     LATBbits.LATB4=0;
  1516     07D7  120D               	bcf	13,4	;volatile
  1517     07D8                     l842:
  1518                           
  1519                           ;Secuencia.c: 158:     LATBbits.LATB5=0;
  1520     07D8  128D               	bcf	13,5	;volatile
  1521     07D9                     l844:
  1522                           
  1523                           ;Secuencia.c: 159:     LATBbits.LATB6=0;
  1524     07D9  130D               	bcf	13,6	;volatile
  1525     07DA                     l846:
  1526                           
  1527                           ;Secuencia.c: 160:     LATBbits.LATB7=0;
  1528     07DA  138D               	bcf	13,7	;volatile
  1529                           
  1530                           ;Secuencia.c: 161:     _delay((unsigned long)((500)*(20000000UL/4000.0)));
  1531     07DB  300D               	movlw	13
  1532     07DC  00F1               	movwf	??_secuencia+1
  1533     07DD  30AF               	movlw	175
  1534     07DE  00F0               	movwf	??_secuencia
  1535     07DF  30B6               	movlw	182
  1536     07E0                     u147:
  1537     07E0  0B89               	decfsz	9,f
  1538     07E1  2FE0               	goto	u147
  1539     07E2  0BF0               	decfsz	??_secuencia,f
  1540     07E3  2FE0               	goto	u147
  1541     07E4  0BF1               	decfsz	??_secuencia+1,f
  1542     07E5  2FE0               	goto	u147
  1543     07E6  3200               	nop2
  1544     07E7                     l848:
  1545                           
  1546                           ;Secuencia.c: 163:       LATBbits.LATB0=1;
  1547     07E7  0022               	movlb	2	; select bank2
  1548     07E8  140D               	bsf	13,0	;volatile
  1549     07E9                     l850:
  1550                           
  1551                           ;Secuencia.c: 164:     LATBbits.LATB1=0;
  1552     07E9  108D               	bcf	13,1	;volatile
  1553     07EA                     l852:
  1554                           
  1555                           ;Secuencia.c: 165:     LATBbits.LATB2=0;
  1556     07EA  110D               	bcf	13,2	;volatile
  1557     07EB                     l854:
  1558                           
  1559                           ;Secuencia.c: 166:     LATBbits.LATB3=0;
  1560     07EB  118D               	bcf	13,3	;volatile
  1561     07EC                     l856:
  1562                           
  1563                           ;Secuencia.c: 167:     LATBbits.LATB4=0;
  1564     07EC  120D               	bcf	13,4	;volatile
  1565     07ED                     l858:
  1566                           
  1567                           ;Secuencia.c: 168:     LATBbits.LATB5=0;
  1568     07ED  128D               	bcf	13,5	;volatile
  1569     07EE                     l860:
  1570                           
  1571                           ;Secuencia.c: 169:     LATBbits.LATB6=0;
  1572     07EE  130D               	bcf	13,6	;volatile
  1573     07EF                     l862:
  1574                           
  1575                           ;Secuencia.c: 170:     LATBbits.LATB7=0;
  1576     07EF  138D               	bcf	13,7	;volatile
  1577                           
  1578                           ;Secuencia.c: 171:     _delay((unsigned long)((500)*(20000000UL/4000.0)));
  1579     07F0  300D               	movlw	13
  1580     07F1  00F1               	movwf	??_secuencia+1
  1581     07F2  30AF               	movlw	175
  1582     07F3  00F0               	movwf	??_secuencia
  1583     07F4  30B6               	movlw	182
  1584     07F5                     u157:
  1585     07F5  0B89               	decfsz	9,f
  1586     07F6  2FF5               	goto	u157
  1587     07F7  0BF0               	decfsz	??_secuencia,f
  1588     07F8  2FF5               	goto	u157
  1589     07F9  0BF1               	decfsz	??_secuencia+1,f
  1590     07FA  2FF5               	goto	u157
  1591     07FB  3200               	nop2
  1592     07FC                     l26:
  1593     07FC  0008               	return
  1594     07FD                     __end_of_secuencia:
  1595                           
  1596                           	psect	text2
  1597     06AC                     __ptext2:	
  1598 ;; *************** function _iniciar_leds *****************
  1599 ;; Defined at:
  1600 ;;		line 9 in file "Secuencia.c"
  1601 ;; Parameters:    Size  Location     Type
  1602 ;;		None
  1603 ;; Auto vars:     Size  Location     Type
  1604 ;;		None
  1605 ;; Return value:  Size  Location     Type
  1606 ;;                  1    wreg      void 
  1607 ;; Registers used:
  1608 ;;		None
  1609 ;; Tracked objects:
  1610 ;;		On entry : 0/0
  1611 ;;		On exit  : 0/0
  1612 ;;		Unchanged: 0/0
  1613 ;; Data sizes:     COMMON   BANK0   BANK1   BANK2   BANK3   BANK4   BANK5   BANK6   BANK7   BANK8   BANK9  BANK10  BANK1
      +1  BANK12
  1614 ;;      Params:         0       0       0       0       0       0       0       0       0       0       0       0       
      +0       0
  1615 ;;      Locals:         0       0       0       0       0       0       0       0       0       0       0       0       
      +0       0
  1616 ;;      Temps:          0       0       0       0       0       0       0       0       0       0       0       0       
      +0       0
  1617 ;;      Totals:         0       0       0       0       0       0       0       0       0       0       0       0       
      +0       0
  1618 ;;Total ram usage:        0 bytes
  1619 ;; Hardware stack levels used: 1
  1620 ;; This function calls:
  1621 ;;		Nothing
  1622 ;; This function is called by:
  1623 ;;		_main
  1624 ;; This function uses a non-reentrant model
  1625 ;;
  1626                           
  1627     06AC                     _iniciar_leds:	
  1628                           ;psect for function _iniciar_leds
  1629                           
  1630     06AC                     l634:	
  1631                           ;incstack = 0
  1632                           ; Regs used in _iniciar_leds: []
  1633                           
  1634                           
  1635                           ;Secuencia.c: 11:     TRISBbits.TRISB0 = 0;
  1636     06AC  0021               	movlb	1	; select bank1
  1637     06AD  100D               	bcf	13,0	;volatile
  1638                           
  1639                           ;Secuencia.c: 12:     TRISBbits.TRISB1 = 0;
  1640     06AE  108D               	bcf	13,1	;volatile
  1641                           
  1642                           ;Secuencia.c: 13:     TRISBbits.TRISB2 = 0;
  1643     06AF  110D               	bcf	13,2	;volatile
  1644                           
  1645                           ;Secuencia.c: 14:     TRISBbits.TRISB3 = 0;
  1646     06B0  118D               	bcf	13,3	;volatile
  1647                           
  1648                           ;Secuencia.c: 15:     TRISBbits.TRISB4 = 0;
  1649     06B1  120D               	bcf	13,4	;volatile
  1650                           
  1651                           ;Secuencia.c: 16:     TRISBbits.TRISB5 = 0;
  1652     06B2  128D               	bcf	13,5	;volatile
  1653                           
  1654                           ;Secuencia.c: 17:     TRISBbits.TRISB6 = 0;
  1655     06B3  130D               	bcf	13,6	;volatile
  1656                           
  1657                           ;Secuencia.c: 18:     TRISBbits.TRISB7 = 0;
  1658     06B4  138D               	bcf	13,7	;volatile
  1659     06B5                     l23:
  1660     06B5  0008               	return
  1661     06B6                     __end_of_iniciar_leds:
  1662     007E                     btemp	set	126	;btemp
  1663     007E                     wtemp0	set	126
  1664                           
  1665                           	psect	config
  1666                           
  1667                           ;Config register CONFIG1 @ 0x8007
  1668                           ;	Oscillator Selection
  1669                           ;	FOSC = HS, HS Oscillator, High-speed crystal/resonator connected between OSC1 and OSC2
      +                           pins
  1670                           ;	Watchdog Timer Enable
  1671                           ;	WDTE = OFF, WDT disabled
  1672                           ;	Power-up Timer Enable
  1673                           ;	PWRTE = OFF, PWRT disabled
  1674                           ;	MCLR Pin Function Select
  1675                           ;	MCLRE = ON, MCLR/VPP pin function is MCLR
  1676                           ;	Flash Program Memory Code Protection
  1677                           ;	CP = OFF, Program memory code protection is disabled
  1678                           ;	Data Memory Code Protection
  1679                           ;	CPD = OFF, Data memory code protection is disabled
  1680                           ;	Brown-out Reset Enable
  1681                           ;	BOREN = ON, Brown-out Reset enabled
  1682                           ;	Clock Out Enable
  1683                           ;	CLKOUTEN = OFF, CLKOUT function is disabled. I/O or oscillator function on the CLKOUT 
      +                          pin
  1684                           ;	Internal/External Switchover
  1685                           ;	IESO = ON, Internal/External Switchover mode is enabled
  1686                           ;	Fail-Safe Clock Monitor Enable
  1687                           ;	FCMEN = ON, Fail-Safe Clock Monitor is enabled
  1688     8007                     	org	32775
  1689     8007  3FE2               	dw	16354
  1690                           
  1691                           ;Config register CONFIG2 @ 0x8008
  1692                           ;	Flash Memory Self-Write Protection
  1693                           ;	WRT = OFF, Write protection off
  1694                           ;	Voltage Regulator Capacitor Enable
  1695                           ;	VCAPEN = OFF, All VCAP pin functionality is disabled
  1696                           ;	PLL Enable
  1697                           ;	PLLEN = OFF, 4x PLL disabled
  1698                           ;	Stack Overflow/Underflow Reset Enable
  1699                           ;	STVREN = ON, Stack Overflow or Underflow will cause a Reset
  1700                           ;	Brown-out Reset Voltage Selection
  1701                           ;	BORV = LO, Brown-out Reset Voltage (Vbor), low trip point selected.
  1702                           ;	Low-Voltage Programming Enable
  1703                           ;	LVP = OFF, High-voltage on MCLR/VPP must be used for programming
  1704     8008                     	org	32776
  1705     8008  1EFF               	dw	7935

Data Sizes:
    Strings     0
    Constant    0
    Data        0
    BSS         0
    Persistent  32
    Stack       0

Auto Spaces:
    Space          Size  Autos    Used
    COMMON           14      2       2
    BANK0            80      0       0
    BANK1            80      0       0
    BANK2            80      0       0
    BANK3            80      0       0
    BANK4            80      0       0
    BANK5            80      0       0
    BANK6            80      0       0
    BANK7            80      0       0
    BANK8            80      0       0
    BANK9            80      0       0
    BANK10           80      0       0
    BANK11           80      0       0
    BANK12           48      0       0

Pointer List with Targets:

    None.

Critical Paths under _main in COMMON

    _main->_secuencia

Critical Paths under _main in BANK0

    None.

Critical Paths under _main in BANK1

    None.

Critical Paths under _main in BANK2

    None.

Critical Paths under _main in BANK3

    None.

Critical Paths under _main in BANK4

    None.

Critical Paths under _main in BANK5

    None.

Critical Paths under _main in BANK6

    None.

Critical Paths under _main in BANK7

    None.

Critical Paths under _main in BANK8

    None.

Critical Paths under _main in BANK9

    None.

Critical Paths under _main in BANK10

    None.

Critical Paths under _main in BANK11

    None.

Critical Paths under _main in BANK12

    None.

Call Graph Tables:

 ---------------------------------------------------------------------------------
 (Depth) Function   	        Calls       Base Space   Used Autos Params    Refs
 ---------------------------------------------------------------------------------
 (0) _main                                                 0     0      0       0
                       _iniciar_leds
                          _secuencia
 ---------------------------------------------------------------------------------
 (1) _secuencia                                            2     2      0       0
                                              0 COMMON     2     2      0
 ---------------------------------------------------------------------------------
 (1) _iniciar_leds                                         0     0      0       0
 ---------------------------------------------------------------------------------
 Estimated maximum stack depth 1
 ---------------------------------------------------------------------------------

 Call Graph Graphs:

 _main (ROOT)
   _iniciar_leds
   _secuencia

 Address spaces:
Name               Size   Autos  Total    Cost      Usage
BIGRAM             3F0      0       0       0        0.0%
EEDATA             100      0       0       0        0.0%
NULL                 0      0       0       0        0.0%
CODE                 0      0       0       0        0.0%
BITCOMMON            E      0       0       1        0.0%
BITSFR0              0      0       0       1        0.0%
SFR0                 0      0       0       1        0.0%
COMMON               E      2       2       2       14.3%
BITSFR1              0      0       0       2        0.0%
SFR1                 0      0       0       2        0.0%
BITSFR2              0      0       0       3        0.0%
SFR2                 0      0       0       3        0.0%
STACK                0      0       0       3        0.0%
BITBANK0            50      0       0       4        0.0%
BITSFR3              0      0       0       4        0.0%
SFR3                 0      0       0       4        0.0%
BANK0               50      0       0       5        0.0%
BITSFR4              0      0       0       5        0.0%
SFR4                 0      0       0       5        0.0%
BITBANK1            50      0       0       6        0.0%
BITSFR5              0      0       0       6        0.0%
SFR5                 0      0       0       6        0.0%
BANK1               50      0       0       7        0.0%
BITSFR6              0      0       0       7        0.0%
SFR6                 0      0       0       7        0.0%
BITBANK2            50      0       0       8        0.0%
BITSFR7              0      0       0       8        0.0%
SFR7                 0      0       0       8        0.0%
BANK2               50      0       0       9        0.0%
BITSFR8              0      0       0       9        0.0%
SFR8                 0      0       0       9        0.0%
BITBANK3            50      0       0      10        0.0%
BITSFR9              0      0       0      10        0.0%
SFR9                 0      0       0      10        0.0%
BANK3               50      0       0      11        0.0%
BITSFR10             0      0       0      11        0.0%
SFR10                0      0       0      11        0.0%
BITBANK4            50      0       0      12        0.0%
BITSFR11             0      0       0      12        0.0%
SFR11                0      0       0      12        0.0%
BANK4               50      0       0      13        0.0%
BITSFR12             0      0       0      13        0.0%
SFR12                0      0       0      13        0.0%
BITBANK5            50      0       0      14        0.0%
BITSFR13             0      0       0      14        0.0%
SFR13                0      0       0      14        0.0%
BANK5               50      0       0      15        0.0%
BITSFR14             0      0       0      15        0.0%
SFR14                0      0       0      15        0.0%
BITBANK6            50      0       0      16        0.0%
BITSFR15             0      0       0      16        0.0%
SFR15                0      0       0      16        0.0%
BANK6               50      0       0      17        0.0%
BITSFR16             0      0       0      17        0.0%
SFR16                0      0       0      17        0.0%
BITBANK7            50      0       0      18        0.0%
BITSFR17             0      0       0      18        0.0%
SFR17                0      0       0      18        0.0%
BANK7               50      0       0      19        0.0%
BITSFR18             0      0       0      19        0.0%
SFR18                0      0       0      19        0.0%
BITSFR19             0      0       0      20        0.0%
SFR19                0      0       0      20        0.0%
ABS                  0      0       0      20        0.0%
BITBANK8            50      0       0      21        0.0%
BITSFR20             0      0       0      21        0.0%
SFR20                0      0       0      21        0.0%
BANK8               50      0       0      22        0.0%
BITSFR21             0      0       0      22        0.0%
SFR21                0      0       0      22        0.0%
BITBANK9            50      0       0      23        0.0%
BITSFR22             0      0       0      23        0.0%
SFR22                0      0       0      23        0.0%
BANK9               50      0       0      24        0.0%
BITSFR23             0      0       0      24        0.0%
SFR23                0      0       0      24        0.0%
BITBANK10           50      0       0      25        0.0%
BITSFR24             0      0       0      25        0.0%
SFR24                0      0       0      25        0.0%
BANK10              50      0       0      26        0.0%
BITSFR25             0      0       0      26        0.0%
SFR25                0      0       0      26        0.0%
BITBANK11           50      0       0      27        0.0%
BITSFR26             0      0       0      27        0.0%
SFR26                0      0       0      27        0.0%
BANK11              50      0       0      28        0.0%
BITSFR27             0      0       0      28        0.0%
SFR27                0      0       0      28        0.0%
BITBANK12           30      0       0      29        0.0%
BITSFR28             0      0       0      29        0.0%
SFR28                0      0       0      29        0.0%
BANK12              30      0       0      30        0.0%
BITSFR29             0      0       0      30        0.0%
SFR29                0      0       0      30        0.0%
BITSFR30             0      0       0      31        0.0%
SFR30                0      0       0      31        0.0%
DATA                 0      0       0      31        0.0%
BITSFR31             0      0       0      32        0.0%
SFR31                0      0       0      32        0.0%


Microchip Technology PIC Macro Assembler V2.41 build 20230208172133 
Symbol Table                                                                                   Mon Aug 21 21:53:34 2023

                     l23 06B5                       l26 07FC                       u17 06CF  
                     u27 06E4                       u37 06F9                       u47 070E  
                     u57 0723                       u67 0738                       u77 074D  
                     u87 0762                       u97 0777                      l700 071C  
                    l710 072E                      l702 071D                      l800 07A8  
                    l720 073F                      l712 072F                      l704 072A  
                    l640 06D6                      l634 06AC                      l810 07AE  
                    l802 07AA                      l730 0745                      l722 0741  
                    l714 0730                      l706 072C                      l650 06DC  
                    l642 06D8                      l820 07C0                      l812 07AF  
                    l804 07AB                      l740 0757                      l732 0746  
                    l724 0742                      l716 0731                      l708 072D  
                    l660 06EE                      l652 06DD                      l644 06D9  
                    l636 06C1                      l830 07C5                      l822 07C1  
                    l814 07B0                      l806 07AC                      l750 075C  
                    l742 0758                      l734 0747                      l726 0743  
                    l718 0732                      l670 06F3                      l662 06EF  
                    l654 06DE                      l646 06DA                      l638 06CA  
                    l840 07D7                      l832 07D2                      l824 07C2  
                    l816 07BD                      l808 07AD                      l760 076E  
                    l752 0769                      l744 0759                      l736 0754  
                    l728 0744                      l680 0705                      l672 0700  
                    l664 06F0                      l656 06EB                      l648 06DB  
                    l850 07E9                      l842 07D8                      l834 07D4  
                    l826 07C3                      l818 07BF                      l770 0780  
                    l762 076F                      l754 076B                      l746 075A  
                    l738 0756                      l690 0717                      l682 0706  
                    l674 0702                      l666 06F1                      l658 06ED  
                    l860 07EE                      l852 07EA                      l844 07D9  
                    l836 07D5                      l828 07C4                      l780 0785  
                    l772 0781                      l764 0770                      l756 076C  
                    l748 075B                      l692 0718                      l684 0707  
                    l676 0703                      l668 06F2                      l862 07EF  
                    l854 07EB                      l846 07DA                      l838 07D6  
                    l790 0797                      l782 0786                      l774 0782  
                    l766 0771                      l758 076D                      l694 0719  
                    l686 0708                      l678 0704                      l856 07EC  
                    l848 07E7                      l792 0798                      l784 0793  
                    l776 0783                      l768 077E                      l696 071A  
                    l688 0715                      l864 06B6                      l858 07ED  
                    l794 0799                      l786 0795                      l778 0784  
                    l698 071B                      l866 06B8                      l796 079A  
                    l788 0796                      l868 06BB                      l798 079B  
                    u107 078C                      u117 07A1                      u127 07B6  
                    u137 07CB                      u147 07E0                      u157 07F5  
                    wreg 0009                     _main 06B6                     btemp 007E  
                   start 0002                    ?_main 0070                    wtemp0 007E  
          ?_iniciar_leds 0070          __initialization 07FD             __end_of_main 06C1  
                 ??_main 0072                   _ANSELB 018D           ??_iniciar_leds 0070  
__end_of__initialization 07FD           __pcstackCOMMON 0070               __pmaintext 06B6  
   __end_of_iniciar_leds 06B6                  __ptext1 06C1                  __ptext2 06AC  
   end_of_initialization 07FD        __end_of_secuencia 07FD                _TRISBbits 008D  
    start_initialization 07FD             _iniciar_leds 06AC                ___latbits 0003  
               _LATBbits 010D                _secuencia 06C1               ?_secuencia 0070  
            ??_secuencia 0070  
