

Microchip MPLAB XC8 Assembler V2.41 build 20230208172133 
                                                                                               Fri Sep 08 09:46:04 2023

Microchip MPLAB XC8 C Compiler v2.41 (Free license) build 20230208172133 Og1 
     1                           	processor	16F1939
     2                           	pagewidth 120
     3                           	opt	flic
     4                           	psect	cinit,global,class=CODE,merge=1,delta=2
     5                           	psect	cstackCOMMON,global,class=COMMON,space=1,delta=1,noexec
     6                           	psect	maintext,global,class=CODE,merge=1,split=1,delta=2
     7                           	psect	text1,local,class=CODE,merge=1,delta=2
     8                           	psect	config,global,abs,ovrld,class=CONFIG,space=4,delta=2,noexec
     9                           	dabs	1,0x7E,2
    10     0000                     
    11                           ; Generated 09/02/2023 GMT
    12                           ; 
    13                           ; Copyright © 2023, Microchip Technology Inc. and its subsidiaries ("Microchip")
    14                           ; All rights reserved.
    15                           ; 
    16                           ; This software is developed by Microchip Technology Inc. and its subsidiaries ("Microch
      +                          ip").
    17                           ; 
    18                           ; Redistribution and use in source and binary forms, with or without modification, are
    19                           ; permitted provided that the following conditions are met:
    20                           ; 
    21                           ;     1. Redistributions of source code must retain the above copyright notice, this lis
      +                          t of
    22                           ;        conditions and the following disclaimer.
    23                           ; 
    24                           ;     2. Redistributions in binary form must reproduce the above copyright notice, this 
      +                          list
    25                           ;        of conditions and the following disclaimer in the documentation and/or other
    26                           ;        materials provided with the distribution. Publication is not required when
    27                           ;        this file is used in an embedded application.
    28                           ; 
    29                           ;     3. Microchip's name may not be used to endorse or promote products derived from th
      +                          is
    30                           ;        software without specific prior written permission.
    31                           ; 
    32                           ; THIS SOFTWARE IS PROVIDED BY MICROCHIP "AS IS" AND ANY EXPRESS OR IMPLIED WARRANTIES,
    33                           ; INCLUDING, BUT NOT LIMITED TO, THE IMPLIED WARRANTIES OF MERCHANTABILITY AND FITNESS F
      +                          OR
    34                           ; PURPOSE ARE DISCLAIMED.  IN NO EVENT SHALL MICROCHIP BE LIABLE FOR ANY DIRECT, INDIREC
      +                          T,
    35                           ; INCIDENTAL, SPECIAL, EXEMPLARY, OR CONSEQUENTIAL DAMAGES (INCLUDING BUT NOT LIMITED TO
    36                           ; PROCUREMENT OF SUBSTITUTE GOODS OR SERVICES; LOSS OF USE, DATA OR PROFITS; OR BUSINESS
    37                           ; INTERRUPTION) HOWSOEVER CAUSED AND ON ANY THEORY OF LIABILITY, WHETHER IN CONTRACT, ST
      +                          RICT
    38                           ; LIABILITY, OR TORT (INCLUDING NEGLIGENCE OR OTHERWISE) ARISING IN ANY WAY OUT OF THE U
      +                          SE OF
    39                           ; THIS SOFTWARE, EVEN IF ADVISED OF THE POSSIBILITY OF SUCH DAMAGE.
    40                           ; 
    41                           ; 
    42                           ; Code-generator required, PIC16F1939 Definitions
    43                           ; 
    44                           ; SFR Addresses
    45     0000                     	;# 
    46     0001                     	;# 
    47     0002                     	;# 
    48     0003                     	;# 
    49     0004                     	;# 
    50     0005                     	;# 
    51     0006                     	;# 
    52     0007                     	;# 
    53     0008                     	;# 
    54     0009                     	;# 
    55     000A                     	;# 
    56     000B                     	;# 
    57     000C                     	;# 
    58     000D                     	;# 
    59     000E                     	;# 
    60     000F                     	;# 
    61     0010                     	;# 
    62     0011                     	;# 
    63     0012                     	;# 
    64     0013                     	;# 
    65     0015                     	;# 
    66     0016                     	;# 
    67     0016                     	;# 
    68     0017                     	;# 
    69     0018                     	;# 
    70     0019                     	;# 
    71     001A                     	;# 
    72     001B                     	;# 
    73     001C                     	;# 
    74     001E                     	;# 
    75     001F                     	;# 
    76     008C                     	;# 
    77     008D                     	;# 
    78     008E                     	;# 
    79     008F                     	;# 
    80     0090                     	;# 
    81     0091                     	;# 
    82     0092                     	;# 
    83     0093                     	;# 
    84     0095                     	;# 
    85     0096                     	;# 
    86     0097                     	;# 
    87     0098                     	;# 
    88     0099                     	;# 
    89     009A                     	;# 
    90     009B                     	;# 
    91     009B                     	;# 
    92     009C                     	;# 
    93     009D                     	;# 
    94     009E                     	;# 
    95     010C                     	;# 
    96     010D                     	;# 
    97     010E                     	;# 
    98     010F                     	;# 
    99     0110                     	;# 
   100     0111                     	;# 
   101     0112                     	;# 
   102     0113                     	;# 
   103     0114                     	;# 
   104     0115                     	;# 
   105     0116                     	;# 
   106     0117                     	;# 
   107     0118                     	;# 
   108     0119                     	;# 
   109     011A                     	;# 
   110     011B                     	;# 
   111     011D                     	;# 
   112     018C                     	;# 
   113     018D                     	;# 
   114     018F                     	;# 
   115     0190                     	;# 
   116     0191                     	;# 
   117     0191                     	;# 
   118     0192                     	;# 
   119     0193                     	;# 
   120     0193                     	;# 
   121     0193                     	;# 
   122     0194                     	;# 
   123     0195                     	;# 
   124     0196                     	;# 
   125     0199                     	;# 
   126     019A                     	;# 
   127     019B                     	;# 
   128     019B                     	;# 
   129     019B                     	;# 
   130     019B                     	;# 
   131     019C                     	;# 
   132     019C                     	;# 
   133     019D                     	;# 
   134     019E                     	;# 
   135     019F                     	;# 
   136     020D                     	;# 
   137     0210                     	;# 
   138     0211                     	;# 
   139     0212                     	;# 
   140     0213                     	;# 
   141     0214                     	;# 
   142     0215                     	;# 
   143     0215                     	;# 
   144     0216                     	;# 
   145     0217                     	;# 
   146     0291                     	;# 
   147     0291                     	;# 
   148     0292                     	;# 
   149     0293                     	;# 
   150     0294                     	;# 
   151     0295                     	;# 
   152     0295                     	;# 
   153     0296                     	;# 
   154     0298                     	;# 
   155     0298                     	;# 
   156     0299                     	;# 
   157     029A                     	;# 
   158     029B                     	;# 
   159     029C                     	;# 
   160     029C                     	;# 
   161     029D                     	;# 
   162     029E                     	;# 
   163     029F                     	;# 
   164     0311                     	;# 
   165     0311                     	;# 
   166     0312                     	;# 
   167     0313                     	;# 
   168     0314                     	;# 
   169     0315                     	;# 
   170     0315                     	;# 
   171     0316                     	;# 
   172     0318                     	;# 
   173     0318                     	;# 
   174     0319                     	;# 
   175     031A                     	;# 
   176     031C                     	;# 
   177     031C                     	;# 
   178     031D                     	;# 
   179     031E                     	;# 
   180     0394                     	;# 
   181     0395                     	;# 
   182     0396                     	;# 
   183     0415                     	;# 
   184     0416                     	;# 
   185     0417                     	;# 
   186     041C                     	;# 
   187     041D                     	;# 
   188     041E                     	;# 
   189     0791                     	;# 
   190     0792                     	;# 
   191     0793                     	;# 
   192     0794                     	;# 
   193     0795                     	;# 
   194     0798                     	;# 
   195     0799                     	;# 
   196     079A                     	;# 
   197     07A0                     	;# 
   198     07A1                     	;# 
   199     07A2                     	;# 
   200     07A3                     	;# 
   201     07A4                     	;# 
   202     07A5                     	;# 
   203     07A6                     	;# 
   204     07A7                     	;# 
   205     07A8                     	;# 
   206     07A9                     	;# 
   207     07AA                     	;# 
   208     07AB                     	;# 
   209     0FE4                     	;# 
   210     0FE5                     	;# 
   211     0FE6                     	;# 
   212     0FE7                     	;# 
   213     0FE8                     	;# 
   214     0FE9                     	;# 
   215     0FEA                     	;# 
   216     0FEB                     	;# 
   217     0FED                     	;# 
   218     0FEE                     	;# 
   219     0FEF                     	;# 
   220     0000                     	;# 
   221     0001                     	;# 
   222     0002                     	;# 
   223     0003                     	;# 
   224     0004                     	;# 
   225     0005                     	;# 
   226     0006                     	;# 
   227     0007                     	;# 
   228     0008                     	;# 
   229     0009                     	;# 
   230     000A                     	;# 
   231     000B                     	;# 
   232     000C                     	;# 
   233     000D                     	;# 
   234     000E                     	;# 
   235     000F                     	;# 
   236     0010                     	;# 
   237     0011                     	;# 
   238     0012                     	;# 
   239     0013                     	;# 
   240     0015                     	;# 
   241     0016                     	;# 
   242     0016                     	;# 
   243     0017                     	;# 
   244     0018                     	;# 
   245     0019                     	;# 
   246     001A                     	;# 
   247     001B                     	;# 
   248     001C                     	;# 
   249     001E                     	;# 
   250     001F                     	;# 
   251     008C                     	;# 
   252     008D                     	;# 
   253     008E                     	;# 
   254     008F                     	;# 
   255     0090                     	;# 
   256     0091                     	;# 
   257     0092                     	;# 
   258     0093                     	;# 
   259     0095                     	;# 
   260     0096                     	;# 
   261     0097                     	;# 
   262     0098                     	;# 
   263     0099                     	;# 
   264     009A                     	;# 
   265     009B                     	;# 
   266     009B                     	;# 
   267     009C                     	;# 
   268     009D                     	;# 
   269     009E                     	;# 
   270     010C                     	;# 
   271     010D                     	;# 
   272     010E                     	;# 
   273     010F                     	;# 
   274     0110                     	;# 
   275     0111                     	;# 
   276     0112                     	;# 
   277     0113                     	;# 
   278     0114                     	;# 
   279     0115                     	;# 
   280     0116                     	;# 
   281     0117                     	;# 
   282     0118                     	;# 
   283     0119                     	;# 
   284     011A                     	;# 
   285     011B                     	;# 
   286     011D                     	;# 
   287     018C                     	;# 
   288     018D                     	;# 
   289     018F                     	;# 
   290     0190                     	;# 
   291     0191                     	;# 
   292     0191                     	;# 
   293     0192                     	;# 
   294     0193                     	;# 
   295     0193                     	;# 
   296     0193                     	;# 
   297     0194                     	;# 
   298     0195                     	;# 
   299     0196                     	;# 
   300     0199                     	;# 
   301     019A                     	;# 
   302     019B                     	;# 
   303     019B                     	;# 
   304     019B                     	;# 
   305     019B                     	;# 
   306     019C                     	;# 
   307     019C                     	;# 
   308     019D                     	;# 
   309     019E                     	;# 
   310     019F                     	;# 
   311     020D                     	;# 
   312     0210                     	;# 
   313     0211                     	;# 
   314     0212                     	;# 
   315     0213                     	;# 
   316     0214                     	;# 
   317     0215                     	;# 
   318     0215                     	;# 
   319     0216                     	;# 
   320     0217                     	;# 
   321     0291                     	;# 
   322     0291                     	;# 
   323     0292                     	;# 
   324     0293                     	;# 
   325     0294                     	;# 
   326     0295                     	;# 
   327     0295                     	;# 
   328     0296                     	;# 
   329     0298                     	;# 
   330     0298                     	;# 
   331     0299                     	;# 
   332     029A                     	;# 
   333     029B                     	;# 
   334     029C                     	;# 
   335     029C                     	;# 
   336     029D                     	;# 
   337     029E                     	;# 
   338     029F                     	;# 
   339     0311                     	;# 
   340     0311                     	;# 
   341     0312                     	;# 
   342     0313                     	;# 
   343     0314                     	;# 
   344     0315                     	;# 
   345     0315                     	;# 
   346     0316                     	;# 
   347     0318                     	;# 
   348     0318                     	;# 
   349     0319                     	;# 
   350     031A                     	;# 
   351     031C                     	;# 
   352     031C                     	;# 
   353     031D                     	;# 
   354     031E                     	;# 
   355     0394                     	;# 
   356     0395                     	;# 
   357     0396                     	;# 
   358     0415                     	;# 
   359     0416                     	;# 
   360     0417                     	;# 
   361     041C                     	;# 
   362     041D                     	;# 
   363     041E                     	;# 
   364     0791                     	;# 
   365     0792                     	;# 
   366     0793                     	;# 
   367     0794                     	;# 
   368     0795                     	;# 
   369     0798                     	;# 
   370     0799                     	;# 
   371     079A                     	;# 
   372     07A0                     	;# 
   373     07A1                     	;# 
   374     07A2                     	;# 
   375     07A3                     	;# 
   376     07A4                     	;# 
   377     07A5                     	;# 
   378     07A6                     	;# 
   379     07A7                     	;# 
   380     07A8                     	;# 
   381     07A9                     	;# 
   382     07AA                     	;# 
   383     07AB                     	;# 
   384     0FE4                     	;# 
   385     0FE5                     	;# 
   386     0FE6                     	;# 
   387     0FE7                     	;# 
   388     0FE8                     	;# 
   389     0FE9                     	;# 
   390     0FEA                     	;# 
   391     0FEB                     	;# 
   392     0FED                     	;# 
   393     0FEE                     	;# 
   394     0FEF                     	;# 
   395     0000                     	;# 
   396     0001                     	;# 
   397     0002                     	;# 
   398     0003                     	;# 
   399     0004                     	;# 
   400     0005                     	;# 
   401     0006                     	;# 
   402     0007                     	;# 
   403     0008                     	;# 
   404     0009                     	;# 
   405     000A                     	;# 
   406     000B                     	;# 
   407     000C                     	;# 
   408     000D                     	;# 
   409     000E                     	;# 
   410     000F                     	;# 
   411     0010                     	;# 
   412     0011                     	;# 
   413     0012                     	;# 
   414     0013                     	;# 
   415     0015                     	;# 
   416     0016                     	;# 
   417     0016                     	;# 
   418     0017                     	;# 
   419     0018                     	;# 
   420     0019                     	;# 
   421     001A                     	;# 
   422     001B                     	;# 
   423     001C                     	;# 
   424     001E                     	;# 
   425     001F                     	;# 
   426     008C                     	;# 
   427     008D                     	;# 
   428     008E                     	;# 
   429     008F                     	;# 
   430     0090                     	;# 
   431     0091                     	;# 
   432     0092                     	;# 
   433     0093                     	;# 
   434     0095                     	;# 
   435     0096                     	;# 
   436     0097                     	;# 
   437     0098                     	;# 
   438     0099                     	;# 
   439     009A                     	;# 
   440     009B                     	;# 
   441     009B                     	;# 
   442     009C                     	;# 
   443     009D                     	;# 
   444     009E                     	;# 
   445     010C                     	;# 
   446     010D                     	;# 
   447     010E                     	;# 
   448     010F                     	;# 
   449     0110                     	;# 
   450     0111                     	;# 
   451     0112                     	;# 
   452     0113                     	;# 
   453     0114                     	;# 
   454     0115                     	;# 
   455     0116                     	;# 
   456     0117                     	;# 
   457     0118                     	;# 
   458     0119                     	;# 
   459     011A                     	;# 
   460     011B                     	;# 
   461     011D                     	;# 
   462     018C                     	;# 
   463     018D                     	;# 
   464     018F                     	;# 
   465     0190                     	;# 
   466     0191                     	;# 
   467     0191                     	;# 
   468     0192                     	;# 
   469     0193                     	;# 
   470     0193                     	;# 
   471     0193                     	;# 
   472     0194                     	;# 
   473     0195                     	;# 
   474     0196                     	;# 
   475     0199                     	;# 
   476     019A                     	;# 
   477     019B                     	;# 
   478     019B                     	;# 
   479     019B                     	;# 
   480     019B                     	;# 
   481     019C                     	;# 
   482     019C                     	;# 
   483     019D                     	;# 
   484     019E                     	;# 
   485     019F                     	;# 
   486     020D                     	;# 
   487     0210                     	;# 
   488     0211                     	;# 
   489     0212                     	;# 
   490     0213                     	;# 
   491     0214                     	;# 
   492     0215                     	;# 
   493     0215                     	;# 
   494     0216                     	;# 
   495     0217                     	;# 
   496     0291                     	;# 
   497     0291                     	;# 
   498     0292                     	;# 
   499     0293                     	;# 
   500     0294                     	;# 
   501     0295                     	;# 
   502     0295                     	;# 
   503     0296                     	;# 
   504     0298                     	;# 
   505     0298                     	;# 
   506     0299                     	;# 
   507     029A                     	;# 
   508     029B                     	;# 
   509     029C                     	;# 
   510     029C                     	;# 
   511     029D                     	;# 
   512     029E                     	;# 
   513     029F                     	;# 
   514     0311                     	;# 
   515     0311                     	;# 
   516     0312                     	;# 
   517     0313                     	;# 
   518     0314                     	;# 
   519     0315                     	;# 
   520     0315                     	;# 
   521     0316                     	;# 
   522     0318                     	;# 
   523     0318                     	;# 
   524     0319                     	;# 
   525     031A                     	;# 
   526     031C                     	;# 
   527     031C                     	;# 
   528     031D                     	;# 
   529     031E                     	;# 
   530     0394                     	;# 
   531     0395                     	;# 
   532     0396                     	;# 
   533     0415                     	;# 
   534     0416                     	;# 
   535     0417                     	;# 
   536     041C                     	;# 
   537     041D                     	;# 
   538     041E                     	;# 
   539     0791                     	;# 
   540     0792                     	;# 
   541     0793                     	;# 
   542     0794                     	;# 
   543     0795                     	;# 
   544     0798                     	;# 
   545     0799                     	;# 
   546     079A                     	;# 
   547     07A0                     	;# 
   548     07A1                     	;# 
   549     07A2                     	;# 
   550     07A3                     	;# 
   551     07A4                     	;# 
   552     07A5                     	;# 
   553     07A6                     	;# 
   554     07A7                     	;# 
   555     07A8                     	;# 
   556     07A9                     	;# 
   557     07AA                     	;# 
   558     07AB                     	;# 
   559     0FE4                     	;# 
   560     0FE5                     	;# 
   561     0FE6                     	;# 
   562     0FE7                     	;# 
   563     0FE8                     	;# 
   564     0FE9                     	;# 
   565     0FEA                     	;# 
   566     0FEB                     	;# 
   567     0FED                     	;# 
   568     0FEE                     	;# 
   569     0FEF                     	;# 
   570     008F                     _TRISD	set	143
   571     008D                     _TRISB	set	141
   572     008C                     _TRISA	set	140
   573     010D                     _LATBbits	set	269
   574     010C                     _LATAbits	set	268
   575     018D                     _ANSELB	set	397
   576     018C                     _ANSELA	set	396
   577                           
   578                           	psect	cinit
   579     07FD                     start_initialization:	
   580                           ; #config settings
   581                           
   582     07FD                     __initialization:
   583     07FD                     end_of_initialization:	
   584                           ;End of C runtime variable initialization code
   585                           
   586     07FD                     __end_of__initialization:
   587     07FD  0020               	movlb	0
   588     07FE  3187  2F66         	ljmp	_main	;jump to C main() function
   589                           
   590                           	psect	cstackCOMMON
   591     0070                     __pcstackCOMMON:
   592     0070                     ?_semaforo:
   593     0070                     ??_semaforo:	
   594                           ; 1 bytes @ 0x0
   595                           
   596     0070                     ?_main:	
   597                           ; 1 bytes @ 0x0
   598                           
   599                           
   600                           ; 1 bytes @ 0x0
   601     0070                     	ds	2
   602     0072                     ??_main:
   603                           
   604                           	psect	maintext
   605     0766                     __pmaintext:	
   606                           ; 1 bytes @ 0x2
   607 ;;
   608 ;;Main: autosize = 0, tempsize = 0, incstack = 0, save=0
   609 ;;
   610 ;; *************** function _main *****************
   611 ;; Defined at:
   612 ;;		line 113 in file "main.c"
   613 ;; Parameters:    Size  Location     Type
   614 ;;		None
   615 ;; Auto vars:     Size  Location     Type
   616 ;;		None
   617 ;; Return value:  Size  Location     Type
   618 ;;                  1    wreg      void 
   619 ;; Registers used:
   620 ;;		wreg, status,2, status,0, pclath, cstack
   621 ;; Tracked objects:
   622 ;;		On entry : B1F/0
   623 ;;		On exit  : 0/0
   624 ;;		Unchanged: 0/0
   625 ;; Data sizes:     COMMON   BANK0   BANK1   BANK2   BANK3   BANK4   BANK5   BANK6   BANK7   BANK8   BANK9  BANK10  BANK1
      +1  BANK12
   626 ;;      Params:         0       0       0       0       0       0       0       0       0       0       0       0       
      +0       0
   627 ;;      Locals:         0       0       0       0       0       0       0       0       0       0       0       0       
      +0       0
   628 ;;      Temps:          0       0       0       0       0       0       0       0       0       0       0       0       
      +0       0
   629 ;;      Totals:         0       0       0       0       0       0       0       0       0       0       0       0       
      +0       0
   630 ;;Total ram usage:        0 bytes
   631 ;; Hardware stack levels required when called: 1
   632 ;; This function calls:
   633 ;;		_semaforo
   634 ;; This function is called by:
   635 ;;		Startup code after reset
   636 ;; This function uses a non-reentrant model
   637 ;;
   638                           
   639     0766                     _main:	
   640                           ;psect for function _main
   641                           
   642     0766                     l775:	
   643                           ;incstack = 0
   644                           ; Regs used in _main: [wreg+status,2+status,0+pclath+cstack]
   645                           
   646                           
   647                           ;main.c: 115:     TRISD = 0x00;
   648     0766  0021               	movlb	1	; select bank1
   649     0767  018F               	clrf	15	;volatile
   650     0768                     l777:
   651                           
   652                           ;main.c: 120:         semaforo();
   653     0768  3187  276E  3187   	fcall	_semaforo
   654     076B  2F68               	goto	l777
   655     076C  3180  2802         	ljmp	start
   656     076E                     __end_of_main:
   657                           
   658                           	psect	text1
   659     076E                     __ptext1:	
   660 ;; *************** function _semaforo *****************
   661 ;; Defined at:
   662 ;;		line 4 in file "main.c"
   663 ;; Parameters:    Size  Location     Type
   664 ;;		None
   665 ;; Auto vars:     Size  Location     Type
   666 ;;		None
   667 ;; Return value:  Size  Location     Type
   668 ;;                  1    wreg      void 
   669 ;; Registers used:
   670 ;;		wreg, status,2
   671 ;; Tracked objects:
   672 ;;		On entry : 0/0
   673 ;;		On exit  : 0/0
   674 ;;		Unchanged: 0/0
   675 ;; Data sizes:     COMMON   BANK0   BANK1   BANK2   BANK3   BANK4   BANK5   BANK6   BANK7   BANK8   BANK9  BANK10  BANK1
      +1  BANK12
   676 ;;      Params:         0       0       0       0       0       0       0       0       0       0       0       0       
      +0       0
   677 ;;      Locals:         0       0       0       0       0       0       0       0       0       0       0       0       
      +0       0
   678 ;;      Temps:          2       0       0       0       0       0       0       0       0       0       0       0       
      +0       0
   679 ;;      Totals:         2       0       0       0       0       0       0       0       0       0       0       0       
      +0       0
   680 ;;Total ram usage:        2 bytes
   681 ;; Hardware stack levels used: 1
   682 ;; This function calls:
   683 ;;		Nothing
   684 ;; This function is called by:
   685 ;;		_main
   686 ;; This function uses a non-reentrant model
   687 ;;
   688                           
   689     076E                     _semaforo:	
   690                           ;psect for function _semaforo
   691                           
   692     076E                     l635:	
   693                           ;incstack = 0
   694                           ; Regs used in _semaforo: [wreg+status,2]
   695                           
   696                           
   697                           ;main.c: 5:     TRISA = 0x00;
   698     076E  0021               	movlb	1	; select bank1
   699     076F  018C               	clrf	12	;volatile
   700                           
   701                           ;main.c: 6:     ANSELA = 0x00;
   702     0770  0023               	movlb	3	; select bank3
   703     0771  018C               	clrf	12	;volatile
   704                           
   705                           ;main.c: 7:     ANSELB = 0x00;
   706     0772  018D               	clrf	13	;volatile
   707                           
   708                           ;main.c: 8:     TRISB = 0x00;
   709     0773  0021               	movlb	1	; select bank1
   710     0774  018D               	clrf	13	;volatile
   711     0775                     l637:
   712                           
   713                           ;main.c: 15:     LATAbits.LATA0 = 0;
   714     0775  0022               	movlb	2	; select bank2
   715     0776  100C               	bcf	12,0	;volatile
   716     0777                     l639:
   717                           
   718                           ;main.c: 16:     LATAbits.LATA1 = 0;
   719     0777  108C               	bcf	12,1	;volatile
   720     0778                     l641:
   721                           
   722                           ;main.c: 17:     LATAbits.LATA2 = 0;
   723     0778  110C               	bcf	12,2	;volatile
   724     0779                     l643:
   725                           
   726                           ;main.c: 18:     LATAbits.LATA3 = 0;
   727     0779  118C               	bcf	12,3	;volatile
   728     077A                     l645:
   729                           
   730                           ;main.c: 19:     LATAbits.LATA4 = 0;
   731     077A  120C               	bcf	12,4	;volatile
   732     077B                     l647:
   733                           
   734                           ;main.c: 20:     LATAbits.LATA5 = 0;
   735     077B  128C               	bcf	12,5	;volatile
   736     077C                     l649:
   737                           
   738                           ;main.c: 21:     LATBbits.LATB0 = 0;
   739     077C  100D               	bcf	13,0	;volatile
   740     077D                     l651:
   741                           
   742                           ;main.c: 22:     LATBbits.LATB1 = 0;
   743     077D  108D               	bcf	13,1	;volatile
   744     077E                     l653:
   745                           
   746                           ;main.c: 23:     LATBbits.LATB2 = 0;
   747     077E  110D               	bcf	13,2	;volatile
   748     077F                     l655:
   749                           
   750                           ;main.c: 27:     LATAbits.LATA0 = 0;
   751     077F  100C               	bcf	12,0	;volatile
   752     0780                     l657:
   753                           
   754                           ;main.c: 28:     LATAbits.LATA1 = 0;
   755     0780  108C               	bcf	12,1	;volatile
   756     0781                     l659:
   757                           
   758                           ;main.c: 29:     LATAbits.LATA2 = 1;
   759     0781  150C               	bsf	12,2	;volatile
   760     0782                     l661:
   761                           
   762                           ;main.c: 31:     LATAbits.LATA3 = 1;
   763     0782  158C               	bsf	12,3	;volatile
   764     0783                     l663:
   765                           
   766                           ;main.c: 32:     LATAbits.LATA4 = 0;
   767     0783  120C               	bcf	12,4	;volatile
   768     0784                     l665:
   769                           
   770                           ;main.c: 33:     LATAbits.LATA5 = 0;
   771     0784  128C               	bcf	12,5	;volatile
   772     0785                     l667:
   773                           
   774                           ;main.c: 35:     LATBbits.LATB0 = 1;
   775     0785  140D               	bsf	13,0	;volatile
   776     0786                     l669:
   777                           
   778                           ;main.c: 36:     LATBbits.LATB1 = 0;
   779     0786  108D               	bcf	13,1	;volatile
   780     0787                     l671:
   781                           
   782                           ;main.c: 37:     LATBbits.LATB2 = 0;
   783     0787  110D               	bcf	13,2	;volatile
   784     0788                     l673:
   785                           
   786                           ;main.c: 39:     _delay((unsigned long)((5000)*(20000000UL/4000.0)));
   787     0788  307F               	movlw	127
   788     0789  00F1               	movwf	??_semaforo+1
   789     078A  30D4               	movlw	212
   790     078B  00F0               	movwf	??_semaforo
   791     078C  3032               	movlw	50
   792     078D                     u17:
   793     078D  0B89               	decfsz	9,f
   794     078E  2F8D               	goto	u17
   795     078F  0BF0               	decfsz	??_semaforo,f
   796     0790  2F8D               	goto	u17
   797     0791  0BF1               	decfsz	??_semaforo+1,f
   798     0792  2F8D               	goto	u17
   799     0793                     l675:
   800                           
   801                           ;main.c: 41:     LATAbits.LATA0 = 0;
   802     0793  0022               	movlb	2	; select bank2
   803     0794  100C               	bcf	12,0	;volatile
   804     0795                     l677:
   805                           
   806                           ;main.c: 42:     LATAbits.LATA1 = 1;
   807     0795  148C               	bsf	12,1	;volatile
   808     0796                     l679:
   809                           
   810                           ;main.c: 43:     LATAbits.LATA2 = 0;
   811     0796  110C               	bcf	12,2	;volatile
   812     0797                     l681:
   813                           
   814                           ;main.c: 45:     LATAbits.LATA3 = 0;
   815     0797  118C               	bcf	12,3	;volatile
   816     0798                     l683:
   817                           
   818                           ;main.c: 46:     LATAbits.LATA4 = 1;
   819     0798  160C               	bsf	12,4	;volatile
   820     0799                     l685:
   821                           
   822                           ;main.c: 47:     LATAbits.LATA5 = 0;
   823     0799  128C               	bcf	12,5	;volatile
   824     079A                     l687:
   825                           
   826                           ;main.c: 49:     LATBbits.LATB0 = 1;
   827     079A  140D               	bsf	13,0	;volatile
   828     079B                     l689:
   829                           
   830                           ;main.c: 50:     LATBbits.LATB1 = 0;
   831     079B  108D               	bcf	13,1	;volatile
   832     079C                     l691:
   833                           
   834                           ;main.c: 51:     LATBbits.LATB2 = 0;
   835     079C  110D               	bcf	13,2	;volatile
   836     079D                     l693:
   837                           
   838                           ;main.c: 53:     _delay((unsigned long)((5000)*(20000000UL/4000.0)));
   839     079D  307F               	movlw	127
   840     079E  00F1               	movwf	??_semaforo+1
   841     079F  30D4               	movlw	212
   842     07A0  00F0               	movwf	??_semaforo
   843     07A1  3032               	movlw	50
   844     07A2                     u27:
   845     07A2  0B89               	decfsz	9,f
   846     07A3  2FA2               	goto	u27
   847     07A4  0BF0               	decfsz	??_semaforo,f
   848     07A5  2FA2               	goto	u27
   849     07A6  0BF1               	decfsz	??_semaforo+1,f
   850     07A7  2FA2               	goto	u27
   851     07A8                     l695:
   852                           
   853                           ;main.c: 55:     LATAbits.LATA0 = 1;
   854     07A8  0022               	movlb	2	; select bank2
   855     07A9  140C               	bsf	12,0	;volatile
   856     07AA                     l697:
   857                           
   858                           ;main.c: 56:     LATAbits.LATA1 = 0;
   859     07AA  108C               	bcf	12,1	;volatile
   860     07AB                     l699:
   861                           
   862                           ;main.c: 57:     LATAbits.LATA2 = 0;
   863     07AB  110C               	bcf	12,2	;volatile
   864     07AC                     l701:
   865                           
   866                           ;main.c: 59:     LATAbits.LATA3 = 0;
   867     07AC  118C               	bcf	12,3	;volatile
   868     07AD                     l703:
   869                           
   870                           ;main.c: 60:     LATAbits.LATA4 = 0;
   871     07AD  120C               	bcf	12,4	;volatile
   872     07AE                     l705:
   873                           
   874                           ;main.c: 61:     LATAbits.LATA5 = 1;
   875     07AE  168C               	bsf	12,5	;volatile
   876     07AF                     l707:
   877                           
   878                           ;main.c: 63:     LATBbits.LATB0 = 1;
   879     07AF  140D               	bsf	13,0	;volatile
   880     07B0                     l709:
   881                           
   882                           ;main.c: 64:     LATBbits.LATB1 = 0;
   883     07B0  108D               	bcf	13,1	;volatile
   884     07B1                     l711:
   885                           
   886                           ;main.c: 65:     LATBbits.LATB2 = 0;
   887     07B1  110D               	bcf	13,2	;volatile
   888     07B2                     l713:
   889                           
   890                           ;main.c: 67:     _delay((unsigned long)((5000)*(20000000UL/4000.0)));
   891     07B2  307F               	movlw	127
   892     07B3  00F1               	movwf	??_semaforo+1
   893     07B4  30D4               	movlw	212
   894     07B5  00F0               	movwf	??_semaforo
   895     07B6  3032               	movlw	50
   896     07B7                     u37:
   897     07B7  0B89               	decfsz	9,f
   898     07B8  2FB7               	goto	u37
   899     07B9  0BF0               	decfsz	??_semaforo,f
   900     07BA  2FB7               	goto	u37
   901     07BB  0BF1               	decfsz	??_semaforo+1,f
   902     07BC  2FB7               	goto	u37
   903     07BD                     l715:
   904                           
   905                           ;main.c: 69:     LATAbits.LATA0 = 1;
   906     07BD  0022               	movlb	2	; select bank2
   907     07BE  140C               	bsf	12,0	;volatile
   908     07BF                     l717:
   909                           
   910                           ;main.c: 70:     LATAbits.LATA1 = 0;
   911     07BF  108C               	bcf	12,1	;volatile
   912     07C0                     l719:
   913                           
   914                           ;main.c: 71:     LATAbits.LATA2 = 0;
   915     07C0  110C               	bcf	12,2	;volatile
   916     07C1                     l721:
   917                           
   918                           ;main.c: 73:     LATAbits.LATA3 = 0;
   919     07C1  118C               	bcf	12,3	;volatile
   920     07C2                     l723:
   921                           
   922                           ;main.c: 74:     LATAbits.LATA4 = 1;
   923     07C2  160C               	bsf	12,4	;volatile
   924     07C3                     l725:
   925                           
   926                           ;main.c: 75:     LATAbits.LATA5 = 0;
   927     07C3  128C               	bcf	12,5	;volatile
   928     07C4                     l727:
   929                           
   930                           ;main.c: 77:     LATBbits.LATB0 = 0;
   931     07C4  100D               	bcf	13,0	;volatile
   932     07C5                     l729:
   933                           
   934                           ;main.c: 78:     LATBbits.LATB1 = 1;
   935     07C5  148D               	bsf	13,1	;volatile
   936     07C6                     l731:
   937                           
   938                           ;main.c: 79:     LATBbits.LATB2 = 0;
   939     07C6  110D               	bcf	13,2	;volatile
   940     07C7                     l733:
   941                           
   942                           ;main.c: 81:      _delay((unsigned long)((5000)*(20000000UL/4000.0)));
   943     07C7  307F               	movlw	127
   944     07C8  00F1               	movwf	??_semaforo+1
   945     07C9  30D4               	movlw	212
   946     07CA  00F0               	movwf	??_semaforo
   947     07CB  3032               	movlw	50
   948     07CC                     u47:
   949     07CC  0B89               	decfsz	9,f
   950     07CD  2FCC               	goto	u47
   951     07CE  0BF0               	decfsz	??_semaforo,f
   952     07CF  2FCC               	goto	u47
   953     07D0  0BF1               	decfsz	??_semaforo+1,f
   954     07D1  2FCC               	goto	u47
   955     07D2                     l735:
   956                           
   957                           ;main.c: 83:     LATAbits.LATA0 = 1;
   958     07D2  0022               	movlb	2	; select bank2
   959     07D3  140C               	bsf	12,0	;volatile
   960     07D4                     l737:
   961                           
   962                           ;main.c: 84:     LATAbits.LATA1 = 0;
   963     07D4  108C               	bcf	12,1	;volatile
   964     07D5                     l739:
   965                           
   966                           ;main.c: 85:     LATAbits.LATA2 = 0;
   967     07D5  110C               	bcf	12,2	;volatile
   968     07D6                     l741:
   969                           
   970                           ;main.c: 87:     LATAbits.LATA3 = 1;
   971     07D6  158C               	bsf	12,3	;volatile
   972     07D7                     l743:
   973                           
   974                           ;main.c: 88:     LATAbits.LATA4 = 0;
   975     07D7  120C               	bcf	12,4	;volatile
   976     07D8                     l745:
   977                           
   978                           ;main.c: 89:     LATAbits.LATA5 = 0;
   979     07D8  128C               	bcf	12,5	;volatile
   980     07D9                     l747:
   981                           
   982                           ;main.c: 91:     LATBbits.LATB0 = 0;
   983     07D9  100D               	bcf	13,0	;volatile
   984     07DA                     l749:
   985                           
   986                           ;main.c: 92:     LATBbits.LATB1 = 0;
   987     07DA  108D               	bcf	13,1	;volatile
   988     07DB                     l751:
   989                           
   990                           ;main.c: 93:     LATBbits.LATB2 = 1;
   991     07DB  150D               	bsf	13,2	;volatile
   992     07DC                     l753:
   993                           
   994                           ;main.c: 95:     _delay((unsigned long)((5000)*(20000000UL/4000.0)));
   995     07DC  307F               	movlw	127
   996     07DD  00F1               	movwf	??_semaforo+1
   997     07DE  30D4               	movlw	212
   998     07DF  00F0               	movwf	??_semaforo
   999     07E0  3032               	movlw	50
  1000     07E1                     u57:
  1001     07E1  0B89               	decfsz	9,f
  1002     07E2  2FE1               	goto	u57
  1003     07E3  0BF0               	decfsz	??_semaforo,f
  1004     07E4  2FE1               	goto	u57
  1005     07E5  0BF1               	decfsz	??_semaforo+1,f
  1006     07E6  2FE1               	goto	u57
  1007     07E7                     l755:
  1008                           
  1009                           ;main.c: 97:     LATAbits.LATA0 = 0;
  1010     07E7  0022               	movlb	2	; select bank2
  1011     07E8  100C               	bcf	12,0	;volatile
  1012     07E9                     l757:
  1013                           
  1014                           ;main.c: 98:     LATAbits.LATA1 = 1;
  1015     07E9  148C               	bsf	12,1	;volatile
  1016     07EA                     l759:
  1017                           
  1018                           ;main.c: 99:     LATAbits.LATA2 = 0;
  1019     07EA  110C               	bcf	12,2	;volatile
  1020     07EB                     l761:
  1021                           
  1022                           ;main.c: 101:     LATAbits.LATA3 = 1;
  1023     07EB  158C               	bsf	12,3	;volatile
  1024     07EC                     l763:
  1025                           
  1026                           ;main.c: 102:     LATAbits.LATA4 = 0;
  1027     07EC  120C               	bcf	12,4	;volatile
  1028     07ED                     l765:
  1029                           
  1030                           ;main.c: 103:     LATAbits.LATA5 = 0;
  1031     07ED  128C               	bcf	12,5	;volatile
  1032     07EE                     l767:
  1033                           
  1034                           ;main.c: 105:     LATBbits.LATB0 = 0;
  1035     07EE  100D               	bcf	13,0	;volatile
  1036     07EF                     l769:
  1037                           
  1038                           ;main.c: 106:     LATBbits.LATB1 = 1;
  1039     07EF  148D               	bsf	13,1	;volatile
  1040     07F0                     l771:
  1041                           
  1042                           ;main.c: 107:     LATBbits.LATB2 = 0;
  1043     07F0  110D               	bcf	13,2	;volatile
  1044     07F1                     l773:
  1045                           
  1046                           ;main.c: 109:     _delay((unsigned long)((5000)*(20000000UL/4000.0)));
  1047     07F1  307F               	movlw	127
  1048     07F2  00F1               	movwf	??_semaforo+1
  1049     07F3  30D4               	movlw	212
  1050     07F4  00F0               	movwf	??_semaforo
  1051     07F5  3032               	movlw	50
  1052     07F6                     u67:
  1053     07F6  0B89               	decfsz	9,f
  1054     07F7  2FF6               	goto	u67
  1055     07F8  0BF0               	decfsz	??_semaforo,f
  1056     07F9  2FF6               	goto	u67
  1057     07FA  0BF1               	decfsz	??_semaforo+1,f
  1058     07FB  2FF6               	goto	u67
  1059     07FC                     l19:
  1060     07FC  0008               	return
  1061     07FD                     __end_of_semaforo:
  1062     007E                     btemp	set	126	;btemp
  1063     007E                     wtemp0	set	126
  1064                           
  1065                           	psect	config
  1066                           
  1067                           ;Config register CONFIG1 @ 0x8007
  1068                           ;	Oscillator Selection
  1069                           ;	FOSC = HS, HS Oscillator, High-speed crystal/resonator connected between OSC1 and OSC2
      +                           pins
  1070                           ;	Watchdog Timer Enable
  1071                           ;	WDTE = OFF, WDT disabled
  1072                           ;	Power-up Timer Enable
  1073                           ;	PWRTE = OFF, PWRT disabled
  1074                           ;	MCLR Pin Function Select
  1075                           ;	MCLRE = ON, MCLR/VPP pin function is MCLR
  1076                           ;	Flash Program Memory Code Protection
  1077                           ;	CP = OFF, Program memory code protection is disabled
  1078                           ;	Data Memory Code Protection
  1079                           ;	CPD = OFF, Data memory code protection is disabled
  1080                           ;	Brown-out Reset Enable
  1081                           ;	BOREN = ON, Brown-out Reset enabled
  1082                           ;	Clock Out Enable
  1083                           ;	CLKOUTEN = OFF, CLKOUT function is disabled. I/O or oscillator function on the CLKOUT 
      +                          pin
  1084                           ;	Internal/External Switchover
  1085                           ;	IESO = ON, Internal/External Switchover mode is enabled
  1086                           ;	Fail-Safe Clock Monitor Enable
  1087                           ;	FCMEN = ON, Fail-Safe Clock Monitor is enabled
  1088     8007                     	org	32775
  1089     8007  3FE2               	dw	16354
  1090                           
  1091                           ;Config register CONFIG2 @ 0x8008
  1092                           ;	Flash Memory Self-Write Protection
  1093                           ;	WRT = OFF, Write protection off
  1094                           ;	Voltage Regulator Capacitor Enable
  1095                           ;	VCAPEN = OFF, All VCAP pin functionality is disabled
  1096                           ;	PLL Enable
  1097                           ;	PLLEN = OFF, 4x PLL disabled
  1098                           ;	Stack Overflow/Underflow Reset Enable
  1099                           ;	STVREN = ON, Stack Overflow or Underflow will cause a Reset
  1100                           ;	Brown-out Reset Voltage Selection
  1101                           ;	BORV = LO, Brown-out Reset Voltage (Vbor), low trip point selected.
  1102                           ;	Low-Voltage Programming Enable
  1103                           ;	LVP = OFF, High-voltage on MCLR/VPP must be used for programming
  1104     8008                     	org	32776
  1105     8008  1EFF               	dw	7935

Data Sizes:
    Strings     0
    Constant    0
    Data        0
    BSS         0
    Persistent  32
    Stack       0

Auto Spaces:
    Space          Size  Autos    Used
    COMMON           14      2       2
    BANK0            80      0       0
    BANK1            80      0       0
    BANK2            80      0       0
    BANK3            80      0       0
    BANK4            80      0       0
    BANK5            80      0       0
    BANK6            80      0       0
    BANK7            80      0       0
    BANK8            80      0       0
    BANK9            80      0       0
    BANK10           80      0       0
    BANK11           80      0       0
    BANK12           48      0       0

Pointer List with Targets:

    None.

Critical Paths under _main in COMMON

    _main->_semaforo

Critical Paths under _main in BANK0

    None.

Critical Paths under _main in BANK1

    None.

Critical Paths under _main in BANK2

    None.

Critical Paths under _main in BANK3

    None.

Critical Paths under _main in BANK4

    None.

Critical Paths under _main in BANK5

    None.

Critical Paths under _main in BANK6

    None.

Critical Paths under _main in BANK7

    None.

Critical Paths under _main in BANK8

    None.

Critical Paths under _main in BANK9

    None.

Critical Paths under _main in BANK10

    None.

Critical Paths under _main in BANK11

    None.

Critical Paths under _main in BANK12

    None.

Call Graph Tables:

 ---------------------------------------------------------------------------------
 (Depth) Function   	        Calls       Base Space   Used Autos Params    Refs
 ---------------------------------------------------------------------------------
 (0) _main                                                 0     0      0       0
                           _semaforo
 ---------------------------------------------------------------------------------
 (1) _semaforo                                             2     2      0       0
                                              0 COMMON     2     2      0
 ---------------------------------------------------------------------------------
 Estimated maximum stack depth 1
 ---------------------------------------------------------------------------------

 Call Graph Graphs:

 _main (ROOT)
   _semaforo

 Address spaces:
Name               Size   Autos  Total    Cost      Usage
BIGRAM             3F0      0       0       0        0.0%
EEDATA             100      0       0       0        0.0%
NULL                 0      0       0       0        0.0%
CODE                 0      0       0       0        0.0%
BITCOMMON            E      0       0       1        0.0%
BITSFR0              0      0       0       1        0.0%
SFR0                 0      0       0       1        0.0%
COMMON               E      2       2       2       14.3%
BITSFR1              0      0       0       2        0.0%
SFR1                 0      0       0       2        0.0%
BITSFR2              0      0       0       3        0.0%
SFR2                 0      0       0       3        0.0%
STACK                0      0       0       3        0.0%
BITBANK0            50      0       0       4        0.0%
BITSFR3              0      0       0       4        0.0%
SFR3                 0      0       0       4        0.0%
BANK0               50      0       0       5        0.0%
BITSFR4              0      0       0       5        0.0%
SFR4                 0      0       0       5        0.0%
BITBANK1            50      0       0       6        0.0%
BITSFR5              0      0       0       6        0.0%
SFR5                 0      0       0       6        0.0%
BANK1               50      0       0       7        0.0%
BITSFR6              0      0       0       7        0.0%
SFR6                 0      0       0       7        0.0%
BITBANK2            50      0       0       8        0.0%
BITSFR7              0      0       0       8        0.0%
SFR7                 0      0       0       8        0.0%
BANK2               50      0       0       9        0.0%
BITSFR8              0      0       0       9        0.0%
SFR8                 0      0       0       9        0.0%
BITBANK3            50      0       0      10        0.0%
BITSFR9              0      0       0      10        0.0%
SFR9                 0      0       0      10        0.0%
BANK3               50      0       0      11        0.0%
BITSFR10             0      0       0      11        0.0%
SFR10                0      0       0      11        0.0%
BITBANK4            50      0       0      12        0.0%
BITSFR11             0      0       0      12        0.0%
SFR11                0      0       0      12        0.0%
BANK4               50      0       0      13        0.0%
BITSFR12             0      0       0      13        0.0%
SFR12                0      0       0      13        0.0%
BITBANK5            50      0       0      14        0.0%
BITSFR13             0      0       0      14        0.0%
SFR13                0      0       0      14        0.0%
BANK5               50      0       0      15        0.0%
BITSFR14             0      0       0      15        0.0%
SFR14                0      0       0      15        0.0%
BITBANK6            50      0       0      16        0.0%
BITSFR15             0      0       0      16        0.0%
SFR15                0      0       0      16        0.0%
BANK6               50      0       0      17        0.0%
BITSFR16             0      0       0      17        0.0%
SFR16                0      0       0      17        0.0%
BITBANK7            50      0       0      18        0.0%
BITSFR17             0      0       0      18        0.0%
SFR17                0      0       0      18        0.0%
BANK7               50      0       0      19        0.0%
BITSFR18             0      0       0      19        0.0%
SFR18                0      0       0      19        0.0%
BITSFR19             0      0       0      20        0.0%
SFR19                0      0       0      20        0.0%
ABS                  0      0       0      20        0.0%
BITBANK8            50      0       0      21        0.0%
BITSFR20             0      0       0      21        0.0%
SFR20                0      0       0      21        0.0%
BANK8               50      0       0      22        0.0%
BITSFR21             0      0       0      22        0.0%
SFR21                0      0       0      22        0.0%
BITBANK9            50      0       0      23        0.0%
BITSFR22             0      0       0      23        0.0%
SFR22                0      0       0      23        0.0%
BANK9               50      0       0      24        0.0%
BITSFR23             0      0       0      24        0.0%
SFR23                0      0       0      24        0.0%
BITBANK10           50      0       0      25        0.0%
BITSFR24             0      0       0      25        0.0%
SFR24                0      0       0      25        0.0%
BANK10              50      0       0      26        0.0%
BITSFR25             0      0       0      26        0.0%
SFR25                0      0       0      26        0.0%
BITBANK11           50      0       0      27        0.0%
BITSFR26             0      0       0      27        0.0%
SFR26                0      0       0      27        0.0%
BANK11              50      0       0      28        0.0%
BITSFR27             0      0       0      28        0.0%
SFR27                0      0       0      28        0.0%
BITBANK12           30      0       0      29        0.0%
BITSFR28             0      0       0      29        0.0%
SFR28                0      0       0      29        0.0%
BANK12              30      0       0      30        0.0%
BITSFR29             0      0       0      30        0.0%
SFR29                0      0       0      30        0.0%
BITSFR30             0      0       0      31        0.0%
SFR30                0      0       0      31        0.0%
DATA                 0      0       0      31        0.0%
BITSFR31             0      0       0      32        0.0%
SFR31                0      0       0      32        0.0%


Microchip Technology PIC Macro Assembler V2.41 build 20230208172133 
Symbol Table                                                                                   Fri Sep 08 09:46:04 2023

                     l19 07FC                       u17 078D                       u27 07A2  
                     u37 07B7                       u47 07CC                       u57 07E1  
                     u67 07F6                      l701 07AC                      l711 07B1  
                    l703 07AD                      l721 07C1                      l713 07B2  
                    l705 07AE                      l641 0778                      l731 07C6  
                    l723 07C2                      l715 07BD                      l707 07AF  
                    l651 077D                      l643 0779                      l635 076E  
                    l741 07D6                      l733 07C7                      l725 07C3  
                    l717 07BF                      l709 07B0                      l661 0782  
                    l653 077E                      l645 077A                      l637 0775  
                    l751 07DB                      l743 07D7                      l735 07D2  
                    l727 07C4                      l719 07C0                      l671 0787  
                    l663 0783                      l655 077F                      l647 077B  
                    l639 0777                      l761 07EB                      l753 07DC  
                    l745 07D8                      l737 07D4                      l729 07C5  
                    l681 0797                      l673 0788                      l665 0784  
                    l657 0780                      l649 077C                      l771 07F0  
                    l763 07EC                      l755 07E7                      l747 07D9  
                    l739 07D5                      l691 079C                      l683 0798  
                    l675 0793                      l667 0785                      l659 0781  
                    l773 07F1                      l765 07ED                      l757 07E9  
                    l749 07DA                      l693 079D                      l685 0799  
                    l677 0795                      l669 0786                      l767 07EE  
                    l759 07EA                      l695 07A8                      l687 079A  
                    l679 0796                      l775 0766                      l769 07EF  
                    l697 07AA                      l689 079B                      l777 0768  
                    l699 07AB                      wreg 0009                     _main 0766  
                   btemp 007E                     start 0002                    ?_main 0070  
                  _TRISA 008C                    _TRISB 008D                    _TRISD 008F  
                  wtemp0 007E          __initialization 07FD             __end_of_main 076E  
                 ??_main 0072                   _ANSELA 018C                   _ANSELB 018D  
       __end_of_semaforo 07FD  __end_of__initialization 07FD           __pcstackCOMMON 0070  
             __pmaintext 0766                ?_semaforo 0070                  __ptext1 076E  
   end_of_initialization 07FD               ??_semaforo 0070      start_initialization 07FD  
              ___latbits 0003                 _LATAbits 010C                 _LATBbits 010D  
               _semaforo 076E  
