

Microchip MPLAB XC8 Assembler V2.41 build 20230208172133 
                                                                                               Sun Aug 27 16:43:45 2023

Microchip MPLAB XC8 C Compiler v2.41 (Free license) build 20230208172133 Og1 
     1                           	processor	16F1939
     2                           	pagewidth 120
     3                           	opt	flic
     4                           	psect	idataCOMMON,global,class=CODE,delta=2,noexec
     5                           	psect	nvCOMMON,global,class=COMMON,space=1,delta=1,noexec
     6                           	psect	cinit,global,class=CODE,merge=1,delta=2
     7                           	psect	bssCOMMON,global,class=COMMON,space=1,delta=1,noexec
     8                           	psect	dataCOMMON,global,class=COMMON,space=1,delta=1,noexec
     9                           	psect	cstackCOMMON,global,class=COMMON,space=1,delta=1,noexec
    10                           	psect	maintext,global,class=CODE,merge=1,split=1,delta=2
    11                           	psect	text1,local,class=CODE,merge=1,delta=2
    12                           	psect	text2,local,class=CODE,merge=1,delta=2
    13                           	psect	text3,local,class=CODE,merge=1,delta=2
    14                           	psect	config,global,abs,ovrld,class=CONFIG,space=4,delta=2,noexec
    15                           	dabs	1,0x7E,2
    16     0000                     
    17                           ; Generated 28/03/2023 GMT
    18                           ; 
    19                           ; Copyright © 2023, Microchip Technology Inc. and its subsidiaries ("Microchip")
    20                           ; All rights reserved.
    21                           ; 
    22                           ; This software is developed by Microchip Technology Inc. and its subsidiaries ("Microch
      +                          ip").
    23                           ; 
    24                           ; Redistribution and use in source and binary forms, with or without modification, are
    25                           ; permitted provided that the following conditions are met:
    26                           ; 
    27                           ;     1. Redistributions of source code must retain the above copyright notice, this lis
      +                          t of
    28                           ;        conditions and the following disclaimer.
    29                           ; 
    30                           ;     2. Redistributions in binary form must reproduce the above copyright notice, this 
      +                          list
    31                           ;        of conditions and the following disclaimer in the documentation and/or other
    32                           ;        materials provided with the distribution. Publication is not required when
    33                           ;        this file is used in an embedded application.
    34                           ; 
    35                           ;     3. Microchip's name may not be used to endorse or promote products derived from th
      +                          is
    36                           ;        software without specific prior written permission.
    37                           ; 
    38                           ; THIS SOFTWARE IS PROVIDED BY MICROCHIP "AS IS" AND ANY EXPRESS OR IMPLIED WARRANTIES,
    39                           ; INCLUDING, BUT NOT LIMITED TO, THE IMPLIED WARRANTIES OF MERCHANTABILITY AND FITNESS F
      +                          OR
    40                           ; PURPOSE ARE DISCLAIMED.  IN NO EVENT SHALL MICROCHIP BE LIABLE FOR ANY DIRECT, INDIREC
      +                          T,
    41                           ; INCIDENTAL, SPECIAL, EXEMPLARY, OR CONSEQUENTIAL DAMAGES (INCLUDING BUT NOT LIMITED TO
    42                           ; PROCUREMENT OF SUBSTITUTE GOODS OR SERVICES; LOSS OF USE, DATA OR PROFITS; OR BUSINESS
    43                           ; INTERRUPTION) HOWSOEVER CAUSED AND ON ANY THEORY OF LIABILITY, WHETHER IN CONTRACT, ST
      +                          RICT
    44                           ; LIABILITY, OR TORT (INCLUDING NEGLIGENCE OR OTHERWISE) ARISING IN ANY WAY OUT OF THE U
      +                          SE OF
    45                           ; THIS SOFTWARE, EVEN IF ADVISED OF THE POSSIBILITY OF SUCH DAMAGE.
    46                           ; 
    47                           ; 
    48                           ; Code-generator required, PIC16F1939 Definitions
    49                           ; 
    50                           ; SFR Addresses
    51     0000                     	;# 
    52     0001                     	;# 
    53     0002                     	;# 
    54     0003                     	;# 
    55     0004                     	;# 
    56     0005                     	;# 
    57     0006                     	;# 
    58     0007                     	;# 
    59     0008                     	;# 
    60     0009                     	;# 
    61     000A                     	;# 
    62     000B                     	;# 
    63     000C                     	;# 
    64     000D                     	;# 
    65     000E                     	;# 
    66     000F                     	;# 
    67     0010                     	;# 
    68     0011                     	;# 
    69     0012                     	;# 
    70     0013                     	;# 
    71     0015                     	;# 
    72     0016                     	;# 
    73     0016                     	;# 
    74     0017                     	;# 
    75     0018                     	;# 
    76     0019                     	;# 
    77     001A                     	;# 
    78     001B                     	;# 
    79     001C                     	;# 
    80     001E                     	;# 
    81     001F                     	;# 
    82     008C                     	;# 
    83     008D                     	;# 
    84     008E                     	;# 
    85     008F                     	;# 
    86     0090                     	;# 
    87     0091                     	;# 
    88     0092                     	;# 
    89     0093                     	;# 
    90     0095                     	;# 
    91     0096                     	;# 
    92     0097                     	;# 
    93     0098                     	;# 
    94     0099                     	;# 
    95     009A                     	;# 
    96     009B                     	;# 
    97     009B                     	;# 
    98     009C                     	;# 
    99     009D                     	;# 
   100     009E                     	;# 
   101     010C                     	;# 
   102     010D                     	;# 
   103     010E                     	;# 
   104     010F                     	;# 
   105     0110                     	;# 
   106     0111                     	;# 
   107     0112                     	;# 
   108     0113                     	;# 
   109     0114                     	;# 
   110     0115                     	;# 
   111     0116                     	;# 
   112     0117                     	;# 
   113     0118                     	;# 
   114     0119                     	;# 
   115     011A                     	;# 
   116     011B                     	;# 
   117     011D                     	;# 
   118     018C                     	;# 
   119     018D                     	;# 
   120     018F                     	;# 
   121     0190                     	;# 
   122     0191                     	;# 
   123     0191                     	;# 
   124     0192                     	;# 
   125     0193                     	;# 
   126     0193                     	;# 
   127     0193                     	;# 
   128     0194                     	;# 
   129     0195                     	;# 
   130     0196                     	;# 
   131     0199                     	;# 
   132     019A                     	;# 
   133     019B                     	;# 
   134     019B                     	;# 
   135     019B                     	;# 
   136     019B                     	;# 
   137     019C                     	;# 
   138     019C                     	;# 
   139     019D                     	;# 
   140     019E                     	;# 
   141     019F                     	;# 
   142     020D                     	;# 
   143     0210                     	;# 
   144     0211                     	;# 
   145     0212                     	;# 
   146     0213                     	;# 
   147     0214                     	;# 
   148     0215                     	;# 
   149     0215                     	;# 
   150     0216                     	;# 
   151     0217                     	;# 
   152     0291                     	;# 
   153     0291                     	;# 
   154     0292                     	;# 
   155     0293                     	;# 
   156     0294                     	;# 
   157     0295                     	;# 
   158     0295                     	;# 
   159     0296                     	;# 
   160     0298                     	;# 
   161     0298                     	;# 
   162     0299                     	;# 
   163     029A                     	;# 
   164     029B                     	;# 
   165     029C                     	;# 
   166     029C                     	;# 
   167     029D                     	;# 
   168     029E                     	;# 
   169     029F                     	;# 
   170     0311                     	;# 
   171     0311                     	;# 
   172     0312                     	;# 
   173     0313                     	;# 
   174     0314                     	;# 
   175     0315                     	;# 
   176     0315                     	;# 
   177     0316                     	;# 
   178     0318                     	;# 
   179     0318                     	;# 
   180     0319                     	;# 
   181     031A                     	;# 
   182     031C                     	;# 
   183     031C                     	;# 
   184     031D                     	;# 
   185     031E                     	;# 
   186     0394                     	;# 
   187     0395                     	;# 
   188     0396                     	;# 
   189     0415                     	;# 
   190     0416                     	;# 
   191     0417                     	;# 
   192     041C                     	;# 
   193     041D                     	;# 
   194     041E                     	;# 
   195     0791                     	;# 
   196     0792                     	;# 
   197     0793                     	;# 
   198     0794                     	;# 
   199     0795                     	;# 
   200     0798                     	;# 
   201     0799                     	;# 
   202     079A                     	;# 
   203     07A0                     	;# 
   204     07A1                     	;# 
   205     07A2                     	;# 
   206     07A3                     	;# 
   207     07A4                     	;# 
   208     07A5                     	;# 
   209     07A6                     	;# 
   210     07A7                     	;# 
   211     07A8                     	;# 
   212     07A9                     	;# 
   213     07AA                     	;# 
   214     07AB                     	;# 
   215     0FE4                     	;# 
   216     0FE5                     	;# 
   217     0FE6                     	;# 
   218     0FE7                     	;# 
   219     0FE8                     	;# 
   220     0FE9                     	;# 
   221     0FEA                     	;# 
   222     0FEB                     	;# 
   223     0FED                     	;# 
   224     0FEE                     	;# 
   225     0FEF                     	;# 
   226     0000                     	;# 
   227     0001                     	;# 
   228     0002                     	;# 
   229     0003                     	;# 
   230     0004                     	;# 
   231     0005                     	;# 
   232     0006                     	;# 
   233     0007                     	;# 
   234     0008                     	;# 
   235     0009                     	;# 
   236     000A                     	;# 
   237     000B                     	;# 
   238     000C                     	;# 
   239     000D                     	;# 
   240     000E                     	;# 
   241     000F                     	;# 
   242     0010                     	;# 
   243     0011                     	;# 
   244     0012                     	;# 
   245     0013                     	;# 
   246     0015                     	;# 
   247     0016                     	;# 
   248     0016                     	;# 
   249     0017                     	;# 
   250     0018                     	;# 
   251     0019                     	;# 
   252     001A                     	;# 
   253     001B                     	;# 
   254     001C                     	;# 
   255     001E                     	;# 
   256     001F                     	;# 
   257     008C                     	;# 
   258     008D                     	;# 
   259     008E                     	;# 
   260     008F                     	;# 
   261     0090                     	;# 
   262     0091                     	;# 
   263     0092                     	;# 
   264     0093                     	;# 
   265     0095                     	;# 
   266     0096                     	;# 
   267     0097                     	;# 
   268     0098                     	;# 
   269     0099                     	;# 
   270     009A                     	;# 
   271     009B                     	;# 
   272     009B                     	;# 
   273     009C                     	;# 
   274     009D                     	;# 
   275     009E                     	;# 
   276     010C                     	;# 
   277     010D                     	;# 
   278     010E                     	;# 
   279     010F                     	;# 
   280     0110                     	;# 
   281     0111                     	;# 
   282     0112                     	;# 
   283     0113                     	;# 
   284     0114                     	;# 
   285     0115                     	;# 
   286     0116                     	;# 
   287     0117                     	;# 
   288     0118                     	;# 
   289     0119                     	;# 
   290     011A                     	;# 
   291     011B                     	;# 
   292     011D                     	;# 
   293     018C                     	;# 
   294     018D                     	;# 
   295     018F                     	;# 
   296     0190                     	;# 
   297     0191                     	;# 
   298     0191                     	;# 
   299     0192                     	;# 
   300     0193                     	;# 
   301     0193                     	;# 
   302     0193                     	;# 
   303     0194                     	;# 
   304     0195                     	;# 
   305     0196                     	;# 
   306     0199                     	;# 
   307     019A                     	;# 
   308     019B                     	;# 
   309     019B                     	;# 
   310     019B                     	;# 
   311     019B                     	;# 
   312     019C                     	;# 
   313     019C                     	;# 
   314     019D                     	;# 
   315     019E                     	;# 
   316     019F                     	;# 
   317     020D                     	;# 
   318     0210                     	;# 
   319     0211                     	;# 
   320     0212                     	;# 
   321     0213                     	;# 
   322     0214                     	;# 
   323     0215                     	;# 
   324     0215                     	;# 
   325     0216                     	;# 
   326     0217                     	;# 
   327     0291                     	;# 
   328     0291                     	;# 
   329     0292                     	;# 
   330     0293                     	;# 
   331     0294                     	;# 
   332     0295                     	;# 
   333     0295                     	;# 
   334     0296                     	;# 
   335     0298                     	;# 
   336     0298                     	;# 
   337     0299                     	;# 
   338     029A                     	;# 
   339     029B                     	;# 
   340     029C                     	;# 
   341     029C                     	;# 
   342     029D                     	;# 
   343     029E                     	;# 
   344     029F                     	;# 
   345     0311                     	;# 
   346     0311                     	;# 
   347     0312                     	;# 
   348     0313                     	;# 
   349     0314                     	;# 
   350     0315                     	;# 
   351     0315                     	;# 
   352     0316                     	;# 
   353     0318                     	;# 
   354     0318                     	;# 
   355     0319                     	;# 
   356     031A                     	;# 
   357     031C                     	;# 
   358     031C                     	;# 
   359     031D                     	;# 
   360     031E                     	;# 
   361     0394                     	;# 
   362     0395                     	;# 
   363     0396                     	;# 
   364     0415                     	;# 
   365     0416                     	;# 
   366     0417                     	;# 
   367     041C                     	;# 
   368     041D                     	;# 
   369     041E                     	;# 
   370     0791                     	;# 
   371     0792                     	;# 
   372     0793                     	;# 
   373     0794                     	;# 
   374     0795                     	;# 
   375     0798                     	;# 
   376     0799                     	;# 
   377     079A                     	;# 
   378     07A0                     	;# 
   379     07A1                     	;# 
   380     07A2                     	;# 
   381     07A3                     	;# 
   382     07A4                     	;# 
   383     07A5                     	;# 
   384     07A6                     	;# 
   385     07A7                     	;# 
   386     07A8                     	;# 
   387     07A9                     	;# 
   388     07AA                     	;# 
   389     07AB                     	;# 
   390     0FE4                     	;# 
   391     0FE5                     	;# 
   392     0FE6                     	;# 
   393     0FE7                     	;# 
   394     0FE8                     	;# 
   395     0FE9                     	;# 
   396     0FEA                     	;# 
   397     0FEB                     	;# 
   398     0FED                     	;# 
   399     0FEE                     	;# 
   400     0FEF                     	;# 
   401     0000                     	;# 
   402     0001                     	;# 
   403     0002                     	;# 
   404     0003                     	;# 
   405     0004                     	;# 
   406     0005                     	;# 
   407     0006                     	;# 
   408     0007                     	;# 
   409     0008                     	;# 
   410     0009                     	;# 
   411     000A                     	;# 
   412     000B                     	;# 
   413     000C                     	;# 
   414     000D                     	;# 
   415     000E                     	;# 
   416     000F                     	;# 
   417     0010                     	;# 
   418     0011                     	;# 
   419     0012                     	;# 
   420     0013                     	;# 
   421     0015                     	;# 
   422     0016                     	;# 
   423     0016                     	;# 
   424     0017                     	;# 
   425     0018                     	;# 
   426     0019                     	;# 
   427     001A                     	;# 
   428     001B                     	;# 
   429     001C                     	;# 
   430     001E                     	;# 
   431     001F                     	;# 
   432     008C                     	;# 
   433     008D                     	;# 
   434     008E                     	;# 
   435     008F                     	;# 
   436     0090                     	;# 
   437     0091                     	;# 
   438     0092                     	;# 
   439     0093                     	;# 
   440     0095                     	;# 
   441     0096                     	;# 
   442     0097                     	;# 
   443     0098                     	;# 
   444     0099                     	;# 
   445     009A                     	;# 
   446     009B                     	;# 
   447     009B                     	;# 
   448     009C                     	;# 
   449     009D                     	;# 
   450     009E                     	;# 
   451     010C                     	;# 
   452     010D                     	;# 
   453     010E                     	;# 
   454     010F                     	;# 
   455     0110                     	;# 
   456     0111                     	;# 
   457     0112                     	;# 
   458     0113                     	;# 
   459     0114                     	;# 
   460     0115                     	;# 
   461     0116                     	;# 
   462     0117                     	;# 
   463     0118                     	;# 
   464     0119                     	;# 
   465     011A                     	;# 
   466     011B                     	;# 
   467     011D                     	;# 
   468     018C                     	;# 
   469     018D                     	;# 
   470     018F                     	;# 
   471     0190                     	;# 
   472     0191                     	;# 
   473     0191                     	;# 
   474     0192                     	;# 
   475     0193                     	;# 
   476     0193                     	;# 
   477     0193                     	;# 
   478     0194                     	;# 
   479     0195                     	;# 
   480     0196                     	;# 
   481     0199                     	;# 
   482     019A                     	;# 
   483     019B                     	;# 
   484     019B                     	;# 
   485     019B                     	;# 
   486     019B                     	;# 
   487     019C                     	;# 
   488     019C                     	;# 
   489     019D                     	;# 
   490     019E                     	;# 
   491     019F                     	;# 
   492     020D                     	;# 
   493     0210                     	;# 
   494     0211                     	;# 
   495     0212                     	;# 
   496     0213                     	;# 
   497     0214                     	;# 
   498     0215                     	;# 
   499     0215                     	;# 
   500     0216                     	;# 
   501     0217                     	;# 
   502     0291                     	;# 
   503     0291                     	;# 
   504     0292                     	;# 
   505     0293                     	;# 
   506     0294                     	;# 
   507     0295                     	;# 
   508     0295                     	;# 
   509     0296                     	;# 
   510     0298                     	;# 
   511     0298                     	;# 
   512     0299                     	;# 
   513     029A                     	;# 
   514     029B                     	;# 
   515     029C                     	;# 
   516     029C                     	;# 
   517     029D                     	;# 
   518     029E                     	;# 
   519     029F                     	;# 
   520     0311                     	;# 
   521     0311                     	;# 
   522     0312                     	;# 
   523     0313                     	;# 
   524     0314                     	;# 
   525     0315                     	;# 
   526     0315                     	;# 
   527     0316                     	;# 
   528     0318                     	;# 
   529     0318                     	;# 
   530     0319                     	;# 
   531     031A                     	;# 
   532     031C                     	;# 
   533     031C                     	;# 
   534     031D                     	;# 
   535     031E                     	;# 
   536     0394                     	;# 
   537     0395                     	;# 
   538     0396                     	;# 
   539     0415                     	;# 
   540     0416                     	;# 
   541     0417                     	;# 
   542     041C                     	;# 
   543     041D                     	;# 
   544     041E                     	;# 
   545     0791                     	;# 
   546     0792                     	;# 
   547     0793                     	;# 
   548     0794                     	;# 
   549     0795                     	;# 
   550     0798                     	;# 
   551     0799                     	;# 
   552     079A                     	;# 
   553     07A0                     	;# 
   554     07A1                     	;# 
   555     07A2                     	;# 
   556     07A3                     	;# 
   557     07A4                     	;# 
   558     07A5                     	;# 
   559     07A6                     	;# 
   560     07A7                     	;# 
   561     07A8                     	;# 
   562     07A9                     	;# 
   563     07AA                     	;# 
   564     07AB                     	;# 
   565     0FE4                     	;# 
   566     0FE5                     	;# 
   567     0FE6                     	;# 
   568     0FE7                     	;# 
   569     0FE8                     	;# 
   570     0FE9                     	;# 
   571     0FEA                     	;# 
   572     0FEB                     	;# 
   573     0FED                     	;# 
   574     0FEE                     	;# 
   575     0FEF                     	;# 
   576     0000                     	;# 
   577     0001                     	;# 
   578     0002                     	;# 
   579     0003                     	;# 
   580     0004                     	;# 
   581     0005                     	;# 
   582     0006                     	;# 
   583     0007                     	;# 
   584     0008                     	;# 
   585     0009                     	;# 
   586     000A                     	;# 
   587     000B                     	;# 
   588     000C                     	;# 
   589     000D                     	;# 
   590     000E                     	;# 
   591     000F                     	;# 
   592     0010                     	;# 
   593     0011                     	;# 
   594     0012                     	;# 
   595     0013                     	;# 
   596     0015                     	;# 
   597     0016                     	;# 
   598     0016                     	;# 
   599     0017                     	;# 
   600     0018                     	;# 
   601     0019                     	;# 
   602     001A                     	;# 
   603     001B                     	;# 
   604     001C                     	;# 
   605     001E                     	;# 
   606     001F                     	;# 
   607     008C                     	;# 
   608     008D                     	;# 
   609     008E                     	;# 
   610     008F                     	;# 
   611     0090                     	;# 
   612     0091                     	;# 
   613     0092                     	;# 
   614     0093                     	;# 
   615     0095                     	;# 
   616     0096                     	;# 
   617     0097                     	;# 
   618     0098                     	;# 
   619     0099                     	;# 
   620     009A                     	;# 
   621     009B                     	;# 
   622     009B                     	;# 
   623     009C                     	;# 
   624     009D                     	;# 
   625     009E                     	;# 
   626     010C                     	;# 
   627     010D                     	;# 
   628     010E                     	;# 
   629     010F                     	;# 
   630     0110                     	;# 
   631     0111                     	;# 
   632     0112                     	;# 
   633     0113                     	;# 
   634     0114                     	;# 
   635     0115                     	;# 
   636     0116                     	;# 
   637     0117                     	;# 
   638     0118                     	;# 
   639     0119                     	;# 
   640     011A                     	;# 
   641     011B                     	;# 
   642     011D                     	;# 
   643     018C                     	;# 
   644     018D                     	;# 
   645     018F                     	;# 
   646     0190                     	;# 
   647     0191                     	;# 
   648     0191                     	;# 
   649     0192                     	;# 
   650     0193                     	;# 
   651     0193                     	;# 
   652     0193                     	;# 
   653     0194                     	;# 
   654     0195                     	;# 
   655     0196                     	;# 
   656     0199                     	;# 
   657     019A                     	;# 
   658     019B                     	;# 
   659     019B                     	;# 
   660     019B                     	;# 
   661     019B                     	;# 
   662     019C                     	;# 
   663     019C                     	;# 
   664     019D                     	;# 
   665     019E                     	;# 
   666     019F                     	;# 
   667     020D                     	;# 
   668     0210                     	;# 
   669     0211                     	;# 
   670     0212                     	;# 
   671     0213                     	;# 
   672     0214                     	;# 
   673     0215                     	;# 
   674     0215                     	;# 
   675     0216                     	;# 
   676     0217                     	;# 
   677     0291                     	;# 
   678     0291                     	;# 
   679     0292                     	;# 
   680     0293                     	;# 
   681     0294                     	;# 
   682     0295                     	;# 
   683     0295                     	;# 
   684     0296                     	;# 
   685     0298                     	;# 
   686     0298                     	;# 
   687     0299                     	;# 
   688     029A                     	;# 
   689     029B                     	;# 
   690     029C                     	;# 
   691     029C                     	;# 
   692     029D                     	;# 
   693     029E                     	;# 
   694     029F                     	;# 
   695     0311                     	;# 
   696     0311                     	;# 
   697     0312                     	;# 
   698     0313                     	;# 
   699     0314                     	;# 
   700     0315                     	;# 
   701     0315                     	;# 
   702     0316                     	;# 
   703     0318                     	;# 
   704     0318                     	;# 
   705     0319                     	;# 
   706     031A                     	;# 
   707     031C                     	;# 
   708     031C                     	;# 
   709     031D                     	;# 
   710     031E                     	;# 
   711     0394                     	;# 
   712     0395                     	;# 
   713     0396                     	;# 
   714     0415                     	;# 
   715     0416                     	;# 
   716     0417                     	;# 
   717     041C                     	;# 
   718     041D                     	;# 
   719     041E                     	;# 
   720     0791                     	;# 
   721     0792                     	;# 
   722     0793                     	;# 
   723     0794                     	;# 
   724     0795                     	;# 
   725     0798                     	;# 
   726     0799                     	;# 
   727     079A                     	;# 
   728     07A0                     	;# 
   729     07A1                     	;# 
   730     07A2                     	;# 
   731     07A3                     	;# 
   732     07A4                     	;# 
   733     07A5                     	;# 
   734     07A6                     	;# 
   735     07A7                     	;# 
   736     07A8                     	;# 
   737     07A9                     	;# 
   738     07AA                     	;# 
   739     07AB                     	;# 
   740     0FE4                     	;# 
   741     0FE5                     	;# 
   742     0FE6                     	;# 
   743     0FE7                     	;# 
   744     0FE8                     	;# 
   745     0FE9                     	;# 
   746     0FEA                     	;# 
   747     0FEB                     	;# 
   748     0FED                     	;# 
   749     0FEE                     	;# 
   750     0FEF                     	;# 
   751                           
   752                           	psect	idataCOMMON
   753     07B5                     __pidataCOMMON:
   754                           
   755                           ;initializer for _catodo
   756     07B5  3401               	retlw	1
   757                           
   758                           	psect	nvCOMMON
   759     0070                     __pnvCOMMON:
   760     0070                     _Nbb2:
   761     0070                     	ds	1
   762     0071                     _Nbb1:
   763     0071                     	ds	1
   764     000E                     _PORTC	set	14
   765     000F                     _PORTD	set	15
   766     000D                     _PORTB	set	13
   767     000D                     _PORTBbits	set	13
   768     008E                     _TRISCbits	set	142
   769     008E                     _TRISC	set	142
   770     008F                     _TRISD	set	143
   771     008D                     _TRISB	set	141
   772     0095                     _OPTION_REGbits	set	149
   773     010E                     _LATCbits	set	270
   774     010F                     _LATD	set	271
   775     018D                     _ANSELB	set	397
   776     020D                     _WPUB	set	525
   777                           
   778                           	psect	cinit
   779     07F8                     start_initialization:	
   780                           ; #config settings
   781                           
   782     07F8                     __initialization:
   783                           
   784                           ; Initialize objects allocated to COMMON
   785     07F8  3187  27B5  3187   	fcall	__pidataCOMMON	;fetch initializer
   786     07FB  00F5               	movwf	__pdataCOMMON& (0+127)
   787                           
   788                           ; Clear objects allocated to COMMON
   789     07FC  01F4               	clrf	__pbssCOMMON& (0+127)
   790     07FD                     end_of_initialization:	
   791                           ;End of C runtime variable initialization code
   792                           
   793     07FD                     __end_of__initialization:
   794     07FD  0020               	movlb	0
   795     07FE  3187  2FB6         	ljmp	_main	;jump to C main() function
   796                           
   797                           	psect	bssCOMMON
   798     0074                     __pbssCOMMON:
   799     0074                     _cont:
   800     0074                     	ds	1
   801                           
   802                           	psect	dataCOMMON
   803     0075                     __pdataCOMMON:
   804     0075                     _catodo:
   805     0075                     	ds	1
   806                           
   807                           	psect	cstackCOMMON
   808     0072                     __pcstackCOMMON:
   809     0072                     ?_display_init:
   810     0072                     ??_display_init:	
   811                           ; 1 bytes @ 0x0
   812                           
   813     0072                     ?_set_up:	
   814                           ; 1 bytes @ 0x0
   815                           
   816     0072                     ??_set_up:	
   817                           ; 1 bytes @ 0x0
   818                           
   819     0072                     ?_loop:	
   820                           ; 1 bytes @ 0x0
   821                           
   822     0072                     ??_loop:	
   823                           ; 1 bytes @ 0x0
   824                           
   825     0072                     ?_main:	
   826                           ; 1 bytes @ 0x0
   827                           
   828                           
   829                           ; 1 bytes @ 0x0
   830     0072                     	ds	2
   831     0074                     ??_main:
   832                           
   833                           	psect	maintext
   834     07B6                     __pmaintext:	
   835                           ; 1 bytes @ 0x2
   836 ;;
   837 ;;Main: autosize = 0, tempsize = 0, incstack = 0, save=0
   838 ;;
   839 ;; *************** function _main *****************
   840 ;; Defined at:
   841 ;;		line 101 in file "main.c"
   842 ;; Parameters:    Size  Location     Type
   843 ;;		None
   844 ;; Auto vars:     Size  Location     Type
   845 ;;		None
   846 ;; Return value:  Size  Location     Type
   847 ;;                  1    wreg      void 
   848 ;; Registers used:
   849 ;;		wreg, status,2, status,0, pclath, cstack
   850 ;; Tracked objects:
   851 ;;		On entry : B1F/0
   852 ;;		On exit  : 0/0
   853 ;;		Unchanged: 0/0
   854 ;; Data sizes:     COMMON   BANK0   BANK1   BANK2   BANK3   BANK4   BANK5   BANK6   BANK7   BANK8   BANK9  BANK10  BANK1
      +1  BANK12
   855 ;;      Params:         0       0       0       0       0       0       0       0       0       0       0       0       
      +0       0
   856 ;;      Locals:         0       0       0       0       0       0       0       0       0       0       0       0       
      +0       0
   857 ;;      Temps:          0       0       0       0       0       0       0       0       0       0       0       0       
      +0       0
   858 ;;      Totals:         0       0       0       0       0       0       0       0       0       0       0       0       
      +0       0
   859 ;;Total ram usage:        0 bytes
   860 ;; Hardware stack levels required when called: 2
   861 ;; This function calls:
   862 ;;		_loop
   863 ;;		_set_up
   864 ;; This function is called by:
   865 ;;		Startup code after reset
   866 ;; This function uses a non-reentrant model
   867 ;;
   868                           
   869     07B6                     _main:	
   870                           ;psect for function _main
   871                           
   872     07B6                     l772:	
   873                           ;incstack = 0
   874                           ; Regs used in _main: [wreg+status,2+status,0+pclath+cstack]
   875                           
   876                           
   877                           ;main.c: 103:     set_up();
   878     07B6  3187  27C7  3187   	fcall	_set_up
   879                           
   880                           ;main.c: 104:     loop();
   881     07B9  3187  27DE  3187   	fcall	_loop
   882     07BC                     l63:
   883     07BC  3180  2802         	ljmp	start
   884     07BE                     __end_of_main:
   885                           
   886                           	psect	text1
   887     07C7                     __ptext1:	
   888 ;; *************** function _set_up *****************
   889 ;; Defined at:
   890 ;;		line 62 in file "main.c"
   891 ;; Parameters:    Size  Location     Type
   892 ;;		None
   893 ;; Auto vars:     Size  Location     Type
   894 ;;		None
   895 ;; Return value:  Size  Location     Type
   896 ;;                  1    wreg      void 
   897 ;; Registers used:
   898 ;;		wreg, status,2, status,0, pclath, cstack
   899 ;; Tracked objects:
   900 ;;		On entry : 0/0
   901 ;;		On exit  : 0/0
   902 ;;		Unchanged: 0/0
   903 ;; Data sizes:     COMMON   BANK0   BANK1   BANK2   BANK3   BANK4   BANK5   BANK6   BANK7   BANK8   BANK9  BANK10  BANK1
      +1  BANK12
   904 ;;      Params:         0       0       0       0       0       0       0       0       0       0       0       0       
      +0       0
   905 ;;      Locals:         0       0       0       0       0       0       0       0       0       0       0       0       
      +0       0
   906 ;;      Temps:          0       0       0       0       0       0       0       0       0       0       0       0       
      +0       0
   907 ;;      Totals:         0       0       0       0       0       0       0       0       0       0       0       0       
      +0       0
   908 ;;Total ram usage:        0 bytes
   909 ;; Hardware stack levels used: 1
   910 ;; Hardware stack levels required when called: 1
   911 ;; This function calls:
   912 ;;		_display_init
   913 ;; This function is called by:
   914 ;;		_main
   915 ;; This function uses a non-reentrant model
   916 ;;
   917                           
   918     07C7                     _set_up:	
   919                           ;psect for function _set_up
   920                           
   921     07C7                     l712:	
   922                           ;incstack = 0
   923                           ; Regs used in _set_up: [wreg+status,2+status,0+pclath+cstack]
   924                           
   925                           
   926                           ;main.c: 66:     OPTION_REGbits.nWPUEN = 0;
   927     07C7  0021               	movlb	1	; select bank1
   928     07C8  1395               	bcf	21,7	;volatile
   929     07C9                     l714:
   930                           
   931                           ;main.c: 67:     WPUB = 0xFF;
   932     07C9  30FF               	movlw	255
   933     07CA  0024               	movlb	4	; select bank4
   934     07CB  008D               	movwf	13	;volatile
   935                           
   936                           ;main.c: 70:     TRISB = 0xFF;
   937     07CC  30FF               	movlw	255
   938     07CD  0021               	movlb	1	; select bank1
   939     07CE  008D               	movwf	13	;volatile
   940                           
   941                           ;main.c: 71:     PORTB = 0xFF;
   942     07CF  30FF               	movlw	255
   943     07D0  0020               	movlb	0	; select bank0
   944     07D1  008D               	movwf	13	;volatile
   945     07D2                     l716:
   946                           
   947                           ;main.c: 72:     ANSELB = 0x00;
   948     07D2  0023               	movlb	3	; select bank3
   949     07D3  018D               	clrf	13	;volatile
   950     07D4                     l718:
   951                           
   952                           ;main.c: 75:     TRISD = TRISC = PORTD = PORTC = 0x00;
   953     07D4  0020               	movlb	0	; select bank0
   954     07D5  018E               	clrf	14	;volatile
   955     07D6  018F               	clrf	15	;volatile
   956     07D7  0021               	movlb	1	; select bank1
   957     07D8  018E               	clrf	14	;volatile
   958     07D9  018F               	clrf	15	;volatile
   959     07DA                     l720:
   960                           
   961                           ;main.c: 79:     display_init();
   962     07DA  3187  27BE  3187   	fcall	_display_init
   963     07DD                     l52:
   964     07DD  0008               	return
   965     07DE                     __end_of_set_up:
   966                           
   967                           	psect	text2
   968     07BE                     __ptext2:	
   969 ;; *************** function _display_init *****************
   970 ;; Defined at:
   971 ;;		line 7 in file "DisplaySeven.c"
   972 ;; Parameters:    Size  Location     Type
   973 ;;		None
   974 ;; Auto vars:     Size  Location     Type
   975 ;;		None
   976 ;; Return value:  Size  Location     Type
   977 ;;                  1    wreg      void 
   978 ;; Registers used:
   979 ;;		None
   980 ;; Tracked objects:
   981 ;;		On entry : 0/0
   982 ;;		On exit  : 0/0
   983 ;;		Unchanged: 0/0
   984 ;; Data sizes:     COMMON   BANK0   BANK1   BANK2   BANK3   BANK4   BANK5   BANK6   BANK7   BANK8   BANK9  BANK10  BANK1
      +1  BANK12
   985 ;;      Params:         0       0       0       0       0       0       0       0       0       0       0       0       
      +0       0
   986 ;;      Locals:         0       0       0       0       0       0       0       0       0       0       0       0       
      +0       0
   987 ;;      Temps:          0       0       0       0       0       0       0       0       0       0       0       0       
      +0       0
   988 ;;      Totals:         0       0       0       0       0       0       0       0       0       0       0       0       
      +0       0
   989 ;;Total ram usage:        0 bytes
   990 ;; Hardware stack levels used: 1
   991 ;; This function calls:
   992 ;;		Nothing
   993 ;; This function is called by:
   994 ;;		_set_up
   995 ;; This function uses a non-reentrant model
   996 ;;
   997                           
   998     07BE                     _display_init:	
   999                           ;psect for function _display_init
  1000                           
  1001     07BE                     l710:	
  1002                           ;incstack = 0
  1003                           ; Regs used in _display_init: []
  1004                           
  1005                           
  1006                           ;DisplaySeven.c: 9:     TRISCbits.TRISC0 = 0;
  1007     07BE  0021               	movlb	1	; select bank1
  1008     07BF  100E               	bcf	14,0	;volatile
  1009                           
  1010                           ;DisplaySeven.c: 10:     TRISCbits.TRISC1 = 0;
  1011     07C0  108E               	bcf	14,1	;volatile
  1012                           
  1013                           ;DisplaySeven.c: 11:     TRISCbits.TRISC2 = 0;
  1014     07C1  110E               	bcf	14,2	;volatile
  1015                           
  1016                           ;DisplaySeven.c: 12:     TRISCbits.TRISC3 = 0;
  1017     07C2  118E               	bcf	14,3	;volatile
  1018                           
  1019                           ;DisplaySeven.c: 13:     TRISCbits.TRISC4 = 0;
  1020     07C3  120E               	bcf	14,4	;volatile
  1021                           
  1022                           ;DisplaySeven.c: 14:     TRISCbits.TRISC5 = 0;
  1023     07C4  128E               	bcf	14,5	;volatile
  1024                           
  1025                           ;DisplaySeven.c: 15:     TRISCbits.TRISC6 = 0;
  1026     07C5  130E               	bcf	14,6	;volatile
  1027     07C6                     l72:
  1028     07C6  0008               	return
  1029     07C7                     __end_of_display_init:
  1030                           
  1031                           	psect	text3
  1032     07DE                     __ptext3:	
  1033 ;; *************** function _loop *****************
  1034 ;; Defined at:
  1035 ;;		line 84 in file "main.c"
  1036 ;; Parameters:    Size  Location     Type
  1037 ;;		None
  1038 ;; Auto vars:     Size  Location     Type
  1039 ;;		None
  1040 ;; Return value:  Size  Location     Type
  1041 ;;                  1    wreg      void 
  1042 ;; Registers used:
  1043 ;;		wreg, status,2, status,0
  1044 ;; Tracked objects:
  1045 ;;		On entry : 0/0
  1046 ;;		On exit  : 0/0
  1047 ;;		Unchanged: 0/0
  1048 ;; Data sizes:     COMMON   BANK0   BANK1   BANK2   BANK3   BANK4   BANK5   BANK6   BANK7   BANK8   BANK9  BANK10  BANK1
      +1  BANK12
  1049 ;;      Params:         0       0       0       0       0       0       0       0       0       0       0       0       
      +0       0
  1050 ;;      Locals:         0       0       0       0       0       0       0       0       0       0       0       0       
      +0       0
  1051 ;;      Temps:          2       0       0       0       0       0       0       0       0       0       0       0       
      +0       0
  1052 ;;      Totals:         2       0       0       0       0       0       0       0       0       0       0       0       
      +0       0
  1053 ;;Total ram usage:        2 bytes
  1054 ;; Hardware stack levels used: 1
  1055 ;; This function calls:
  1056 ;;		Nothing
  1057 ;; This function is called by:
  1058 ;;		_main
  1059 ;; This function uses a non-reentrant model
  1060 ;;
  1061                           
  1062     07DE                     _loop:	
  1063                           ;psect for function _loop
  1064                           
  1065     07DE                     l55:	
  1066                           ;incstack = 0
  1067                           ; Regs used in _loop: [wreg+status,2+status,0]
  1068                           ;main.c: 87:     while (1) {
  1069                           
  1070     07DE                     l722:
  1071                           
  1072                           ;main.c: 89:         Nbb1 = (PORTB & 0x0F);
  1073     07DE  0020               	movlb	0	; select bank0
  1074     07DF  080D               	movf	13,w	;volatile
  1075     07E0  390F               	andlw	15
  1076     07E1  00F1               	movwf	_Nbb1
  1077     07E2                     l724:
  1078                           
  1079                           ;main.c: 90:         Nbb2 = ((PORTB & 0xF0)>>4);
  1080     07E2  080D               	movf	13,w	;volatile
  1081     07E3  00F2               	movwf	??_loop
  1082     07E4  3004               	movlw	4
  1083     07E5                     u15:
  1084     07E5  36F2               	lsrf	??_loop,f
  1085     07E6  0B89               	decfsz	9,f
  1086     07E7  2FE5               	goto	u15
  1087     07E8  0872               	movf	??_loop,w
  1088     07E9  390F               	andlw	15
  1089     07EA  00F0               	movwf	_Nbb2
  1090     07EB                     l726:
  1091                           
  1092                           ;main.c: 95:         _delay((unsigned long)((200)*(20000000UL/4000.0)));
  1093     07EB  3006               	movlw	6
  1094     07EC  00F3               	movwf	??_loop+1
  1095     07ED  3013               	movlw	19
  1096     07EE  00F2               	movwf	??_loop
  1097     07EF  30AE               	movlw	174
  1098     07F0                     u797:
  1099     07F0  0B89               	decfsz	9,f
  1100     07F1  2FF0               	goto	u797
  1101     07F2  0BF2               	decfsz	??_loop,f
  1102     07F3  2FF0               	goto	u797
  1103     07F4  0BF3               	decfsz	??_loop+1,f
  1104     07F5  2FF0               	goto	u797
  1105     07F6  2FDE               	goto	l55
  1106     07F7  0008               	return
  1107     07F8                     __end_of_loop:
  1108     007E                     btemp	set	126	;btemp
  1109     007E                     wtemp0	set	126
  1110                           
  1111                           	psect	config
  1112                           
  1113                           ;Config register CONFIG1 @ 0x8007
  1114                           ;	Oscillator Selection
  1115                           ;	FOSC = HS, HS Oscillator, High-speed crystal/resonator connected between OSC1 and OSC2
      +                           pins
  1116                           ;	Watchdog Timer Enable
  1117                           ;	WDTE = OFF, WDT disabled
  1118                           ;	Power-up Timer Enable
  1119                           ;	PWRTE = OFF, PWRT disabled
  1120                           ;	MCLR Pin Function Select
  1121                           ;	MCLRE = ON, MCLR/VPP pin function is MCLR
  1122                           ;	Flash Program Memory Code Protection
  1123                           ;	CP = OFF, Program memory code protection is disabled
  1124                           ;	Data Memory Code Protection
  1125                           ;	CPD = OFF, Data memory code protection is disabled
  1126                           ;	Brown-out Reset Enable
  1127                           ;	BOREN = OFF, Brown-out Reset disabled
  1128                           ;	Clock Out Enable
  1129                           ;	CLKOUTEN = OFF, CLKOUT function is disabled. I/O or oscillator function on the CLKOUT 
      +                          pin
  1130                           ;	Internal/External Switchover
  1131                           ;	IESO = ON, Internal/External Switchover mode is enabled
  1132                           ;	Fail-Safe Clock Monitor Enable
  1133                           ;	FCMEN = ON, Fail-Safe Clock Monitor is enabled
  1134     8007                     	org	32775
  1135     8007  39E2               	dw	14818
  1136                           
  1137                           ;Config register CONFIG2 @ 0x8008
  1138                           ;	Flash Memory Self-Write Protection
  1139                           ;	WRT = OFF, Write protection off
  1140                           ;	Voltage Regulator Capacitor Enable
  1141                           ;	VCAPEN = OFF, All VCAP pin functionality is disabled
  1142                           ;	PLL Enable
  1143                           ;	PLLEN = OFF, 4x PLL disabled
  1144                           ;	Stack Overflow/Underflow Reset Enable
  1145                           ;	STVREN = ON, Stack Overflow or Underflow will cause a Reset
  1146                           ;	Brown-out Reset Voltage Selection
  1147                           ;	BORV = LO, Brown-out Reset Voltage (Vbor), low trip point selected.
  1148                           ;	Low-Voltage Programming Enable
  1149                           ;	LVP = OFF, High-voltage on MCLR/VPP must be used for programming
  1150     8008                     	org	32776
  1151     8008  1EFF               	dw	7935

Data Sizes:
    Strings     0
    Constant    0
    Data        1
    BSS         1
    Persistent  34
    Stack       0

Auto Spaces:
    Space          Size  Autos    Used
    COMMON           14      2       6
    BANK0            80      0       0
    BANK1            80      0       0
    BANK2            80      0       0
    BANK3            80      0       0
    BANK4            80      0       0
    BANK5            80      0       0
    BANK6            80      0       0
    BANK7            80      0       0
    BANK8            80      0       0
    BANK9            80      0       0
    BANK10           80      0       0
    BANK11           80      0       0
    BANK12           48      0       0

Pointer List with Targets:

    None.

Critical Paths under _main in COMMON

    _main->_loop

Critical Paths under _main in BANK0

    None.

Critical Paths under _main in BANK1

    None.

Critical Paths under _main in BANK2

    None.

Critical Paths under _main in BANK3

    None.

Critical Paths under _main in BANK4

    None.

Critical Paths under _main in BANK5

    None.

Critical Paths under _main in BANK6

    None.

Critical Paths under _main in BANK7

    None.

Critical Paths under _main in BANK8

    None.

Critical Paths under _main in BANK9

    None.

Critical Paths under _main in BANK10

    None.

Critical Paths under _main in BANK11

    None.

Critical Paths under _main in BANK12

    None.

Call Graph Tables:

 ---------------------------------------------------------------------------------
 (Depth) Function   	        Calls       Base Space   Used Autos Params    Refs
 ---------------------------------------------------------------------------------
 (0) _main                                                 0     0      0       0
                               _loop
                             _set_up
 ---------------------------------------------------------------------------------
 (1) _set_up                                               0     0      0       0
                       _display_init
 ---------------------------------------------------------------------------------
 (2) _display_init                                         0     0      0       0
 ---------------------------------------------------------------------------------
 (1) _loop                                                 2     2      0       0
                                              0 COMMON     2     2      0
 ---------------------------------------------------------------------------------
 Estimated maximum stack depth 2
 ---------------------------------------------------------------------------------

 Call Graph Graphs:

 _main (ROOT)
   _loop
   _set_up
     _display_init

 Address spaces:
Name               Size   Autos  Total    Cost      Usage
BIGRAM             3F0      0       0       0        0.0%
EEDATA             100      0       0       0        0.0%
NULL                 0      0       0       0        0.0%
CODE                 0      0       0       0        0.0%
BITCOMMON            E      0       0       1        0.0%
BITSFR0              0      0       0       1        0.0%
SFR0                 0      0       0       1        0.0%
COMMON               E      2       6       2       42.9%
BITSFR1              0      0       0       2        0.0%
SFR1                 0      0       0       2        0.0%
BITSFR2              0      0       0       3        0.0%
SFR2                 0      0       0       3        0.0%
STACK                0      0       0       3        0.0%
BITBANK0            50      0       0       4        0.0%
BITSFR3              0      0       0       4        0.0%
SFR3                 0      0       0       4        0.0%
BANK0               50      0       0       5        0.0%
BITSFR4              0      0       0       5        0.0%
SFR4                 0      0       0       5        0.0%
BITBANK1            50      0       0       6        0.0%
BITSFR5              0      0       0       6        0.0%
SFR5                 0      0       0       6        0.0%
BANK1               50      0       0       7        0.0%
BITSFR6              0      0       0       7        0.0%
SFR6                 0      0       0       7        0.0%
BITBANK2            50      0       0       8        0.0%
BITSFR7              0      0       0       8        0.0%
SFR7                 0      0       0       8        0.0%
BANK2               50      0       0       9        0.0%
BITSFR8              0      0       0       9        0.0%
SFR8                 0      0       0       9        0.0%
BITBANK3            50      0       0      10        0.0%
BITSFR9              0      0       0      10        0.0%
SFR9                 0      0       0      10        0.0%
BANK3               50      0       0      11        0.0%
BITSFR10             0      0       0      11        0.0%
SFR10                0      0       0      11        0.0%
BITBANK4            50      0       0      12        0.0%
BITSFR11             0      0       0      12        0.0%
SFR11                0      0       0      12        0.0%
BANK4               50      0       0      13        0.0%
BITSFR12             0      0       0      13        0.0%
SFR12                0      0       0      13        0.0%
BITBANK5            50      0       0      14        0.0%
BITSFR13             0      0       0      14        0.0%
SFR13                0      0       0      14        0.0%
BANK5               50      0       0      15        0.0%
BITSFR14             0      0       0      15        0.0%
SFR14                0      0       0      15        0.0%
BITBANK6            50      0       0      16        0.0%
BITSFR15             0      0       0      16        0.0%
SFR15                0      0       0      16        0.0%
BANK6               50      0       0      17        0.0%
BITSFR16             0      0       0      17        0.0%
SFR16                0      0       0      17        0.0%
BITBANK7            50      0       0      18        0.0%
BITSFR17             0      0       0      18        0.0%
SFR17                0      0       0      18        0.0%
BANK7               50      0       0      19        0.0%
BITSFR18             0      0       0      19        0.0%
SFR18                0      0       0      19        0.0%
BITSFR19             0      0       0      20        0.0%
SFR19                0      0       0      20        0.0%
ABS                  0      0       6      20        0.0%
BITBANK8            50      0       0      21        0.0%
BITSFR20             0      0       0      21        0.0%
SFR20                0      0       0      21        0.0%
BANK8               50      0       0      22        0.0%
BITSFR21             0      0       0      22        0.0%
SFR21                0      0       0      22        0.0%
BITBANK9            50      0       0      23        0.0%
BITSFR22             0      0       0      23        0.0%
SFR22                0      0       0      23        0.0%
BANK9               50      0       0      24        0.0%
BITSFR23             0      0       0      24        0.0%
SFR23                0      0       0      24        0.0%
BITBANK10           50      0       0      25        0.0%
BITSFR24             0      0       0      25        0.0%
SFR24                0      0       0      25        0.0%
BANK10              50      0       0      26        0.0%
BITSFR25             0      0       0      26        0.0%
SFR25                0      0       0      26        0.0%
BITBANK11           50      0       0      27        0.0%
BITSFR26             0      0       0      27        0.0%
SFR26                0      0       0      27        0.0%
BANK11              50      0       0      28        0.0%
BITSFR27             0      0       0      28        0.0%
SFR27                0      0       0      28        0.0%
BITBANK12           30      0       0      29        0.0%
BITSFR28             0      0       0      29        0.0%
SFR28                0      0       0      29        0.0%
BANK12              30      0       0      30        0.0%
BITSFR29             0      0       0      30        0.0%
SFR29                0      0       0      30        0.0%
BITSFR30             0      0       0      31        0.0%
SFR30                0      0       0      31        0.0%
DATA                 0      0       6      31        0.0%
BITSFR31             0      0       0      32        0.0%
SFR31                0      0       0      32        0.0%


Microchip Technology PIC Macro Assembler V2.41 build 20230208172133 
Symbol Table                                                                                   Sun Aug 27 16:43:45 2023

                     l52 07DD                       l55 07DE                       l63 07BC  
                     l72 07C6                       u15 07E5                      l710 07BE  
                    l720 07DA                      l712 07C7                      l722 07DE  
                    l714 07C9                      l724 07E2                      l716 07D2  
                    l726 07EB                      l718 07D4                      l772 07B6  
          ?_display_init 0072                      u797 07F0                      wreg 0009  
                   _LATD 010F                     _WPUB 020D                     _Nbb1 0071  
                   _Nbb2 0070                     _cont 0074                     _main 07B6  
                   _loop 07DE                     btemp 007E                     start 0002  
         ??_display_init 0072                    ?_main 0072                    ?_loop 0072  
                  _PORTB 000D                    _PORTC 000E                    _PORTD 000F  
                  _TRISB 008D                    _TRISC 008E                    _TRISD 008F  
                  wtemp0 007E          __initialization 07F8             __end_of_main 07BE  
           __end_of_loop 07F8                   ??_main 0074                   ??_loop 0072  
                 _ANSELB 018D                   _catodo 0075                   _set_up 07C7  
           __pdataCOMMON 0075  __end_of__initialization 07FD     __end_of_display_init 07C7  
         __pcstackCOMMON 0072           _OPTION_REGbits 0095               __pnvCOMMON 0070  
             __pmaintext 07B6                  ?_set_up 0072                  __ptext1 07C7  
                __ptext2 07BE                  __ptext3 07DE     end_of_initialization 07FD  
              _PORTBbits 000D             _display_init 07BE                _TRISCbits 008E  
          __pidataCOMMON 07B5           __end_of_set_up 07DE      start_initialization 07F8  
               ??_set_up 0072              __pbssCOMMON 0074                ___latbits 0003  
               _LATCbits 010E  
