

Microchip MPLAB XC8 Assembler V2.41 build 20230208172133 
                                                                                               Tue Aug 29 20:23:11 2023

Microchip MPLAB XC8 C Compiler v2.41 (Free license) build 20230208172133 Og1 
     1                           	processor	16F1939
     2                           	pagewidth 120
     3                           	opt	flic
     4                           	psect	idataCOMMON,global,class=CODE,delta=2,noexec
     5                           	psect	idataBANK0,global,class=CODE,delta=2,noexec
     6                           	psect	cinit,global,class=CODE,merge=1,delta=2
     7                           	psect	bssCOMMON,global,class=COMMON,space=1,delta=1,noexec
     8                           	psect	dataCOMMON,global,class=COMMON,space=1,delta=1,noexec
     9                           	psect	dataBANK0,global,class=BANK0,space=1,delta=1,noexec
    10                           	psect	inittext,global,class=CODE,delta=2
    11                           	psect	cstackCOMMON,global,class=COMMON,space=1,delta=1,noexec
    12                           	psect	maintext,global,class=CODE,merge=1,split=1,delta=2
    13                           	psect	text1,local,class=CODE,merge=1,delta=2
    14                           	psect	text2,local,class=CODE,merge=1,delta=2
    15                           	psect	text3,local,class=CODE,merge=1,delta=2
    16                           	psect	text4,local,class=CODE,merge=1,delta=2
    17                           	psect	config,global,abs,ovrld,class=CONFIG,space=4,delta=2,noexec
    18                           	dabs	1,0x7E,2
    19     0000                     
    20                           ; Generated 06/07/2023 GMT
    21                           ; 
    22                           ; Copyright © 2023, Microchip Technology Inc. and its subsidiaries ("Microchip")
    23                           ; All rights reserved.
    24                           ; 
    25                           ; This software is developed by Microchip Technology Inc. and its subsidiaries ("Microch
      +                          ip").
    26                           ; 
    27                           ; Redistribution and use in source and binary forms, with or without modification, are
    28                           ; permitted provided that the following conditions are met:
    29                           ; 
    30                           ;     1. Redistributions of source code must retain the above copyright notice, this lis
      +                          t of
    31                           ;        conditions and the following disclaimer.
    32                           ; 
    33                           ;     2. Redistributions in binary form must reproduce the above copyright notice, this 
      +                          list
    34                           ;        of conditions and the following disclaimer in the documentation and/or other
    35                           ;        materials provided with the distribution. Publication is not required when
    36                           ;        this file is used in an embedded application.
    37                           ; 
    38                           ;     3. Microchip's name may not be used to endorse or promote products derived from th
      +                          is
    39                           ;        software without specific prior written permission.
    40                           ; 
    41                           ; THIS SOFTWARE IS PROVIDED BY MICROCHIP "AS IS" AND ANY EXPRESS OR IMPLIED WARRANTIES,
    42                           ; INCLUDING, BUT NOT LIMITED TO, THE IMPLIED WARRANTIES OF MERCHANTABILITY AND FITNESS F
      +                          OR
    43                           ; PURPOSE ARE DISCLAIMED.  IN NO EVENT SHALL MICROCHIP BE LIABLE FOR ANY DIRECT, INDIREC
      +                          T,
    44                           ; INCIDENTAL, SPECIAL, EXEMPLARY, OR CONSEQUENTIAL DAMAGES (INCLUDING BUT NOT LIMITED TO
    45                           ; PROCUREMENT OF SUBSTITUTE GOODS OR SERVICES; LOSS OF USE, DATA OR PROFITS; OR BUSINESS
    46                           ; INTERRUPTION) HOWSOEVER CAUSED AND ON ANY THEORY OF LIABILITY, WHETHER IN CONTRACT, ST
      +                          RICT
    47                           ; LIABILITY, OR TORT (INCLUDING NEGLIGENCE OR OTHERWISE) ARISING IN ANY WAY OUT OF THE U
      +                          SE OF
    48                           ; THIS SOFTWARE, EVEN IF ADVISED OF THE POSSIBILITY OF SUCH DAMAGE.
    49                           ; 
    50                           ; 
    51                           ; Code-generator required, PIC16F1939 Definitions
    52                           ; 
    53                           ; SFR Addresses
    54     0000                     	;# 
    55     0001                     	;# 
    56     0002                     	;# 
    57     0003                     	;# 
    58     0004                     	;# 
    59     0005                     	;# 
    60     0006                     	;# 
    61     0007                     	;# 
    62     0008                     	;# 
    63     0009                     	;# 
    64     000A                     	;# 
    65     000B                     	;# 
    66     000C                     	;# 
    67     000D                     	;# 
    68     000E                     	;# 
    69     000F                     	;# 
    70     0010                     	;# 
    71     0011                     	;# 
    72     0012                     	;# 
    73     0013                     	;# 
    74     0015                     	;# 
    75     0016                     	;# 
    76     0016                     	;# 
    77     0017                     	;# 
    78     0018                     	;# 
    79     0019                     	;# 
    80     001A                     	;# 
    81     001B                     	;# 
    82     001C                     	;# 
    83     001E                     	;# 
    84     001F                     	;# 
    85     008C                     	;# 
    86     008D                     	;# 
    87     008E                     	;# 
    88     008F                     	;# 
    89     0090                     	;# 
    90     0091                     	;# 
    91     0092                     	;# 
    92     0093                     	;# 
    93     0095                     	;# 
    94     0096                     	;# 
    95     0097                     	;# 
    96     0098                     	;# 
    97     0099                     	;# 
    98     009A                     	;# 
    99     009B                     	;# 
   100     009B                     	;# 
   101     009C                     	;# 
   102     009D                     	;# 
   103     009E                     	;# 
   104     010C                     	;# 
   105     010D                     	;# 
   106     010E                     	;# 
   107     010F                     	;# 
   108     0110                     	;# 
   109     0111                     	;# 
   110     0112                     	;# 
   111     0113                     	;# 
   112     0114                     	;# 
   113     0115                     	;# 
   114     0116                     	;# 
   115     0117                     	;# 
   116     0118                     	;# 
   117     0119                     	;# 
   118     011A                     	;# 
   119     011B                     	;# 
   120     011D                     	;# 
   121     018C                     	;# 
   122     018D                     	;# 
   123     018F                     	;# 
   124     0190                     	;# 
   125     0191                     	;# 
   126     0191                     	;# 
   127     0192                     	;# 
   128     0193                     	;# 
   129     0193                     	;# 
   130     0193                     	;# 
   131     0194                     	;# 
   132     0195                     	;# 
   133     0196                     	;# 
   134     0199                     	;# 
   135     019A                     	;# 
   136     019B                     	;# 
   137     019B                     	;# 
   138     019B                     	;# 
   139     019B                     	;# 
   140     019C                     	;# 
   141     019C                     	;# 
   142     019D                     	;# 
   143     019E                     	;# 
   144     019F                     	;# 
   145     020D                     	;# 
   146     0210                     	;# 
   147     0211                     	;# 
   148     0212                     	;# 
   149     0213                     	;# 
   150     0214                     	;# 
   151     0215                     	;# 
   152     0215                     	;# 
   153     0216                     	;# 
   154     0217                     	;# 
   155     0291                     	;# 
   156     0291                     	;# 
   157     0292                     	;# 
   158     0293                     	;# 
   159     0294                     	;# 
   160     0295                     	;# 
   161     0295                     	;# 
   162     0296                     	;# 
   163     0298                     	;# 
   164     0298                     	;# 
   165     0299                     	;# 
   166     029A                     	;# 
   167     029B                     	;# 
   168     029C                     	;# 
   169     029C                     	;# 
   170     029D                     	;# 
   171     029E                     	;# 
   172     029F                     	;# 
   173     0311                     	;# 
   174     0311                     	;# 
   175     0312                     	;# 
   176     0313                     	;# 
   177     0314                     	;# 
   178     0315                     	;# 
   179     0315                     	;# 
   180     0316                     	;# 
   181     0318                     	;# 
   182     0318                     	;# 
   183     0319                     	;# 
   184     031A                     	;# 
   185     031C                     	;# 
   186     031C                     	;# 
   187     031D                     	;# 
   188     031E                     	;# 
   189     0394                     	;# 
   190     0395                     	;# 
   191     0396                     	;# 
   192     0415                     	;# 
   193     0416                     	;# 
   194     0417                     	;# 
   195     041C                     	;# 
   196     041D                     	;# 
   197     041E                     	;# 
   198     0791                     	;# 
   199     0792                     	;# 
   200     0793                     	;# 
   201     0794                     	;# 
   202     0795                     	;# 
   203     0798                     	;# 
   204     0799                     	;# 
   205     079A                     	;# 
   206     07A0                     	;# 
   207     07A1                     	;# 
   208     07A2                     	;# 
   209     07A3                     	;# 
   210     07A4                     	;# 
   211     07A5                     	;# 
   212     07A6                     	;# 
   213     07A7                     	;# 
   214     07A8                     	;# 
   215     07A9                     	;# 
   216     07AA                     	;# 
   217     07AB                     	;# 
   218     0FE4                     	;# 
   219     0FE5                     	;# 
   220     0FE6                     	;# 
   221     0FE7                     	;# 
   222     0FE8                     	;# 
   223     0FE9                     	;# 
   224     0FEA                     	;# 
   225     0FEB                     	;# 
   226     0FED                     	;# 
   227     0FEE                     	;# 
   228     0FEF                     	;# 
   229     0000                     	;# 
   230     0001                     	;# 
   231     0002                     	;# 
   232     0003                     	;# 
   233     0004                     	;# 
   234     0005                     	;# 
   235     0006                     	;# 
   236     0007                     	;# 
   237     0008                     	;# 
   238     0009                     	;# 
   239     000A                     	;# 
   240     000B                     	;# 
   241     000C                     	;# 
   242     000D                     	;# 
   243     000E                     	;# 
   244     000F                     	;# 
   245     0010                     	;# 
   246     0011                     	;# 
   247     0012                     	;# 
   248     0013                     	;# 
   249     0015                     	;# 
   250     0016                     	;# 
   251     0016                     	;# 
   252     0017                     	;# 
   253     0018                     	;# 
   254     0019                     	;# 
   255     001A                     	;# 
   256     001B                     	;# 
   257     001C                     	;# 
   258     001E                     	;# 
   259     001F                     	;# 
   260     008C                     	;# 
   261     008D                     	;# 
   262     008E                     	;# 
   263     008F                     	;# 
   264     0090                     	;# 
   265     0091                     	;# 
   266     0092                     	;# 
   267     0093                     	;# 
   268     0095                     	;# 
   269     0096                     	;# 
   270     0097                     	;# 
   271     0098                     	;# 
   272     0099                     	;# 
   273     009A                     	;# 
   274     009B                     	;# 
   275     009B                     	;# 
   276     009C                     	;# 
   277     009D                     	;# 
   278     009E                     	;# 
   279     010C                     	;# 
   280     010D                     	;# 
   281     010E                     	;# 
   282     010F                     	;# 
   283     0110                     	;# 
   284     0111                     	;# 
   285     0112                     	;# 
   286     0113                     	;# 
   287     0114                     	;# 
   288     0115                     	;# 
   289     0116                     	;# 
   290     0117                     	;# 
   291     0118                     	;# 
   292     0119                     	;# 
   293     011A                     	;# 
   294     011B                     	;# 
   295     011D                     	;# 
   296     018C                     	;# 
   297     018D                     	;# 
   298     018F                     	;# 
   299     0190                     	;# 
   300     0191                     	;# 
   301     0191                     	;# 
   302     0192                     	;# 
   303     0193                     	;# 
   304     0193                     	;# 
   305     0193                     	;# 
   306     0194                     	;# 
   307     0195                     	;# 
   308     0196                     	;# 
   309     0199                     	;# 
   310     019A                     	;# 
   311     019B                     	;# 
   312     019B                     	;# 
   313     019B                     	;# 
   314     019B                     	;# 
   315     019C                     	;# 
   316     019C                     	;# 
   317     019D                     	;# 
   318     019E                     	;# 
   319     019F                     	;# 
   320     020D                     	;# 
   321     0210                     	;# 
   322     0211                     	;# 
   323     0212                     	;# 
   324     0213                     	;# 
   325     0214                     	;# 
   326     0215                     	;# 
   327     0215                     	;# 
   328     0216                     	;# 
   329     0217                     	;# 
   330     0291                     	;# 
   331     0291                     	;# 
   332     0292                     	;# 
   333     0293                     	;# 
   334     0294                     	;# 
   335     0295                     	;# 
   336     0295                     	;# 
   337     0296                     	;# 
   338     0298                     	;# 
   339     0298                     	;# 
   340     0299                     	;# 
   341     029A                     	;# 
   342     029B                     	;# 
   343     029C                     	;# 
   344     029C                     	;# 
   345     029D                     	;# 
   346     029E                     	;# 
   347     029F                     	;# 
   348     0311                     	;# 
   349     0311                     	;# 
   350     0312                     	;# 
   351     0313                     	;# 
   352     0314                     	;# 
   353     0315                     	;# 
   354     0315                     	;# 
   355     0316                     	;# 
   356     0318                     	;# 
   357     0318                     	;# 
   358     0319                     	;# 
   359     031A                     	;# 
   360     031C                     	;# 
   361     031C                     	;# 
   362     031D                     	;# 
   363     031E                     	;# 
   364     0394                     	;# 
   365     0395                     	;# 
   366     0396                     	;# 
   367     0415                     	;# 
   368     0416                     	;# 
   369     0417                     	;# 
   370     041C                     	;# 
   371     041D                     	;# 
   372     041E                     	;# 
   373     0791                     	;# 
   374     0792                     	;# 
   375     0793                     	;# 
   376     0794                     	;# 
   377     0795                     	;# 
   378     0798                     	;# 
   379     0799                     	;# 
   380     079A                     	;# 
   381     07A0                     	;# 
   382     07A1                     	;# 
   383     07A2                     	;# 
   384     07A3                     	;# 
   385     07A4                     	;# 
   386     07A5                     	;# 
   387     07A6                     	;# 
   388     07A7                     	;# 
   389     07A8                     	;# 
   390     07A9                     	;# 
   391     07AA                     	;# 
   392     07AB                     	;# 
   393     0FE4                     	;# 
   394     0FE5                     	;# 
   395     0FE6                     	;# 
   396     0FE7                     	;# 
   397     0FE8                     	;# 
   398     0FE9                     	;# 
   399     0FEA                     	;# 
   400     0FEB                     	;# 
   401     0FED                     	;# 
   402     0FEE                     	;# 
   403     0FEF                     	;# 
   404     0000                     	;# 
   405     0001                     	;# 
   406     0002                     	;# 
   407     0003                     	;# 
   408     0004                     	;# 
   409     0005                     	;# 
   410     0006                     	;# 
   411     0007                     	;# 
   412     0008                     	;# 
   413     0009                     	;# 
   414     000A                     	;# 
   415     000B                     	;# 
   416     000C                     	;# 
   417     000D                     	;# 
   418     000E                     	;# 
   419     000F                     	;# 
   420     0010                     	;# 
   421     0011                     	;# 
   422     0012                     	;# 
   423     0013                     	;# 
   424     0015                     	;# 
   425     0016                     	;# 
   426     0016                     	;# 
   427     0017                     	;# 
   428     0018                     	;# 
   429     0019                     	;# 
   430     001A                     	;# 
   431     001B                     	;# 
   432     001C                     	;# 
   433     001E                     	;# 
   434     001F                     	;# 
   435     008C                     	;# 
   436     008D                     	;# 
   437     008E                     	;# 
   438     008F                     	;# 
   439     0090                     	;# 
   440     0091                     	;# 
   441     0092                     	;# 
   442     0093                     	;# 
   443     0095                     	;# 
   444     0096                     	;# 
   445     0097                     	;# 
   446     0098                     	;# 
   447     0099                     	;# 
   448     009A                     	;# 
   449     009B                     	;# 
   450     009B                     	;# 
   451     009C                     	;# 
   452     009D                     	;# 
   453     009E                     	;# 
   454     010C                     	;# 
   455     010D                     	;# 
   456     010E                     	;# 
   457     010F                     	;# 
   458     0110                     	;# 
   459     0111                     	;# 
   460     0112                     	;# 
   461     0113                     	;# 
   462     0114                     	;# 
   463     0115                     	;# 
   464     0116                     	;# 
   465     0117                     	;# 
   466     0118                     	;# 
   467     0119                     	;# 
   468     011A                     	;# 
   469     011B                     	;# 
   470     011D                     	;# 
   471     018C                     	;# 
   472     018D                     	;# 
   473     018F                     	;# 
   474     0190                     	;# 
   475     0191                     	;# 
   476     0191                     	;# 
   477     0192                     	;# 
   478     0193                     	;# 
   479     0193                     	;# 
   480     0193                     	;# 
   481     0194                     	;# 
   482     0195                     	;# 
   483     0196                     	;# 
   484     0199                     	;# 
   485     019A                     	;# 
   486     019B                     	;# 
   487     019B                     	;# 
   488     019B                     	;# 
   489     019B                     	;# 
   490     019C                     	;# 
   491     019C                     	;# 
   492     019D                     	;# 
   493     019E                     	;# 
   494     019F                     	;# 
   495     020D                     	;# 
   496     0210                     	;# 
   497     0211                     	;# 
   498     0212                     	;# 
   499     0213                     	;# 
   500     0214                     	;# 
   501     0215                     	;# 
   502     0215                     	;# 
   503     0216                     	;# 
   504     0217                     	;# 
   505     0291                     	;# 
   506     0291                     	;# 
   507     0292                     	;# 
   508     0293                     	;# 
   509     0294                     	;# 
   510     0295                     	;# 
   511     0295                     	;# 
   512     0296                     	;# 
   513     0298                     	;# 
   514     0298                     	;# 
   515     0299                     	;# 
   516     029A                     	;# 
   517     029B                     	;# 
   518     029C                     	;# 
   519     029C                     	;# 
   520     029D                     	;# 
   521     029E                     	;# 
   522     029F                     	;# 
   523     0311                     	;# 
   524     0311                     	;# 
   525     0312                     	;# 
   526     0313                     	;# 
   527     0314                     	;# 
   528     0315                     	;# 
   529     0315                     	;# 
   530     0316                     	;# 
   531     0318                     	;# 
   532     0318                     	;# 
   533     0319                     	;# 
   534     031A                     	;# 
   535     031C                     	;# 
   536     031C                     	;# 
   537     031D                     	;# 
   538     031E                     	;# 
   539     0394                     	;# 
   540     0395                     	;# 
   541     0396                     	;# 
   542     0415                     	;# 
   543     0416                     	;# 
   544     0417                     	;# 
   545     041C                     	;# 
   546     041D                     	;# 
   547     041E                     	;# 
   548     0791                     	;# 
   549     0792                     	;# 
   550     0793                     	;# 
   551     0794                     	;# 
   552     0795                     	;# 
   553     0798                     	;# 
   554     0799                     	;# 
   555     079A                     	;# 
   556     07A0                     	;# 
   557     07A1                     	;# 
   558     07A2                     	;# 
   559     07A3                     	;# 
   560     07A4                     	;# 
   561     07A5                     	;# 
   562     07A6                     	;# 
   563     07A7                     	;# 
   564     07A8                     	;# 
   565     07A9                     	;# 
   566     07AA                     	;# 
   567     07AB                     	;# 
   568     0FE4                     	;# 
   569     0FE5                     	;# 
   570     0FE6                     	;# 
   571     0FE7                     	;# 
   572     0FE8                     	;# 
   573     0FE9                     	;# 
   574     0FEA                     	;# 
   575     0FEB                     	;# 
   576     0FED                     	;# 
   577     0FEE                     	;# 
   578     0FEF                     	;# 
   579     0000                     	;# 
   580     0001                     	;# 
   581     0002                     	;# 
   582     0003                     	;# 
   583     0004                     	;# 
   584     0005                     	;# 
   585     0006                     	;# 
   586     0007                     	;# 
   587     0008                     	;# 
   588     0009                     	;# 
   589     000A                     	;# 
   590     000B                     	;# 
   591     000C                     	;# 
   592     000D                     	;# 
   593     000E                     	;# 
   594     000F                     	;# 
   595     0010                     	;# 
   596     0011                     	;# 
   597     0012                     	;# 
   598     0013                     	;# 
   599     0015                     	;# 
   600     0016                     	;# 
   601     0016                     	;# 
   602     0017                     	;# 
   603     0018                     	;# 
   604     0019                     	;# 
   605     001A                     	;# 
   606     001B                     	;# 
   607     001C                     	;# 
   608     001E                     	;# 
   609     001F                     	;# 
   610     008C                     	;# 
   611     008D                     	;# 
   612     008E                     	;# 
   613     008F                     	;# 
   614     0090                     	;# 
   615     0091                     	;# 
   616     0092                     	;# 
   617     0093                     	;# 
   618     0095                     	;# 
   619     0096                     	;# 
   620     0097                     	;# 
   621     0098                     	;# 
   622     0099                     	;# 
   623     009A                     	;# 
   624     009B                     	;# 
   625     009B                     	;# 
   626     009C                     	;# 
   627     009D                     	;# 
   628     009E                     	;# 
   629     010C                     	;# 
   630     010D                     	;# 
   631     010E                     	;# 
   632     010F                     	;# 
   633     0110                     	;# 
   634     0111                     	;# 
   635     0112                     	;# 
   636     0113                     	;# 
   637     0114                     	;# 
   638     0115                     	;# 
   639     0116                     	;# 
   640     0117                     	;# 
   641     0118                     	;# 
   642     0119                     	;# 
   643     011A                     	;# 
   644     011B                     	;# 
   645     011D                     	;# 
   646     018C                     	;# 
   647     018D                     	;# 
   648     018F                     	;# 
   649     0190                     	;# 
   650     0191                     	;# 
   651     0191                     	;# 
   652     0192                     	;# 
   653     0193                     	;# 
   654     0193                     	;# 
   655     0193                     	;# 
   656     0194                     	;# 
   657     0195                     	;# 
   658     0196                     	;# 
   659     0199                     	;# 
   660     019A                     	;# 
   661     019B                     	;# 
   662     019B                     	;# 
   663     019B                     	;# 
   664     019B                     	;# 
   665     019C                     	;# 
   666     019C                     	;# 
   667     019D                     	;# 
   668     019E                     	;# 
   669     019F                     	;# 
   670     020D                     	;# 
   671     0210                     	;# 
   672     0211                     	;# 
   673     0212                     	;# 
   674     0213                     	;# 
   675     0214                     	;# 
   676     0215                     	;# 
   677     0215                     	;# 
   678     0216                     	;# 
   679     0217                     	;# 
   680     0291                     	;# 
   681     0291                     	;# 
   682     0292                     	;# 
   683     0293                     	;# 
   684     0294                     	;# 
   685     0295                     	;# 
   686     0295                     	;# 
   687     0296                     	;# 
   688     0298                     	;# 
   689     0298                     	;# 
   690     0299                     	;# 
   691     029A                     	;# 
   692     029B                     	;# 
   693     029C                     	;# 
   694     029C                     	;# 
   695     029D                     	;# 
   696     029E                     	;# 
   697     029F                     	;# 
   698     0311                     	;# 
   699     0311                     	;# 
   700     0312                     	;# 
   701     0313                     	;# 
   702     0314                     	;# 
   703     0315                     	;# 
   704     0315                     	;# 
   705     0316                     	;# 
   706     0318                     	;# 
   707     0318                     	;# 
   708     0319                     	;# 
   709     031A                     	;# 
   710     031C                     	;# 
   711     031C                     	;# 
   712     031D                     	;# 
   713     031E                     	;# 
   714     0394                     	;# 
   715     0395                     	;# 
   716     0396                     	;# 
   717     0415                     	;# 
   718     0416                     	;# 
   719     0417                     	;# 
   720     041C                     	;# 
   721     041D                     	;# 
   722     041E                     	;# 
   723     0791                     	;# 
   724     0792                     	;# 
   725     0793                     	;# 
   726     0794                     	;# 
   727     0795                     	;# 
   728     0798                     	;# 
   729     0799                     	;# 
   730     079A                     	;# 
   731     07A0                     	;# 
   732     07A1                     	;# 
   733     07A2                     	;# 
   734     07A3                     	;# 
   735     07A4                     	;# 
   736     07A5                     	;# 
   737     07A6                     	;# 
   738     07A7                     	;# 
   739     07A8                     	;# 
   740     07A9                     	;# 
   741     07AA                     	;# 
   742     07AB                     	;# 
   743     0FE4                     	;# 
   744     0FE5                     	;# 
   745     0FE6                     	;# 
   746     0FE7                     	;# 
   747     0FE8                     	;# 
   748     0FE9                     	;# 
   749     0FEA                     	;# 
   750     0FEB                     	;# 
   751     0FED                     	;# 
   752     0FEE                     	;# 
   753     0FEF                     	;# 
   754                           
   755                           	psect	idataCOMMON
   756     0694                     __pidataCOMMON:
   757                           
   758                           ;initializer for _decenasD
   759     0694  3409               	retlw	9
   760     0695  3400               	retlw	0
   761                           
   762                           ;initializer for _unidadesD
   763     0696  3409               	retlw	9
   764     0697  3400               	retlw	0
   765                           
   766                           	psect	idataBANK0
   767     069E                     __pidataBANK0:
   768                           
   769                           ;initializer for _decoCC
   770     069E  34BF               	retlw	191
   771     069F  3486               	retlw	134
   772     06A0  34DB               	retlw	219
   773     06A1  34CF               	retlw	207
   774     06A2  34E6               	retlw	230
   775     06A3  34ED               	retlw	237
   776     06A4  34FD               	retlw	253
   777     06A5  3487               	retlw	135
   778     06A6  34FF               	retlw	255
   779     06A7  34E7               	retlw	231
   780     000F                     _PORTD	set	15
   781     000E                     _PORTC	set	14
   782     000D                     _PORTBbits	set	13
   783     008D                     _TRISBbits	set	141
   784     008F                     _TRISD	set	143
   785     008E                     _TRISC	set	142
   786     010E                     _LATC	set	270
   787     010F                     _LATD	set	271
   788     018D                     _ANSELBbits	set	397
   789     018F                     _ANSELD	set	399
   790                           
   791                           	psect	cinit
   792     07DE                     start_initialization:	
   793                           ; #config settings
   794                           
   795     07DE                     __initialization:
   796                           
   797                           ; Initialize objects allocated to COMMON
   798     07DE  3094               	movlw	low __pidataCOMMON
   799     07DF  0084               	movwf	4
   800     07E0  3086               	movlw	(high __pidataCOMMON)| (0+128)
   801     07E1  0085               	movwf	5
   802     07E2  3077               	movlw	low __pdataCOMMON
   803     07E3  0086               	movwf	6
   804     07E4  3000               	movlw	high __pdataCOMMON
   805     07E5  0087               	movwf	7
   806     07E6  3004               	movlw	4
   807     07E7  3186  2698  3187   	fcall	init_ram
   808                           
   809                           ; Initialize objects allocated to BANK0
   810     07EA  309E               	movlw	low __pidataBANK0
   811     07EB  0084               	movwf	4
   812     07EC  3086               	movlw	(high __pidataBANK0)| (0+128)
   813     07ED  0085               	movwf	5
   814     07EE  3020               	movlw	low __pdataBANK0
   815     07EF  0086               	movwf	6
   816     07F0  3000               	movlw	high __pdataBANK0
   817     07F1  0087               	movwf	7
   818     07F2  300A               	movlw	10
   819     07F3  3186  2698  3187   	fcall	init_ram
   820                           
   821                           ; Clear objects allocated to COMMON
   822     07F6  01F0               	clrf	__pbssCOMMON& (0+127)
   823     07F7  01F1               	clrf	(__pbssCOMMON+1)& (0+127)
   824     07F8  01F2               	clrf	(__pbssCOMMON+2)& (0+127)
   825     07F9  01F3               	clrf	(__pbssCOMMON+3)& (0+127)
   826     07FA  01F4               	clrf	(__pbssCOMMON+4)& (0+127)
   827     07FB  01F5               	clrf	(__pbssCOMMON+5)& (0+127)
   828     07FC  01F6               	clrf	(__pbssCOMMON+6)& (0+127)
   829     07FD                     end_of_initialization:	
   830                           ;End of C runtime variable initialization code
   831                           
   832     07FD                     __end_of__initialization:
   833     07FD  0020               	movlb	0
   834     07FE  3186  2EDE         	ljmp	_main	;jump to C main() function
   835                           
   836                           	psect	bssCOMMON
   837     0070                     __pbssCOMMON:
   838     0070                     _decenasA:
   839     0070                     	ds	2
   840     0072                     _unidadesA:
   841     0072                     	ds	2
   842     0074                     _bandera_pausa:
   843     0074                     	ds	1
   844     0075                     _bandera_desc:
   845     0075                     	ds	1
   846     0076                     _bandera_asc:
   847     0076                     	ds	1
   848                           
   849                           	psect	dataCOMMON
   850     0077                     __pdataCOMMON:
   851     0077                     _decenasD:
   852     0077                     	ds	2
   853     0079                     _unidadesD:
   854     0079                     	ds	2
   855                           
   856                           	psect	dataBANK0
   857     0020                     __pdataBANK0:
   858     0020                     _decoCC:
   859     0020                     	ds	10
   860                           
   861                           	psect	inittext
   862     0698                     init_ram:
   863     0698  00FE               	movwf	btemp
   864     0699                     initloop:
   865     0699  0012               	moviw fsr0++
   866     069A  001E               	movwi fsr1++
   867     069B  0BFE               	decfsz	btemp,f
   868     069C  2E99               	goto	initloop
   869     069D  3400               	retlw	0
   870                           
   871                           	psect	cstackCOMMON
   872     007B                     __pcstackCOMMON:
   873     007B                     ?_pausa:
   874     007B                     ??_pausa:	
   875                           ; 1 bytes @ 0x0
   876                           
   877     007B                     ?_ascendente:	
   878                           ; 1 bytes @ 0x0
   879                           
   880     007B                     ??_ascendente:	
   881                           ; 1 bytes @ 0x0
   882                           
   883     007B                     ?_descendente:	
   884                           ; 1 bytes @ 0x0
   885                           
   886     007B                     ??_descendente:	
   887                           ; 1 bytes @ 0x0
   888                           
   889     007B                     ?_paso_dos:	
   890                           ; 1 bytes @ 0x0
   891                           
   892     007B                     ??_paso_dos:	
   893                           ; 1 bytes @ 0x0
   894                           
   895     007B                     ?_main:	
   896                           ; 1 bytes @ 0x0
   897                           
   898                           
   899                           ; 1 bytes @ 0x0
   900     007B                     	ds	2
   901     007D                     ??_main:
   902                           
   903                           	psect	maintext
   904     06DE                     __pmaintext:	
   905                           ; 1 bytes @ 0x2
   906 ;;
   907 ;;Main: autosize = 0, tempsize = 0, incstack = 0, save=0
   908 ;;
   909 ;; *************** function _main *****************
   910 ;; Defined at:
   911 ;;		line 8 in file "main.c"
   912 ;; Parameters:    Size  Location     Type
   913 ;;		None
   914 ;; Auto vars:     Size  Location     Type
   915 ;;		None
   916 ;; Return value:  Size  Location     Type
   917 ;;                  1    wreg      void 
   918 ;; Registers used:
   919 ;;		wreg, fsr1l, fsr1h, status,2, status,0, pclath, cstack
   920 ;; Tracked objects:
   921 ;;		On entry : B1F/0
   922 ;;		On exit  : 0/0
   923 ;;		Unchanged: 0/0
   924 ;; Data sizes:     COMMON   BANK0   BANK1   BANK2   BANK3   BANK4   BANK5   BANK6   BANK7   BANK8   BANK9  BANK10  BANK1
      +1  BANK12
   925 ;;      Params:         0       0       0       0       0       0       0       0       0       0       0       0       
      +0       0
   926 ;;      Locals:         0       0       0       0       0       0       0       0       0       0       0       0       
      +0       0
   927 ;;      Temps:          0       0       0       0       0       0       0       0       0       0       0       0       
      +0       0
   928 ;;      Totals:         0       0       0       0       0       0       0       0       0       0       0       0       
      +0       0
   929 ;;Total ram usage:        0 bytes
   930 ;; Hardware stack levels required when called: 1
   931 ;; This function calls:
   932 ;;		_ascendente
   933 ;;		_descendente
   934 ;;		_paso_dos
   935 ;;		_pausa
   936 ;; This function is called by:
   937 ;;		Startup code after reset
   938 ;; This function uses a non-reentrant model
   939 ;;
   940                           
   941     06DE                     _main:	
   942                           ;psect for function _main
   943                           
   944     06DE                     l868:	
   945                           ;incstack = 0
   946                           ; Regs used in _main: [wreg+fsr1l+fsr1h+status,2+status,0+pclath+cstack]
   947                           
   948                           
   949                           ;main.c: 11:     ANSELD = 0x00;
   950     06DE  0023               	movlb	3	; select bank3
   951     06DF  018F               	clrf	15	;volatile
   952                           
   953                           ;main.c: 14:     TRISC = 0x00;
   954     06E0  0021               	movlb	1	; select bank1
   955     06E1  018E               	clrf	14	;volatile
   956                           
   957                           ;main.c: 15:     TRISD = 0x00;
   958     06E2  018F               	clrf	15	;volatile
   959     06E3                     l870:
   960                           
   961                           ;main.c: 18:     ANSELBbits.ANSB0 = 0;
   962     06E3  0023               	movlb	3	; select bank3
   963     06E4  100D               	bcf	13,0	;volatile
   964     06E5                     l872:
   965                           
   966                           ;main.c: 19:     ANSELBbits.ANSB1 = 0;
   967     06E5  108D               	bcf	13,1	;volatile
   968     06E6                     l874:
   969                           
   970                           ;main.c: 22:     TRISBbits.TRISB0 = 1;
   971     06E6  0021               	movlb	1	; select bank1
   972     06E7  140D               	bsf	13,0	;volatile
   973     06E8                     l876:
   974                           
   975                           ;main.c: 23:     TRISBbits.TRISB1 = 1;
   976     06E8  148D               	bsf	13,1	;volatile
   977                           
   978                           ;main.c: 25:     LATD = 0x00;
   979     06E9  0022               	movlb	2	; select bank2
   980     06EA  018F               	clrf	15	;volatile
   981                           
   982                           ;main.c: 26:     LATC = 0x00;
   983     06EB  018E               	clrf	14	;volatile
   984     06EC                     l878:
   985                           
   986                           ;main.c: 30:         if (PORTBbits.RB0==1 && PORTBbits.RB1==1){
   987     06EC  0020               	movlb	0	; select bank0
   988     06ED  1C0D               	btfss	13,0	;volatile
   989     06EE  2EF0               	goto	u291
   990     06EF  2EF1               	goto	u290
   991     06F0                     u291:
   992     06F0  2EF8               	goto	l884
   993     06F1                     u290:
   994     06F1                     l880:
   995     06F1  1C8D               	btfss	13,1	;volatile
   996     06F2  2EF4               	goto	u301
   997     06F3  2EF5               	goto	u300
   998     06F4                     u301:
   999     06F4  2EF8               	goto	l884
  1000     06F5                     u300:
  1001     06F5                     l882:
  1002                           
  1003                           ;main.c: 31:             pausa();
  1004     06F5  3186  2693  3186   	fcall	_pausa
  1005     06F8                     l884:
  1006                           
  1007                           ;main.c: 34:         if (PORTBbits.RB0==1 && PORTBbits.RB1==0){
  1008     06F8  0020               	movlb	0	; select bank0
  1009     06F9  1C0D               	btfss	13,0	;volatile
  1010     06FA  2EFC               	goto	u311
  1011     06FB  2EFD               	goto	u310
  1012     06FC                     u311:
  1013     06FC  2F04               	goto	l890
  1014     06FD                     u310:
  1015     06FD                     l886:
  1016     06FD  188D               	btfsc	13,1	;volatile
  1017     06FE  2F00               	goto	u321
  1018     06FF  2F01               	goto	u320
  1019     0700                     u321:
  1020     0700  2F04               	goto	l890
  1021     0701                     u320:
  1022     0701                     l888:
  1023                           
  1024                           ;main.c: 35:             ascendente();
  1025     0701  3187  271F  3186   	fcall	_ascendente
  1026     0704                     l890:
  1027                           
  1028                           ;main.c: 38:         if (PORTBbits.RB0==0 && PORTBbits.RB1==1){
  1029     0704  0020               	movlb	0	; select bank0
  1030     0705  180D               	btfsc	13,0	;volatile
  1031     0706  2F08               	goto	u331
  1032     0707  2F09               	goto	u330
  1033     0708                     u331:
  1034     0708  2F10               	goto	l896
  1035     0709                     u330:
  1036     0709                     l892:
  1037     0709  1C8D               	btfss	13,1	;volatile
  1038     070A  2F0C               	goto	u341
  1039     070B  2F0D               	goto	u340
  1040     070C                     u341:
  1041     070C  2F10               	goto	l896
  1042     070D                     u340:
  1043     070D                     l894:
  1044                           
  1045                           ;main.c: 39:             descendente();
  1046     070D  3186  26A8  3186   	fcall	_descendente
  1047     0710                     l896:
  1048                           
  1049                           ;main.c: 42:         if (PORTBbits.RB0==0 && PORTBbits.RB1==0){
  1050     0710  0020               	movlb	0	; select bank0
  1051     0711  180D               	btfsc	13,0	;volatile
  1052     0712  2F14               	goto	u351
  1053     0713  2F15               	goto	u350
  1054     0714                     u351:
  1055     0714  2EEC               	goto	l878
  1056     0715                     u350:
  1057     0715                     l898:
  1058     0715  188D               	btfsc	13,1	;volatile
  1059     0716  2F18               	goto	u361
  1060     0717  2F19               	goto	u360
  1061     0718                     u361:
  1062     0718  2EEC               	goto	l878
  1063     0719                     u360:
  1064     0719                     l900:
  1065                           
  1066                           ;main.c: 43:             paso_dos();
  1067     0719  3187  2763  3186   	fcall	_paso_dos
  1068     071C  2EEC               	goto	l878
  1069     071D  3180  2802         	ljmp	start
  1070     071F                     __end_of_main:
  1071                           
  1072                           	psect	text1
  1073     0693                     __ptext1:	
  1074 ;; *************** function _pausa *****************
  1075 ;; Defined at:
  1076 ;;		line 52 in file "Contador.c"
  1077 ;; Parameters:    Size  Location     Type
  1078 ;;		None
  1079 ;; Auto vars:     Size  Location     Type
  1080 ;;		None
  1081 ;; Return value:  Size  Location     Type
  1082 ;;                  1    wreg      void 
  1083 ;; Registers used:
  1084 ;;		None
  1085 ;; Tracked objects:
  1086 ;;		On entry : 0/0
  1087 ;;		On exit  : 0/0
  1088 ;;		Unchanged: 0/0
  1089 ;; Data sizes:     COMMON   BANK0   BANK1   BANK2   BANK3   BANK4   BANK5   BANK6   BANK7   BANK8   BANK9  BANK10  BANK1
      +1  BANK12
  1090 ;;      Params:         0       0       0       0       0       0       0       0       0       0       0       0       
      +0       0
  1091 ;;      Locals:         0       0       0       0       0       0       0       0       0       0       0       0       
      +0       0
  1092 ;;      Temps:          0       0       0       0       0       0       0       0       0       0       0       0       
      +0       0
  1093 ;;      Totals:         0       0       0       0       0       0       0       0       0       0       0       0       
      +0       0
  1094 ;;Total ram usage:        0 bytes
  1095 ;; Hardware stack levels used: 1
  1096 ;; This function calls:
  1097 ;;		Nothing
  1098 ;; This function is called by:
  1099 ;;		_main
  1100 ;; This function uses a non-reentrant model
  1101 ;;
  1102                           
  1103     0693                     _pausa:	
  1104                           ;psect for function _pausa
  1105                           
  1106     0693                     l73:	
  1107                           ;incstack = 0
  1108                           ; Regs used in _pausa: []
  1109                           
  1110     0693  0008               	return
  1111     0694                     __end_of_pausa:
  1112                           
  1113                           	psect	text2
  1114     0763                     __ptext2:	
  1115 ;; *************** function _paso_dos *****************
  1116 ;; Defined at:
  1117 ;;		line 57 in file "Contador.c"
  1118 ;; Parameters:    Size  Location     Type
  1119 ;;		None
  1120 ;; Auto vars:     Size  Location     Type
  1121 ;;		None
  1122 ;; Return value:  Size  Location     Type
  1123 ;;                  1    wreg      void 
  1124 ;; Registers used:
  1125 ;;		wreg, fsr1l, fsr1h, status,2, status,0
  1126 ;; Tracked objects:
  1127 ;;		On entry : 0/0
  1128 ;;		On exit  : 0/0
  1129 ;;		Unchanged: 0/0
  1130 ;; Data sizes:     COMMON   BANK0   BANK1   BANK2   BANK3   BANK4   BANK5   BANK6   BANK7   BANK8   BANK9  BANK10  BANK1
      +1  BANK12
  1131 ;;      Params:         0       0       0       0       0       0       0       0       0       0       0       0       
      +0       0
  1132 ;;      Locals:         0       0       0       0       0       0       0       0       0       0       0       0       
      +0       0
  1133 ;;      Temps:          2       0       0       0       0       0       0       0       0       0       0       0       
      +0       0
  1134 ;;      Totals:         2       0       0       0       0       0       0       0       0       0       0       0       
      +0       0
  1135 ;;Total ram usage:        2 bytes
  1136 ;; Hardware stack levels used: 1
  1137 ;; This function calls:
  1138 ;;		Nothing
  1139 ;; This function is called by:
  1140 ;;		_main
  1141 ;; This function uses a non-reentrant model
  1142 ;;
  1143                           
  1144     0763                     _paso_dos:	
  1145                           ;psect for function _paso_dos
  1146                           
  1147     0763                     l836:	
  1148                           ;incstack = 0
  1149                           ; Regs used in _paso_dos: [wreg+fsr1l+fsr1h+status,2+status,0]
  1150                           
  1151                           
  1152                           ;Contador.c: 58:     if (bandera_asc == 1){
  1153     0763  0376               	decf	_bandera_asc,w
  1154     0764  1D03               	btfss	3,2
  1155     0765  2F67               	goto	u231
  1156     0766  2F68               	goto	u230
  1157     0767                     u231:
  1158     0767  2FA7               	goto	l854
  1159     0768                     u230:
  1160     0768                     l838:
  1161                           
  1162                           ;Contador.c: 59:     PORTC = decoCC[unidadesA];
  1163     0768  0872               	movf	_unidadesA,w
  1164     0769  3E20               	addlw	(low (_decoCC| 0))& (0+255)
  1165     076A  0086               	movwf	6
  1166     076B  0187               	clrf	7
  1167     076C  0801               	movf	1,w
  1168     076D  0020               	movlb	0	; select bank0
  1169     076E  008E               	movwf	14	;volatile
  1170                           
  1171                           ;Contador.c: 60:     PORTD = decoCC[decenasA];
  1172     076F  0870               	movf	_decenasA,w
  1173     0770  3E20               	addlw	(low (_decoCC| 0))& (0+255)
  1174     0771  0086               	movwf	6
  1175     0772  0187               	clrf	7
  1176     0773  0801               	movf	1,w
  1177     0774  008F               	movwf	15	;volatile
  1178     0775                     l840:
  1179                           
  1180                           ;Contador.c: 62:     unidadesA +=2;
  1181     0775  3002               	movlw	2
  1182     0776  07F2               	addwf	_unidadesA,f
  1183     0777  3000               	movlw	0
  1184     0778  3DF3               	addwfc	_unidadesA+1,f
  1185     0779                     l842:
  1186                           
  1187                           ;Contador.c: 63:     if (unidadesA>9){
  1188     0779  0873               	movf	_unidadesA+1,w
  1189     077A  3A80               	xorlw	128
  1190     077B  00FB               	movwf	??_paso_dos
  1191     077C  3080               	movlw	128
  1192     077D  027B               	subwf	??_paso_dos,w
  1193     077E  1D03               	skipz
  1194     077F  2F82               	goto	u245
  1195     0780  300A               	movlw	10
  1196     0781  0272               	subwf	_unidadesA,w
  1197     0782                     u245:
  1198     0782  1C03               	skipc
  1199     0783  2F85               	goto	u241
  1200     0784  2F86               	goto	u240
  1201     0785                     u241:
  1202     0785  2F9B               	goto	l852
  1203     0786                     u240:
  1204     0786                     l844:
  1205                           
  1206                           ;Contador.c: 64:         unidadesA = 0;
  1207     0786  01F2               	clrf	_unidadesA
  1208     0787  01F3               	clrf	_unidadesA+1
  1209     0788                     l846:
  1210                           
  1211                           ;Contador.c: 65:         decenasA ++;
  1212     0788  3001               	movlw	1
  1213     0789  07F0               	addwf	_decenasA,f
  1214     078A  3000               	movlw	0
  1215     078B  3DF1               	addwfc	_decenasA+1,f
  1216     078C                     l848:
  1217                           
  1218                           ;Contador.c: 66:         if (decenasA>9){
  1219     078C  0871               	movf	_decenasA+1,w
  1220     078D  3A80               	xorlw	128
  1221     078E  00FB               	movwf	??_paso_dos
  1222     078F  3080               	movlw	128
  1223     0790  027B               	subwf	??_paso_dos,w
  1224     0791  1D03               	skipz
  1225     0792  2F95               	goto	u255
  1226     0793  300A               	movlw	10
  1227     0794  0270               	subwf	_decenasA,w
  1228     0795                     u255:
  1229     0795  1C03               	skipc
  1230     0796  2F98               	goto	u251
  1231     0797  2F99               	goto	u250
  1232     0798                     u251:
  1233     0798  2F9B               	goto	l852
  1234     0799                     u250:
  1235     0799                     l850:
  1236                           
  1237                           ;Contador.c: 67:             decenasA = 0;
  1238     0799  01F0               	clrf	_decenasA
  1239     079A  01F1               	clrf	_decenasA+1
  1240     079B                     l852:
  1241                           
  1242                           ;Contador.c: 71:     _delay((unsigned long)((500)*(20000000UL/4000.0)));
  1243     079B  300D               	movlw	13
  1244     079C  00FC               	movwf	??_paso_dos+1
  1245     079D  30AF               	movlw	175
  1246     079E  00FB               	movwf	??_paso_dos
  1247     079F  30B6               	movlw	182
  1248     07A0                     u377:
  1249     07A0  0B89               	decfsz	9,f
  1250     07A1  2FA0               	goto	u377
  1251     07A2  0BFB               	decfsz	??_paso_dos,f
  1252     07A3  2FA0               	goto	u377
  1253     07A4  0BFC               	decfsz	??_paso_dos+1,f
  1254     07A5  2FA0               	goto	u377
  1255     07A6  3200               	nop2
  1256     07A7                     l854:
  1257                           
  1258                           ;Contador.c: 74:      if (bandera_desc == 1){
  1259     07A7  0375               	decf	_bandera_desc,w
  1260     07A8  1D03               	btfss	3,2
  1261     07A9  2FAB               	goto	u261
  1262     07AA  2FAC               	goto	u260
  1263     07AB                     u261:
  1264     07AB  2FDD               	goto	l82
  1265     07AC                     u260:
  1266     07AC                     l856:
  1267                           
  1268                           ;Contador.c: 75:     PORTC = decoCC[unidadesD];
  1269     07AC  0879               	movf	_unidadesD,w
  1270     07AD  3E20               	addlw	(low (_decoCC| 0))& (0+255)
  1271     07AE  0086               	movwf	6
  1272     07AF  0187               	clrf	7
  1273     07B0  0801               	movf	1,w
  1274     07B1  0020               	movlb	0	; select bank0
  1275     07B2  008E               	movwf	14	;volatile
  1276                           
  1277                           ;Contador.c: 76:     PORTD = decoCC[decenasD];
  1278     07B3  0877               	movf	_decenasD,w
  1279     07B4  3E20               	addlw	(low (_decoCC| 0))& (0+255)
  1280     07B5  0086               	movwf	6
  1281     07B6  0187               	clrf	7
  1282     07B7  0801               	movf	1,w
  1283     07B8  008F               	movwf	15	;volatile
  1284     07B9                     l858:
  1285                           
  1286                           ;Contador.c: 78:     unidadesD -=2;
  1287     07B9  30FE               	movlw	254
  1288     07BA  07F9               	addwf	_unidadesD,f
  1289     07BB  30FF               	movlw	255
  1290     07BC  3DFA               	addwfc	_unidadesD+1,f
  1291     07BD                     l860:
  1292                           
  1293                           ;Contador.c: 79:     if (unidadesD<0){
  1294     07BD  1FFA               	btfss	_unidadesD+1,7
  1295     07BE  2FC0               	goto	u271
  1296     07BF  2FC1               	goto	u270
  1297     07C0                     u271:
  1298     07C0  2FD1               	goto	l80
  1299     07C1                     u270:
  1300     07C1                     l862:
  1301                           
  1302                           ;Contador.c: 80:         unidadesD = 9;
  1303     07C1  3009               	movlw	9
  1304     07C2  00F9               	movwf	_unidadesD
  1305     07C3  3000               	movlw	0
  1306     07C4  00FA               	movwf	_unidadesD+1
  1307                           
  1308                           ;Contador.c: 81:         decenasD --;
  1309     07C5  30FF               	movlw	255
  1310     07C6  07F7               	addwf	_decenasD,f
  1311     07C7  30FF               	movlw	255
  1312     07C8  3DF8               	addwfc	_decenasD+1,f
  1313     07C9                     l864:
  1314                           
  1315                           ;Contador.c: 82:         if (decenasD<0){
  1316     07C9  1FF8               	btfss	_decenasD+1,7
  1317     07CA  2FCC               	goto	u281
  1318     07CB  2FCD               	goto	u280
  1319     07CC                     u281:
  1320     07CC  2FD1               	goto	l80
  1321     07CD                     u280:
  1322     07CD                     l866:
  1323                           
  1324                           ;Contador.c: 83:             decenasD = 9;
  1325     07CD  3009               	movlw	9
  1326     07CE  00F7               	movwf	_decenasD
  1327     07CF  3000               	movlw	0
  1328     07D0  00F8               	movwf	_decenasD+1
  1329     07D1                     l80:	
  1330                           ;Contador.c: 85:     }
  1331                           
  1332                           
  1333                           ;Contador.c: 87:     _delay((unsigned long)((500)*(20000000UL/4000.0)));
  1334     07D1  300D               	movlw	13
  1335     07D2  00FC               	movwf	??_paso_dos+1
  1336     07D3  30AF               	movlw	175
  1337     07D4  00FB               	movwf	??_paso_dos
  1338     07D5  30B6               	movlw	182
  1339     07D6                     u387:
  1340     07D6  0B89               	decfsz	9,f
  1341     07D7  2FD6               	goto	u387
  1342     07D8  0BFB               	decfsz	??_paso_dos,f
  1343     07D9  2FD6               	goto	u387
  1344     07DA  0BFC               	decfsz	??_paso_dos+1,f
  1345     07DB  2FD6               	goto	u387
  1346     07DC  3200               	nop2
  1347     07DD                     l82:
  1348     07DD  0008               	return
  1349     07DE                     __end_of_paso_dos:
  1350                           
  1351                           	psect	text3
  1352     06A8                     __ptext3:	
  1353 ;; *************** function _descendente *****************
  1354 ;; Defined at:
  1355 ;;		line 31 in file "Contador.c"
  1356 ;; Parameters:    Size  Location     Type
  1357 ;;		None
  1358 ;; Auto vars:     Size  Location     Type
  1359 ;;		None
  1360 ;; Return value:  Size  Location     Type
  1361 ;;                  1    wreg      void 
  1362 ;; Registers used:
  1363 ;;		wreg, fsr1l, fsr1h, status,2, status,0
  1364 ;; Tracked objects:
  1365 ;;		On entry : 0/0
  1366 ;;		On exit  : 0/0
  1367 ;;		Unchanged: 0/0
  1368 ;; Data sizes:     COMMON   BANK0   BANK1   BANK2   BANK3   BANK4   BANK5   BANK6   BANK7   BANK8   BANK9  BANK10  BANK1
      +1  BANK12
  1369 ;;      Params:         0       0       0       0       0       0       0       0       0       0       0       0       
      +0       0
  1370 ;;      Locals:         0       0       0       0       0       0       0       0       0       0       0       0       
      +0       0
  1371 ;;      Temps:          2       0       0       0       0       0       0       0       0       0       0       0       
      +0       0
  1372 ;;      Totals:         2       0       0       0       0       0       0       0       0       0       0       0       
      +0       0
  1373 ;;Total ram usage:        2 bytes
  1374 ;; Hardware stack levels used: 1
  1375 ;; This function calls:
  1376 ;;		Nothing
  1377 ;; This function is called by:
  1378 ;;		_main
  1379 ;; This function uses a non-reentrant model
  1380 ;;
  1381                           
  1382     06A8                     _descendente:	
  1383                           ;psect for function _descendente
  1384                           
  1385     06A8                     l818:	
  1386                           ;incstack = 0
  1387                           ; Regs used in _descendente: [wreg+fsr1l+fsr1h+status,2+status,0]
  1388                           
  1389                           
  1390                           ;Contador.c: 33:     bandera_asc = 0;
  1391     06A8  01F6               	clrf	_bandera_asc
  1392     06A9                     l820:
  1393                           
  1394                           ;Contador.c: 34:     bandera_desc = 1;
  1395     06A9  01F5               	clrf	_bandera_desc
  1396     06AA  0AF5               	incf	_bandera_desc,f
  1397                           
  1398                           ;Contador.c: 35:     bandera_pausa = 0;
  1399     06AB  01F4               	clrf	_bandera_pausa
  1400     06AC                     l822:
  1401                           
  1402                           ;Contador.c: 36:     PORTC = decoCC[unidadesD];
  1403     06AC  0879               	movf	_unidadesD,w
  1404     06AD  3E20               	addlw	(low (_decoCC| 0))& (0+255)
  1405     06AE  0086               	movwf	6
  1406     06AF  0187               	clrf	7
  1407     06B0  0801               	movf	1,w
  1408     06B1  0020               	movlb	0	; select bank0
  1409     06B2  008E               	movwf	14	;volatile
  1410     06B3                     l824:
  1411                           
  1412                           ;Contador.c: 37:     PORTD = decoCC[decenasD];
  1413     06B3  0877               	movf	_decenasD,w
  1414     06B4  3E20               	addlw	(low (_decoCC| 0))& (0+255)
  1415     06B5  0086               	movwf	6
  1416     06B6  0187               	clrf	7
  1417     06B7  0801               	movf	1,w
  1418     06B8  008F               	movwf	15	;volatile
  1419     06B9                     l826:
  1420                           
  1421                           ;Contador.c: 39:     unidadesD --;
  1422     06B9  30FF               	movlw	255
  1423     06BA  07F9               	addwf	_unidadesD,f
  1424     06BB  30FF               	movlw	255
  1425     06BC  3DFA               	addwfc	_unidadesD+1,f
  1426     06BD                     l828:
  1427                           
  1428                           ;Contador.c: 40:     if (unidadesD<0){
  1429     06BD  1FFA               	btfss	_unidadesD+1,7
  1430     06BE  2EC0               	goto	u211
  1431     06BF  2EC1               	goto	u210
  1432     06C0                     u211:
  1433     06C0  2ED1               	goto	l68
  1434     06C1                     u210:
  1435     06C1                     l830:
  1436                           
  1437                           ;Contador.c: 41:         unidadesD = 9;
  1438     06C1  3009               	movlw	9
  1439     06C2  00F9               	movwf	_unidadesD
  1440     06C3  3000               	movlw	0
  1441     06C4  00FA               	movwf	_unidadesD+1
  1442                           
  1443                           ;Contador.c: 42:         decenasD --;
  1444     06C5  30FF               	movlw	255
  1445     06C6  07F7               	addwf	_decenasD,f
  1446     06C7  30FF               	movlw	255
  1447     06C8  3DF8               	addwfc	_decenasD+1,f
  1448     06C9                     l832:
  1449                           
  1450                           ;Contador.c: 43:         if (decenasD<0){
  1451     06C9  1FF8               	btfss	_decenasD+1,7
  1452     06CA  2ECC               	goto	u221
  1453     06CB  2ECD               	goto	u220
  1454     06CC                     u221:
  1455     06CC  2ED1               	goto	l68
  1456     06CD                     u220:
  1457     06CD                     l834:
  1458                           
  1459                           ;Contador.c: 44:             decenasD = 9;
  1460     06CD  3009               	movlw	9
  1461     06CE  00F7               	movwf	_decenasD
  1462     06CF  3000               	movlw	0
  1463     06D0  00F8               	movwf	_decenasD+1
  1464     06D1                     l68:	
  1465                           ;Contador.c: 46:     }
  1466                           
  1467                           
  1468                           ;Contador.c: 48:     _delay((unsigned long)((500)*(20000000UL/4000.0)));
  1469     06D1  300D               	movlw	13
  1470     06D2  00FC               	movwf	??_descendente+1
  1471     06D3  30AF               	movlw	175
  1472     06D4  00FB               	movwf	??_descendente
  1473     06D5  30B6               	movlw	182
  1474     06D6                     u397:
  1475     06D6  0B89               	decfsz	9,f
  1476     06D7  2ED6               	goto	u397
  1477     06D8  0BFB               	decfsz	??_descendente,f
  1478     06D9  2ED6               	goto	u397
  1479     06DA  0BFC               	decfsz	??_descendente+1,f
  1480     06DB  2ED6               	goto	u397
  1481     06DC  3200               	nop2
  1482     06DD                     l70:
  1483     06DD  0008               	return
  1484     06DE                     __end_of_descendente:
  1485                           
  1486                           	psect	text4
  1487     071F                     __ptext4:	
  1488 ;; *************** function _ascendente *****************
  1489 ;; Defined at:
  1490 ;;		line 10 in file "Contador.c"
  1491 ;; Parameters:    Size  Location     Type
  1492 ;;		None
  1493 ;; Auto vars:     Size  Location     Type
  1494 ;;		None
  1495 ;; Return value:  Size  Location     Type
  1496 ;;                  1    wreg      void 
  1497 ;; Registers used:
  1498 ;;		wreg, fsr1l, fsr1h, status,2, status,0
  1499 ;; Tracked objects:
  1500 ;;		On entry : 0/0
  1501 ;;		On exit  : 0/0
  1502 ;;		Unchanged: 0/0
  1503 ;; Data sizes:     COMMON   BANK0   BANK1   BANK2   BANK3   BANK4   BANK5   BANK6   BANK7   BANK8   BANK9  BANK10  BANK1
      +1  BANK12
  1504 ;;      Params:         0       0       0       0       0       0       0       0       0       0       0       0       
      +0       0
  1505 ;;      Locals:         0       0       0       0       0       0       0       0       0       0       0       0       
      +0       0
  1506 ;;      Temps:          2       0       0       0       0       0       0       0       0       0       0       0       
      +0       0
  1507 ;;      Totals:         2       0       0       0       0       0       0       0       0       0       0       0       
      +0       0
  1508 ;;Total ram usage:        2 bytes
  1509 ;; Hardware stack levels used: 1
  1510 ;; This function calls:
  1511 ;;		Nothing
  1512 ;; This function is called by:
  1513 ;;		_main
  1514 ;; This function uses a non-reentrant model
  1515 ;;
  1516                           
  1517     071F                     _ascendente:	
  1518                           ;psect for function _ascendente
  1519                           
  1520     071F                     l796:	
  1521                           ;incstack = 0
  1522                           ; Regs used in _ascendente: [wreg+fsr1l+fsr1h+status,2+status,0]
  1523                           
  1524                           
  1525                           ;Contador.c: 12:     bandera_asc = 1;
  1526     071F  01F6               	clrf	_bandera_asc
  1527     0720  0AF6               	incf	_bandera_asc,f
  1528     0721                     l798:
  1529                           
  1530                           ;Contador.c: 13:     bandera_desc = 0;
  1531     0721  01F5               	clrf	_bandera_desc
  1532                           
  1533                           ;Contador.c: 14:     bandera_pausa = 0;
  1534     0722  01F4               	clrf	_bandera_pausa
  1535     0723                     l800:
  1536                           
  1537                           ;Contador.c: 15:     PORTC = decoCC[unidadesA];
  1538     0723  0872               	movf	_unidadesA,w
  1539     0724  3E20               	addlw	(low (_decoCC| 0))& (0+255)
  1540     0725  0086               	movwf	6
  1541     0726  0187               	clrf	7
  1542     0727  0801               	movf	1,w
  1543     0728  0020               	movlb	0	; select bank0
  1544     0729  008E               	movwf	14	;volatile
  1545     072A                     l802:
  1546                           
  1547                           ;Contador.c: 16:     PORTD = decoCC[decenasA];
  1548     072A  0870               	movf	_decenasA,w
  1549     072B  3E20               	addlw	(low (_decoCC| 0))& (0+255)
  1550     072C  0086               	movwf	6
  1551     072D  0187               	clrf	7
  1552     072E  0801               	movf	1,w
  1553     072F  008F               	movwf	15	;volatile
  1554     0730                     l804:
  1555                           
  1556                           ;Contador.c: 18:     unidadesA ++;
  1557     0730  3001               	movlw	1
  1558     0731  07F2               	addwf	_unidadesA,f
  1559     0732  3000               	movlw	0
  1560     0733  3DF3               	addwfc	_unidadesA+1,f
  1561     0734                     l806:
  1562                           
  1563                           ;Contador.c: 19:     if (unidadesA>9){
  1564     0734  0873               	movf	_unidadesA+1,w
  1565     0735  3A80               	xorlw	128
  1566     0736  00FB               	movwf	??_ascendente
  1567     0737  3080               	movlw	128
  1568     0738  027B               	subwf	??_ascendente,w
  1569     0739  1D03               	skipz
  1570     073A  2F3D               	goto	u195
  1571     073B  300A               	movlw	10
  1572     073C  0272               	subwf	_unidadesA,w
  1573     073D                     u195:
  1574     073D  1C03               	skipc
  1575     073E  2F40               	goto	u191
  1576     073F  2F41               	goto	u190
  1577     0740                     u191:
  1578     0740  2F56               	goto	l816
  1579     0741                     u190:
  1580     0741                     l808:
  1581                           
  1582                           ;Contador.c: 20:         unidadesA = 0;
  1583     0741  01F2               	clrf	_unidadesA
  1584     0742  01F3               	clrf	_unidadesA+1
  1585     0743                     l810:
  1586                           
  1587                           ;Contador.c: 21:         decenasA ++;
  1588     0743  3001               	movlw	1
  1589     0744  07F0               	addwf	_decenasA,f
  1590     0745  3000               	movlw	0
  1591     0746  3DF1               	addwfc	_decenasA+1,f
  1592     0747                     l812:
  1593                           
  1594                           ;Contador.c: 22:         if (decenasA>9){
  1595     0747  0871               	movf	_decenasA+1,w
  1596     0748  3A80               	xorlw	128
  1597     0749  00FB               	movwf	??_ascendente
  1598     074A  3080               	movlw	128
  1599     074B  027B               	subwf	??_ascendente,w
  1600     074C  1D03               	skipz
  1601     074D  2F50               	goto	u205
  1602     074E  300A               	movlw	10
  1603     074F  0270               	subwf	_decenasA,w
  1604     0750                     u205:
  1605     0750  1C03               	skipc
  1606     0751  2F53               	goto	u201
  1607     0752  2F54               	goto	u200
  1608     0753                     u201:
  1609     0753  2F56               	goto	l816
  1610     0754                     u200:
  1611     0754                     l814:
  1612                           
  1613                           ;Contador.c: 23:             decenasA = 0;
  1614     0754  01F0               	clrf	_decenasA
  1615     0755  01F1               	clrf	_decenasA+1
  1616     0756                     l816:
  1617                           
  1618                           ;Contador.c: 27:     _delay((unsigned long)((500)*(20000000UL/4000.0)));
  1619     0756  300D               	movlw	13
  1620     0757  00FC               	movwf	??_ascendente+1
  1621     0758  30AF               	movlw	175
  1622     0759  00FB               	movwf	??_ascendente
  1623     075A  30B6               	movlw	182
  1624     075B                     u407:
  1625     075B  0B89               	decfsz	9,f
  1626     075C  2F5B               	goto	u407
  1627     075D  0BFB               	decfsz	??_ascendente,f
  1628     075E  2F5B               	goto	u407
  1629     075F  0BFC               	decfsz	??_ascendente+1,f
  1630     0760  2F5B               	goto	u407
  1631     0761  3200               	nop2
  1632     0762                     l65:
  1633     0762  0008               	return
  1634     0763                     __end_of_ascendente:
  1635     007E                     btemp	set	126	;btemp
  1636     007E                     wtemp0	set	126
  1637                           
  1638                           	psect	config
  1639                           
  1640                           ;Config register CONFIG1 @ 0x8007
  1641                           ;	Oscillator Selection
  1642                           ;	FOSC = HS, HS Oscillator, High-speed crystal/resonator connected between OSC1 and OSC2
      +                           pins
  1643                           ;	Watchdog Timer Enable
  1644                           ;	WDTE = OFF, WDT disabled
  1645                           ;	Power-up Timer Enable
  1646                           ;	PWRTE = OFF, PWRT disabled
  1647                           ;	MCLR Pin Function Select
  1648                           ;	MCLRE = ON, MCLR/VPP pin function is MCLR
  1649                           ;	Flash Program Memory Code Protection
  1650                           ;	CP = OFF, Program memory code protection is disabled
  1651                           ;	Data Memory Code Protection
  1652                           ;	CPD = OFF, Data memory code protection is disabled
  1653                           ;	Brown-out Reset Enable
  1654                           ;	BOREN = ON, Brown-out Reset enabled
  1655                           ;	Clock Out Enable
  1656                           ;	CLKOUTEN = OFF, CLKOUT function is disabled. I/O or oscillator function on the CLKOUT 
      +                          pin
  1657                           ;	Internal/External Switchover
  1658                           ;	IESO = ON, Internal/External Switchover mode is enabled
  1659                           ;	Fail-Safe Clock Monitor Enable
  1660                           ;	FCMEN = ON, Fail-Safe Clock Monitor is enabled
  1661     8007                     	org	32775
  1662     8007  3FE2               	dw	16354
  1663                           
  1664                           ;Config register CONFIG2 @ 0x8008
  1665                           ;	Flash Memory Self-Write Protection
  1666                           ;	WRT = OFF, Write protection off
  1667                           ;	Voltage Regulator Capacitor Enable
  1668                           ;	VCAPEN = OFF, All VCAP pin functionality is disabled
  1669                           ;	PLL Enable
  1670                           ;	PLLEN = OFF, 4x PLL disabled
  1671                           ;	Stack Overflow/Underflow Reset Enable
  1672                           ;	STVREN = ON, Stack Overflow or Underflow will cause a Reset
  1673                           ;	Brown-out Reset Voltage Selection
  1674                           ;	BORV = LO, Brown-out Reset Voltage (Vbor), low trip point selected.
  1675                           ;	Low-Voltage Programming Enable
  1676                           ;	LVP = OFF, High-voltage on MCLR/VPP must be used for programming
  1677     8008                     	org	32776
  1678     8008  1EFF               	dw	7935

Data Sizes:
    Strings     0
    Constant    0
    Data        14
    BSS         7
    Persistent  32
    Stack       0

Auto Spaces:
    Space          Size  Autos    Used
    COMMON           14      2      13
    BANK0            80      0      10
    BANK1            80      0       0
    BANK2            80      0       0
    BANK3            80      0       0
    BANK4            80      0       0
    BANK5            80      0       0
    BANK6            80      0       0
    BANK7            80      0       0
    BANK8            80      0       0
    BANK9            80      0       0
    BANK10           80      0       0
    BANK11           80      0       0
    BANK12           48      0       0

Pointer List with Targets:

    None.

Critical Paths under _main in COMMON

    _main->_ascendente
    _main->_descendente
    _main->_paso_dos

Critical Paths under _main in BANK0

    None.

Critical Paths under _main in BANK1

    None.

Critical Paths under _main in BANK2

    None.

Critical Paths under _main in BANK3

    None.

Critical Paths under _main in BANK4

    None.

Critical Paths under _main in BANK5

    None.

Critical Paths under _main in BANK6

    None.

Critical Paths under _main in BANK7

    None.

Critical Paths under _main in BANK8

    None.

Critical Paths under _main in BANK9

    None.

Critical Paths under _main in BANK10

    None.

Critical Paths under _main in BANK11

    None.

Critical Paths under _main in BANK12

    None.

Call Graph Tables:

 ---------------------------------------------------------------------------------
 (Depth) Function   	        Calls       Base Space   Used Autos Params    Refs
 ---------------------------------------------------------------------------------
 (0) _main                                                 0     0      0       0
                         _ascendente
                        _descendente
                           _paso_dos
                              _pausa
 ---------------------------------------------------------------------------------
 (1) _pausa                                                0     0      0       0
 ---------------------------------------------------------------------------------
 (1) _paso_dos                                             2     2      0       0
                                              0 COMMON     2     2      0
 ---------------------------------------------------------------------------------
 (1) _descendente                                          2     2      0       0
                                              0 COMMON     2     2      0
 ---------------------------------------------------------------------------------
 (1) _ascendente                                           2     2      0       0
                                              0 COMMON     2     2      0
 ---------------------------------------------------------------------------------
 Estimated maximum stack depth 1
 ---------------------------------------------------------------------------------

 Call Graph Graphs:

 _main (ROOT)
   _ascendente
   _descendente
   _paso_dos
   _pausa

 Address spaces:
Name               Size   Autos  Total    Cost      Usage
BIGRAM             3F0      0       0       0        0.0%
EEDATA             100      0       0       0        0.0%
NULL                 0      0       0       0        0.0%
CODE                 0      0       0       0        0.0%
BITCOMMON            E      0       0       1        0.0%
BITSFR0              0      0       0       1        0.0%
SFR0                 0      0       0       1        0.0%
COMMON               E      2       D       2       92.9%
BITSFR1              0      0       0       2        0.0%
SFR1                 0      0       0       2        0.0%
BITSFR2              0      0       0       3        0.0%
SFR2                 0      0       0       3        0.0%
STACK                0      0       0       3        0.0%
BITBANK0            50      0       0       4        0.0%
BITSFR3              0      0       0       4        0.0%
SFR3                 0      0       0       4        0.0%
BANK0               50      0       A       5       12.5%
BITSFR4              0      0       0       5        0.0%
SFR4                 0      0       0       5        0.0%
BITBANK1            50      0       0       6        0.0%
BITSFR5              0      0       0       6        0.0%
SFR5                 0      0       0       6        0.0%
BANK1               50      0       0       7        0.0%
BITSFR6              0      0       0       7        0.0%
SFR6                 0      0       0       7        0.0%
BITBANK2            50      0       0       8        0.0%
BITSFR7              0      0       0       8        0.0%
SFR7                 0      0       0       8        0.0%
BANK2               50      0       0       9        0.0%
BITSFR8              0      0       0       9        0.0%
SFR8                 0      0       0       9        0.0%
BITBANK3            50      0       0      10        0.0%
BITSFR9              0      0       0      10        0.0%
SFR9                 0      0       0      10        0.0%
BANK3               50      0       0      11        0.0%
BITSFR10             0      0       0      11        0.0%
SFR10                0      0       0      11        0.0%
BITBANK4            50      0       0      12        0.0%
BITSFR11             0      0       0      12        0.0%
SFR11                0      0       0      12        0.0%
BANK4               50      0       0      13        0.0%
BITSFR12             0      0       0      13        0.0%
SFR12                0      0       0      13        0.0%
BITBANK5            50      0       0      14        0.0%
BITSFR13             0      0       0      14        0.0%
SFR13                0      0       0      14        0.0%
BANK5               50      0       0      15        0.0%
BITSFR14             0      0       0      15        0.0%
SFR14                0      0       0      15        0.0%
BITBANK6            50      0       0      16        0.0%
BITSFR15             0      0       0      16        0.0%
SFR15                0      0       0      16        0.0%
BANK6               50      0       0      17        0.0%
BITSFR16             0      0       0      17        0.0%
SFR16                0      0       0      17        0.0%
BITBANK7            50      0       0      18        0.0%
BITSFR17             0      0       0      18        0.0%
SFR17                0      0       0      18        0.0%
BANK7               50      0       0      19        0.0%
BITSFR18             0      0       0      19        0.0%
SFR18                0      0       0      19        0.0%
BITSFR19             0      0       0      20        0.0%
SFR19                0      0       0      20        0.0%
ABS                  0      0      17      20        0.0%
BITBANK8            50      0       0      21        0.0%
BITSFR20             0      0       0      21        0.0%
SFR20                0      0       0      21        0.0%
BANK8               50      0       0      22        0.0%
BITSFR21             0      0       0      22        0.0%
SFR21                0      0       0      22        0.0%
BITBANK9            50      0       0      23        0.0%
BITSFR22             0      0       0      23        0.0%
SFR22                0      0       0      23        0.0%
BANK9               50      0       0      24        0.0%
BITSFR23             0      0       0      24        0.0%
SFR23                0      0       0      24        0.0%
BITBANK10           50      0       0      25        0.0%
BITSFR24             0      0       0      25        0.0%
SFR24                0      0       0      25        0.0%
BANK10              50      0       0      26        0.0%
BITSFR25             0      0       0      26        0.0%
SFR25                0      0       0      26        0.0%
BITBANK11           50      0       0      27        0.0%
BITSFR26             0      0       0      27        0.0%
SFR26                0      0       0      27        0.0%
BANK11              50      0       0      28        0.0%
BITSFR27             0      0       0      28        0.0%
SFR27                0      0       0      28        0.0%
BITBANK12           30      0       0      29        0.0%
BITSFR28             0      0       0      29        0.0%
SFR28                0      0       0      29        0.0%
BANK12              30      0       0      30        0.0%
BITSFR29             0      0       0      30        0.0%
SFR29                0      0       0      30        0.0%
BITSFR30             0      0       0      31        0.0%
SFR30                0      0       0      31        0.0%
DATA                 0      0      17      31        0.0%
BITSFR31             0      0       0      32        0.0%
SFR31                0      0       0      32        0.0%


Microchip Technology PIC Macro Assembler V2.41 build 20230208172133 
Symbol Table                                                                                   Tue Aug 29 20:23:11 2023

                     l70 06DD                       l80 07D1                       l65 0762  
                     l73 0693                       l82 07DD                       l68 06D1  
                    l800 0723                      l810 0743                      l802 072A  
                    l812 0747                      l804 0730                      l820 06A9  
                    l900 0719                      l814 0754                      l806 0734  
                    l830 06C1                      l822 06AC                      l808 0741  
                    l816 0756                      l832 06C9                      l824 06B3  
                    l840 0775                      l834 06CD                      l826 06B9  
                    l818 06A8                      l850 0799                      l842 0779  
                    l828 06BD                      l860 07BD                      l844 0786  
                    l852 079B                      l836 0763                      l862 07C1  
                    l846 0788                      l838 0768                      l854 07A7  
                    l870 06E3                      l864 07C9                      l856 07AC  
                    l848 078C                      l880 06F1                      l872 06E5  
                    l866 07CD                      l858 07B9                      l890 0704  
                    l882 06F5                      l874 06E6                      l796 071F  
                    l892 0709                      l884 06F8                      l876 06E8  
                    l868 06DE                      l798 0721                      l894 070D  
                    l886 06FD                      l878 06EC                      l896 0710  
                    l888 0701                      l898 0715                      u200 0754  
                    u201 0753                      u210 06C1                      u211 06C0  
                    u220 06CD                      u300 06F5                      u205 0750  
                    u221 06CC                      u301 06F4                      u230 0768  
                    u310 06FD                      u231 0767                      u311 06FC  
                    u240 0786                      u320 0701                      u241 0785  
                    u321 0700                      u250 0799                      u330 0709  
                    u251 0798                      u331 0708                      u260 07AC  
                    u340 070D                      u261 07AB                      u245 0782  
                    u341 070C                      u190 0741                      u270 07C1  
                    u350 0715                      u407 075B                      u191 0740  
                    u271 07C0                      u255 0795                      u351 0714  
                    u280 07CD                      u360 0719                      u281 07CC  
                    u361 0718                      u290 06F1                      u195 073D  
                    u291 06F0                      u377 07A0                      u387 07D6  
                    u397 06D6                      wreg 0009                     _LATC 010E  
                   _LATD 010F                     _main 06DE                     fsr0h 0005  
                   fsr1h 0007                     fsr0l 0004                     indf1 0001  
                   fsr1l 0006                     btemp 007E                     start 0002  
                  ?_main 007B                    _PORTC 000E                    _PORTD 000F  
                  _TRISC 008E                    _TRISD 008F                    _pausa 0693  
                  status 0003                    wtemp0 007E          __initialization 07DE  
           __end_of_main 071F                   ??_main 007D                   ?_pausa 007B  
                 _ANSELD 018F             _bandera_desc 0075                   _decoCC 0020  
       __end_of_paso_dos 07DE             __pdataCOMMON 0077  __end_of__initialization 07FD  
         __pcstackCOMMON 007B             __pidataBANK0 069E            __end_of_pausa 0694  
                ??_pausa 007B               __pmaintext 06DE               _ascendente 071F  
          _bandera_pausa 0074                ?_paso_dos 007B                  __ptext1 0693  
                __ptext2 0763                  __ptext3 06A8                  __ptext4 071F  
   end_of_initialization 07FD                  init_ram 0698                  initloop 0699  
             ??_paso_dos 007B            ??_descendente 007B              ?_ascendente 007B  
              _PORTBbits 000D                _TRISBbits 008D            __pidataCOMMON 0694  
    __end_of_descendente 06DE      start_initialization 07DE              _bandera_asc 0076  
            __pdataBANK0 0020              __pbssCOMMON 0070                ___latbits 0003  
            _descendente 06A8             ??_ascendente 007B                _unidadesA 0072  
              _unidadesD 0079       __end_of_ascendente 0763               _ANSELBbits 018D  
               _decenasA 0070                 _decenasD 0077                 _paso_dos 0763  
           ?_descendente 007B  
